Started by user Sindhu
Running as SYSTEM
Building in workspace /var/jenkins_home/workspace/eComm-project
The recommended git tool is: NONE
using credential 1dbce7a4-1d18-41fc-a7c2-4f1988b8437d
 > git rev-parse --resolve-git-dir /var/jenkins_home/workspace/eComm-project/.git # timeout=10
Fetching changes from the remote Git repository
 > git config remote.origin.url https://github.com/sindhuhegde13/eCommerce-application # timeout=10
Fetching upstream changes from https://github.com/sindhuhegde13/eCommerce-application
 > git --version # timeout=10
 > git --version # 'git version 2.26.3'
using GIT_SSH to set credentials 
 > git fetch --tags --force --progress -- https://github.com/sindhuhegde13/eCommerce-application +refs/heads/*:refs/remotes/origin/* # timeout=10
 > git rev-parse refs/remotes/origin/main^{commit} # timeout=10
Checking out Revision 60b3bbbd8bcb7cf0983ebacf7c24ec660000c3f5 (refs/remotes/origin/main)
 > git config core.sparsecheckout # timeout=10
 > git checkout -f 60b3bbbd8bcb7cf0983ebacf7c24ec660000c3f5 # timeout=10
Commit message: "[Main Branch] Update Test classes"
 > git rev-list --no-walk 60b3bbbd8bcb7cf0983ebacf7c24ec660000c3f5 # timeout=10
[eComm-project] $ mvn -f starter_code/pom.xml package
[INFO] Scanning for projects...
[WARNING] 
[WARNING] Some problems were encountered while building the effective model for com.example:auth-course:jar:0.0.1-SNAPSHOT
[WARNING] 'dependencies.dependency.version' for org.junit.jupiter:junit-jupiter:jar is either LATEST or RELEASE (both of them are being deprecated) @ line 117, column 13
[WARNING] 
[WARNING] It is highly recommended to fix these problems because they threaten the stability of your build.
[WARNING] 
[WARNING] For this reason, future Maven versions might no longer support building such malformed projects.
[WARNING] 
[INFO] 
[INFO] ----------------------< com.example:auth-course >-----------------------
[INFO] Building auth-course 0.0.1-SNAPSHOT
[INFO] --------------------------------[ jar ]---------------------------------
[INFO] 
[INFO] --- maven-resources-plugin:3.1.0:resources (default-resources) @ auth-course ---
[INFO] Using 'UTF-8' encoding to copy filtered resources.
[INFO] Copying 1 resource
[INFO] Copying 2 resources
[INFO] 
[INFO] --- maven-compiler-plugin:3.8.1:compile (default-compile) @ auth-course ---
[INFO] Nothing to compile - all classes are up to date
[INFO] 
[INFO] --- maven-resources-plugin:3.1.0:testResources (default-testResources) @ auth-course ---
[INFO] Using 'UTF-8' encoding to copy filtered resources.
[INFO] skip non existing resourceDirectory /var/jenkins_home/workspace/eComm-project/starter_code/src/test/resources
[INFO] 
[INFO] --- maven-compiler-plugin:3.8.1:testCompile (default-testCompile) @ auth-course ---
[INFO] Nothing to compile - all classes are up to date
[INFO] 
[INFO] --- maven-surefire-plugin:2.22.2:test (default-test) @ auth-course ---
[INFO] 
[INFO] -------------------------------------------------------
[INFO]  T E S T S
[INFO] -------------------------------------------------------
May 27, 2021 11:22:30 AM org.junit.platform.launcher.core.DefaultLauncher handleThrowable
WARNING: TestEngine with ID 'junit-vintage' failed to discover tests
java.lang.NoClassDefFoundError: org/junit/platform/engine/support/discovery/SelectorResolver
	at org.junit.vintage.engine.VintageTestEngine.discover(VintageTestEngine.java:63)
	at org.junit.platform.launcher.core.DefaultLauncher.discoverEngineRoot(DefaultLauncher.java:168)
	at org.junit.platform.launcher.core.DefaultLauncher.discoverRoot(DefaultLauncher.java:155)
	at org.junit.platform.launcher.core.DefaultLauncher.discover(DefaultLauncher.java:120)
	at org.apache.maven.surefire.junitplatform.TestPlanScannerFilter.accept(TestPlanScannerFilter.java:56)
	at org.apache.maven.surefire.util.DefaultScanResult.applyFilter(DefaultScanResult.java:102)
	at org.apache.maven.surefire.junitplatform.JUnitPlatformProvider.scanClasspath(JUnitPlatformProvider.java:143)
	at org.apache.maven.surefire.junitplatform.JUnitPlatformProvider.invoke(JUnitPlatformProvider.java:124)
	at org.apache.maven.surefire.booter.ForkedBooter.invokeProviderInSameClassLoader(ForkedBooter.java:384)
	at org.apache.maven.surefire.booter.ForkedBooter.runSuitesInProcess(ForkedBooter.java:345)
	at org.apache.maven.surefire.booter.ForkedBooter.execute(ForkedBooter.java:126)
	at org.apache.maven.surefire.booter.ForkedBooter.main(ForkedBooter.java:418)
Caused by: java.lang.ClassNotFoundException: org.junit.platform.engine.support.discovery.SelectorResolver
	at java.net.URLClassLoader.findClass(URLClassLoader.java:382)
	at java.lang.ClassLoader.loadClass(ClassLoader.java:418)
	at sun.misc.Launcher$AppClassLoader.loadClass(Launcher.java:352)
	at java.lang.ClassLoader.loadClass(ClassLoader.java:351)
	... 12 more

May 27, 2021 11:22:31 AM org.junit.platform.launcher.core.DefaultLauncher handleThrowable
WARNING: TestEngine with ID 'junit-vintage' failed to discover tests
java.lang.NoClassDefFoundError: org/junit/platform/engine/support/discovery/SelectorResolver
	at org.junit.vintage.engine.VintageTestEngine.discover(VintageTestEngine.java:63)
	at org.junit.platform.launcher.core.DefaultLauncher.discoverEngineRoot(DefaultLauncher.java:168)
	at org.junit.platform.launcher.core.DefaultLauncher.discoverRoot(DefaultLauncher.java:155)
	at org.junit.platform.launcher.core.DefaultLauncher.discover(DefaultLauncher.java:120)
	at org.apache.maven.surefire.junitplatform.TestPlanScannerFilter.accept(TestPlanScannerFilter.java:56)
	at org.apache.maven.surefire.util.DefaultScanResult.applyFilter(DefaultScanResult.java:102)
	at org.apache.maven.surefire.junitplatform.JUnitPlatformProvider.scanClasspath(JUnitPlatformProvider.java:143)
	at org.apache.maven.surefire.junitplatform.JUnitPlatformProvider.invoke(JUnitPlatformProvider.java:124)
	at org.apache.maven.surefire.booter.ForkedBooter.invokeProviderInSameClassLoader(ForkedBooter.java:384)
	at org.apache.maven.surefire.booter.ForkedBooter.runSuitesInProcess(ForkedBooter.java:345)
	at org.apache.maven.surefire.booter.ForkedBooter.execute(ForkedBooter.java:126)
	at org.apache.maven.surefire.booter.ForkedBooter.main(ForkedBooter.java:418)
Caused by: java.lang.ClassNotFoundException: org.junit.platform.engine.support.discovery.SelectorResolver
	at java.net.URLClassLoader.findClass(URLClassLoader.java:382)
	at java.lang.ClassLoader.loadClass(ClassLoader.java:418)
	at sun.misc.Launcher$AppClassLoader.loadClass(Launcher.java:352)
	at java.lang.ClassLoader.loadClass(ClassLoader.java:351)
	... 12 more

May 27, 2021 11:22:31 AM org.junit.platform.launcher.core.DefaultLauncher handleThrowable
WARNING: TestEngine with ID 'junit-vintage' failed to discover tests
java.lang.NoClassDefFoundError: org/junit/platform/engine/support/discovery/SelectorResolver
	at org.junit.vintage.engine.VintageTestEngine.discover(VintageTestEngine.java:63)
	at org.junit.platform.launcher.core.DefaultLauncher.discoverEngineRoot(DefaultLauncher.java:168)
	at org.junit.platform.launcher.core.DefaultLauncher.discoverRoot(DefaultLauncher.java:155)
	at org.junit.platform.launcher.core.DefaultLauncher.discover(DefaultLauncher.java:120)
	at org.apache.maven.surefire.junitplatform.TestPlanScannerFilter.accept(TestPlanScannerFilter.java:56)
	at org.apache.maven.surefire.util.DefaultScanResult.applyFilter(DefaultScanResult.java:102)
	at org.apache.maven.surefire.junitplatform.JUnitPlatformProvider.scanClasspath(JUnitPlatformProvider.java:143)
	at org.apache.maven.surefire.junitplatform.JUnitPlatformProvider.invoke(JUnitPlatformProvider.java:124)
	at org.apache.maven.surefire.booter.ForkedBooter.invokeProviderInSameClassLoader(ForkedBooter.java:384)
	at org.apache.maven.surefire.booter.ForkedBooter.runSuitesInProcess(ForkedBooter.java:345)
	at org.apache.maven.surefire.booter.ForkedBooter.execute(ForkedBooter.java:126)
	at org.apache.maven.surefire.booter.ForkedBooter.main(ForkedBooter.java:418)
Caused by: java.lang.ClassNotFoundException: org.junit.platform.engine.support.discovery.SelectorResolver
	at java.net.URLClassLoader.findClass(URLClassLoader.java:382)
	at java.lang.ClassLoader.loadClass(ClassLoader.java:418)
	at sun.misc.Launcher$AppClassLoader.loadClass(Launcher.java:352)
	at java.lang.ClassLoader.loadClass(ClassLoader.java:351)
	... 12 more

May 27, 2021 11:22:31 AM org.junit.platform.launcher.core.DefaultLauncher handleThrowable
WARNING: TestEngine with ID 'junit-vintage' failed to discover tests
java.lang.NoClassDefFoundError: org/junit/platform/engine/support/discovery/SelectorResolver
	at org.junit.vintage.engine.VintageTestEngine.discover(VintageTestEngine.java:63)
	at org.junit.platform.launcher.core.DefaultLauncher.discoverEngineRoot(DefaultLauncher.java:168)
	at org.junit.platform.launcher.core.DefaultLauncher.discoverRoot(DefaultLauncher.java:155)
	at org.junit.platform.launcher.core.DefaultLauncher.discover(DefaultLauncher.java:120)
	at org.apache.maven.surefire.junitplatform.TestPlanScannerFilter.accept(TestPlanScannerFilter.java:56)
	at org.apache.maven.surefire.util.DefaultScanResult.applyFilter(DefaultScanResult.java:102)
	at org.apache.maven.surefire.junitplatform.JUnitPlatformProvider.scanClasspath(JUnitPlatformProvider.java:143)
	at org.apache.maven.surefire.junitplatform.JUnitPlatformProvider.invoke(JUnitPlatformProvider.java:124)
	at org.apache.maven.surefire.booter.ForkedBooter.invokeProviderInSameClassLoader(ForkedBooter.java:384)
	at org.apache.maven.surefire.booter.ForkedBooter.runSuitesInProcess(ForkedBooter.java:345)
	at org.apache.maven.surefire.booter.ForkedBooter.execute(ForkedBooter.java:126)
	at org.apache.maven.surefire.booter.ForkedBooter.main(ForkedBooter.java:418)
Caused by: java.lang.ClassNotFoundException: org.junit.platform.engine.support.discovery.SelectorResolver
	at java.net.URLClassLoader.findClass(URLClassLoader.java:382)
	at java.lang.ClassLoader.loadClass(ClassLoader.java:418)
	at sun.misc.Launcher$AppClassLoader.loadClass(Launcher.java:352)
	at java.lang.ClassLoader.loadClass(ClassLoader.java:351)
	... 12 more

May 27, 2021 11:22:31 AM org.junit.platform.launcher.core.DefaultLauncher handleThrowable
WARNING: TestEngine with ID 'junit-vintage' failed to discover tests
java.lang.NoClassDefFoundError: org/junit/platform/engine/support/discovery/SelectorResolver
	at org.junit.vintage.engine.VintageTestEngine.discover(VintageTestEngine.java:63)
	at org.junit.platform.launcher.core.DefaultLauncher.discoverEngineRoot(DefaultLauncher.java:168)
	at org.junit.platform.launcher.core.DefaultLauncher.discoverRoot(DefaultLauncher.java:155)
	at org.junit.platform.launcher.core.DefaultLauncher.discover(DefaultLauncher.java:120)
	at org.apache.maven.surefire.junitplatform.TestPlanScannerFilter.accept(TestPlanScannerFilter.java:56)
	at org.apache.maven.surefire.util.DefaultScanResult.applyFilter(DefaultScanResult.java:102)
	at org.apache.maven.surefire.junitplatform.JUnitPlatformProvider.scanClasspath(JUnitPlatformProvider.java:143)
	at org.apache.maven.surefire.junitplatform.JUnitPlatformProvider.invoke(JUnitPlatformProvider.java:124)
	at org.apache.maven.surefire.booter.ForkedBooter.invokeProviderInSameClassLoader(ForkedBooter.java:384)
	at org.apache.maven.surefire.booter.ForkedBooter.runSuitesInProcess(ForkedBooter.java:345)
	at org.apache.maven.surefire.booter.ForkedBooter.execute(ForkedBooter.java:126)
	at org.apache.maven.surefire.booter.ForkedBooter.main(ForkedBooter.java:418)
Caused by: java.lang.ClassNotFoundException: org.junit.platform.engine.support.discovery.SelectorResolver
	at java.net.URLClassLoader.findClass(URLClassLoader.java:382)
	at java.lang.ClassLoader.loadClass(ClassLoader.java:418)
	at sun.misc.Launcher$AppClassLoader.loadClass(Launcher.java:352)
	at java.lang.ClassLoader.loadClass(ClassLoader.java:351)
	... 12 more

May 27, 2021 11:22:31 AM org.junit.platform.launcher.core.DefaultLauncher handleThrowable
WARNING: TestEngine with ID 'junit-vintage' failed to discover tests
java.lang.NoClassDefFoundError: org/junit/platform/engine/support/discovery/SelectorResolver
	at org.junit.vintage.engine.VintageTestEngine.discover(VintageTestEngine.java:63)
	at org.junit.platform.launcher.core.DefaultLauncher.discoverEngineRoot(DefaultLauncher.java:168)
	at org.junit.platform.launcher.core.DefaultLauncher.discoverRoot(DefaultLauncher.java:155)
	at org.junit.platform.launcher.core.DefaultLauncher.discover(DefaultLauncher.java:120)
	at org.apache.maven.surefire.junitplatform.TestPlanScannerFilter.accept(TestPlanScannerFilter.java:56)
	at org.apache.maven.surefire.util.DefaultScanResult.applyFilter(DefaultScanResult.java:102)
	at org.apache.maven.surefire.junitplatform.JUnitPlatformProvider.scanClasspath(JUnitPlatformProvider.java:143)
	at org.apache.maven.surefire.junitplatform.JUnitPlatformProvider.invoke(JUnitPlatformProvider.java:124)
	at org.apache.maven.surefire.booter.ForkedBooter.invokeProviderInSameClassLoader(ForkedBooter.java:384)
	at org.apache.maven.surefire.booter.ForkedBooter.runSuitesInProcess(ForkedBooter.java:345)
	at org.apache.maven.surefire.booter.ForkedBooter.execute(ForkedBooter.java:126)
	at org.apache.maven.surefire.booter.ForkedBooter.main(ForkedBooter.java:418)
Caused by: java.lang.ClassNotFoundException: org.junit.platform.engine.support.discovery.SelectorResolver
	at java.net.URLClassLoader.findClass(URLClassLoader.java:382)
	at java.lang.ClassLoader.loadClass(ClassLoader.java:418)
	at sun.misc.Launcher$AppClassLoader.loadClass(Launcher.java:352)
	at java.lang.ClassLoader.loadClass(ClassLoader.java:351)
	... 12 more

May 27, 2021 11:22:31 AM org.junit.platform.launcher.core.DefaultLauncher handleThrowable
WARNING: TestEngine with ID 'junit-vintage' failed to discover tests
java.lang.NoClassDefFoundError: org/junit/platform/engine/support/discovery/SelectorResolver
	at org.junit.vintage.engine.VintageTestEngine.discover(VintageTestEngine.java:63)
	at org.junit.platform.launcher.core.DefaultLauncher.discoverEngineRoot(DefaultLauncher.java:168)
	at org.junit.platform.launcher.core.DefaultLauncher.discoverRoot(DefaultLauncher.java:155)
	at org.junit.platform.launcher.core.DefaultLauncher.discover(DefaultLauncher.java:120)
	at org.apache.maven.surefire.junitplatform.TestPlanScannerFilter.accept(TestPlanScannerFilter.java:56)
	at org.apache.maven.surefire.util.DefaultScanResult.applyFilter(DefaultScanResult.java:102)
	at org.apache.maven.surefire.junitplatform.JUnitPlatformProvider.scanClasspath(JUnitPlatformProvider.java:143)
	at org.apache.maven.surefire.junitplatform.JUnitPlatformProvider.invoke(JUnitPlatformProvider.java:124)
	at org.apache.maven.surefire.booter.ForkedBooter.invokeProviderInSameClassLoader(ForkedBooter.java:384)
	at org.apache.maven.surefire.booter.ForkedBooter.runSuitesInProcess(ForkedBooter.java:345)
	at org.apache.maven.surefire.booter.ForkedBooter.execute(ForkedBooter.java:126)
	at org.apache.maven.surefire.booter.ForkedBooter.main(ForkedBooter.java:418)
Caused by: java.lang.ClassNotFoundException: org.junit.platform.engine.support.discovery.SelectorResolver
	at java.net.URLClassLoader.findClass(URLClassLoader.java:382)
	at java.lang.ClassLoader.loadClass(ClassLoader.java:418)
	at sun.misc.Launcher$AppClassLoader.loadClass(Launcher.java:352)
	at java.lang.ClassLoader.loadClass(ClassLoader.java:351)
	... 12 more

May 27, 2021 11:22:31 AM org.junit.platform.launcher.core.DefaultLauncher handleThrowable
WARNING: TestEngine with ID 'junit-vintage' failed to discover tests
java.lang.NoClassDefFoundError: org/junit/platform/engine/support/discovery/SelectorResolver
	at org.junit.vintage.engine.VintageTestEngine.discover(VintageTestEngine.java:63)
	at org.junit.platform.launcher.core.DefaultLauncher.discoverEngineRoot(DefaultLauncher.java:168)
	at org.junit.platform.launcher.core.DefaultLauncher.discoverRoot(DefaultLauncher.java:155)
	at org.junit.platform.launcher.core.DefaultLauncher.execute(DefaultLauncher.java:128)
	at org.apache.maven.surefire.junitplatform.JUnitPlatformProvider.invokeAllTests(JUnitPlatformProvider.java:150)
	at org.apache.maven.surefire.junitplatform.JUnitPlatformProvider.invoke(JUnitPlatformProvider.java:124)
	at org.apache.maven.surefire.booter.ForkedBooter.invokeProviderInSameClassLoader(ForkedBooter.java:384)
	at org.apache.maven.surefire.booter.ForkedBooter.runSuitesInProcess(ForkedBooter.java:345)
	at org.apache.maven.surefire.booter.ForkedBooter.execute(ForkedBooter.java:126)
	at org.apache.maven.surefire.booter.ForkedBooter.main(ForkedBooter.java:418)
Caused by: java.lang.ClassNotFoundException: org.junit.platform.engine.support.discovery.SelectorResolver
	at java.net.URLClassLoader.findClass(URLClassLoader.java:382)
	at java.lang.ClassLoader.loadClass(ClassLoader.java:418)
	at sun.misc.Launcher$AppClassLoader.loadClass(Launcher.java:352)
	at java.lang.ClassLoader.loadClass(ClassLoader.java:351)
	... 10 more

[INFO] Running com.example.demo.security.UserDetailsTest
11:22:33.290 [main] WARN  c.e.d.s.UserDetailsServiceImpl - [Ecomm][User login][Failure]User class org.springframework.security.core.userdetails.UsernameNotFoundException not found
11:22:33.313 [main] INFO  c.e.d.s.UserDetailsServiceImpl - [Ecomm][User login][Success]User test found
[INFO] Tests run: 2, Failures: 0, Errors: 0, Skipped: 0, Time elapsed: 2.724 s - in com.example.demo.security.UserDetailsTest
[INFO] Running com.example.demo.ECommerceApplicationTests

  .   ____          _            __ _ _
 /\\ / ___'_ __ _ _(_)_ __  __ _ \ \ \ \
( ( )\___ | '_ | '_| | '_ \/ _` | \ \ \ \
 \\/  ___)| |_)| | | | | || (_| |  ) ) ) )
  '  |____| .__|_| |_|_| |_\__, | / / / /
 =========|_|==============|___/=/_/_/_/
 :: Spring Boot ::        (v2.1.5.RELEASE)

11:22:37.255 [main] INFO  o.s.d.r.c.RepositoryConfigurationDelegate - Bootstrapping Spring Data repositories in DEFAULT mode.
11:22:37.276 [main] DEBUG o.s.d.r.c.RepositoryConfigurationDelegate - Scanning for repositories in packages com.example.demo.model.persistence.repositories.
11:22:37.398 [main] INFO  o.s.d.r.c.RepositoryConfigurationDelegate - Finished Spring Data repository scanning in 120ms. Found 4 repository interfaces.
11:22:38.932 [main] DEBUG com.zaxxer.hikari.HikariConfig - Driver class org.h2.Driver found in Thread context class loader sun.misc.Launcher$AppClassLoader@3d4eac69
11:22:39.200 [main] DEBUG com.zaxxer.hikari.HikariConfig - HikariPool-1 - configuration:
11:22:39.209 [main] DEBUG com.zaxxer.hikari.HikariConfig - allowPoolSuspension.............false
11:22:39.209 [main] DEBUG com.zaxxer.hikari.HikariConfig - autoCommit......................true
11:22:39.210 [main] DEBUG com.zaxxer.hikari.HikariConfig - catalog.........................none
11:22:39.210 [main] DEBUG com.zaxxer.hikari.HikariConfig - connectionInitSql...............none
11:22:39.211 [main] DEBUG com.zaxxer.hikari.HikariConfig - connectionTestQuery.............none
11:22:39.211 [main] DEBUG com.zaxxer.hikari.HikariConfig - connectionTimeout...............30000
11:22:39.212 [main] DEBUG com.zaxxer.hikari.HikariConfig - dataSource......................none
11:22:39.212 [main] DEBUG com.zaxxer.hikari.HikariConfig - dataSourceClassName.............none
11:22:39.213 [main] DEBUG com.zaxxer.hikari.HikariConfig - dataSourceJNDI..................none
11:22:39.213 [main] DEBUG com.zaxxer.hikari.HikariConfig - dataSourceProperties............{password=<masked>}
11:22:39.214 [main] DEBUG com.zaxxer.hikari.HikariConfig - driverClassName................."org.h2.Driver"
11:22:39.216 [main] DEBUG com.zaxxer.hikari.HikariConfig - healthCheckProperties...........{}
11:22:39.221 [main] DEBUG com.zaxxer.hikari.HikariConfig - healthCheckRegistry.............none
11:22:39.223 [main] DEBUG com.zaxxer.hikari.HikariConfig - idleTimeout.....................600000
11:22:39.223 [main] DEBUG com.zaxxer.hikari.HikariConfig - initializationFailTimeout.......1
11:22:39.224 [main] DEBUG com.zaxxer.hikari.HikariConfig - isolateInternalQueries..........false
11:22:39.224 [main] DEBUG com.zaxxer.hikari.HikariConfig - jdbcUrl.........................jdbc:h2:mem:bootapp;DB_CLOSE_DELAY=-1
11:22:39.224 [main] DEBUG com.zaxxer.hikari.HikariConfig - leakDetectionThreshold..........0
11:22:39.225 [main] DEBUG com.zaxxer.hikari.HikariConfig - maxLifetime.....................1800000
11:22:39.225 [main] DEBUG com.zaxxer.hikari.HikariConfig - maximumPoolSize.................10
11:22:39.225 [main] DEBUG com.zaxxer.hikari.HikariConfig - metricRegistry..................none
11:22:39.229 [main] DEBUG com.zaxxer.hikari.HikariConfig - metricsTrackerFactory...........none
11:22:39.230 [main] DEBUG com.zaxxer.hikari.HikariConfig - minimumIdle.....................10
11:22:39.230 [main] DEBUG com.zaxxer.hikari.HikariConfig - password........................<masked>
11:22:39.230 [main] DEBUG com.zaxxer.hikari.HikariConfig - poolName........................"HikariPool-1"
11:22:39.231 [main] DEBUG com.zaxxer.hikari.HikariConfig - readOnly........................false
11:22:39.234 [main] DEBUG com.zaxxer.hikari.HikariConfig - registerMbeans..................false
11:22:39.235 [main] DEBUG com.zaxxer.hikari.HikariConfig - scheduledExecutor...............none
11:22:39.235 [main] DEBUG com.zaxxer.hikari.HikariConfig - schema..........................none
11:22:39.235 [main] DEBUG com.zaxxer.hikari.HikariConfig - threadFactory...................internal
11:22:39.236 [main] DEBUG com.zaxxer.hikari.HikariConfig - transactionIsolation............default
11:22:39.236 [main] DEBUG com.zaxxer.hikari.HikariConfig - username........................"sa"
11:22:39.236 [main] DEBUG com.zaxxer.hikari.HikariConfig - validationTimeout...............5000
11:22:39.237 [main] INFO  com.zaxxer.hikari.HikariDataSource - HikariPool-1 - Starting...
11:22:39.645 [main] DEBUG com.zaxxer.hikari.pool.HikariPool - HikariPool-1 - Added connection conn0: url=jdbc:h2:mem:bootapp user=SA
11:22:39.647 [main] INFO  com.zaxxer.hikari.HikariDataSource - HikariPool-1 - Start completed.
11:22:39.747 [HikariPool-1 housekeeper] DEBUG com.zaxxer.hikari.pool.HikariPool - HikariPool-1 - Pool stats (total=1, active=0, idle=1, waiting=0)
11:22:39.760 [HikariPool-1 connection adder] DEBUG com.zaxxer.hikari.pool.HikariPool - HikariPool-1 - Added connection conn1: url=jdbc:h2:mem:bootapp user=SA
11:22:39.761 [HikariPool-1 connection adder] DEBUG com.zaxxer.hikari.pool.HikariPool - HikariPool-1 - Added connection conn2: url=jdbc:h2:mem:bootapp user=SA
11:22:39.768 [HikariPool-1 connection adder] DEBUG com.zaxxer.hikari.pool.HikariPool - HikariPool-1 - Added connection conn3: url=jdbc:h2:mem:bootapp user=SA
11:22:39.770 [HikariPool-1 connection adder] DEBUG com.zaxxer.hikari.pool.HikariPool - HikariPool-1 - Added connection conn4: url=jdbc:h2:mem:bootapp user=SA
11:22:39.776 [HikariPool-1 connection adder] DEBUG com.zaxxer.hikari.pool.HikariPool - HikariPool-1 - Added connection conn5: url=jdbc:h2:mem:bootapp user=SA
11:22:39.779 [HikariPool-1 connection adder] DEBUG com.zaxxer.hikari.pool.HikariPool - HikariPool-1 - Added connection conn6: url=jdbc:h2:mem:bootapp user=SA
11:22:39.792 [HikariPool-1 connection adder] DEBUG com.zaxxer.hikari.pool.HikariPool - HikariPool-1 - Added connection conn7: url=jdbc:h2:mem:bootapp user=SA
11:22:39.793 [HikariPool-1 connection adder] DEBUG com.zaxxer.hikari.pool.HikariPool - HikariPool-1 - Added connection conn8: url=jdbc:h2:mem:bootapp user=SA
11:22:39.794 [HikariPool-1 connection adder] DEBUG com.zaxxer.hikari.pool.HikariPool - HikariPool-1 - Added connection conn9: url=jdbc:h2:mem:bootapp user=SA
11:22:39.795 [HikariPool-1 connection adder] DEBUG com.zaxxer.hikari.pool.HikariPool - HikariPool-1 - After adding stats (total=10, active=0, idle=10, waiting=0)
11:22:41.997 [main] DEBUG o.s.d.j.r.c.JpaMetamodelMappingContextFactoryBean - Initializing JpaMetamodelMappingContext…
11:22:42.022 [main] DEBUG o.s.d.j.r.c.JpaMetamodelMappingContextFactoryBean - Finished initializing JpaMetamodelMappingContext!
11:22:42.265 [main] DEBUG o.s.d.r.c.s.RepositoryFactorySupport - Initializing repository instance for com.example.demo.model.persistence.repositories.UserRepository…
11:22:42.373 [main] DEBUG o.s.d.j.r.query.JpaQueryFactory - Looking up query for method findByUsername
11:22:42.377 [main] DEBUG o.s.d.j.repository.query.NamedQuery - Looking up named query User.findByUsername
11:22:42.379 [main] DEBUG o.s.d.j.repository.query.NamedQuery - Did not find named query User.findByUsername
11:22:42.469 [main] DEBUG o.s.d.r.c.s.RepositoryFactorySupport - Finished creation of repository instance for com.example.demo.model.persistence.repositories.UserRepository.
11:22:42.495 [main] DEBUG o.s.d.r.c.s.RepositoryFactorySupport - Initializing repository instance for com.example.demo.model.persistence.repositories.CartRepository…
11:22:42.508 [main] DEBUG o.s.d.j.r.query.JpaQueryFactory - Looking up query for method findByUser
11:22:42.508 [main] DEBUG o.s.d.j.repository.query.NamedQuery - Looking up named query Cart.findByUser
11:22:42.510 [main] DEBUG o.s.d.j.repository.query.NamedQuery - Did not find named query Cart.findByUser
11:22:42.516 [main] DEBUG o.s.d.r.c.s.RepositoryFactorySupport - Finished creation of repository instance for com.example.demo.model.persistence.repositories.CartRepository.
11:22:42.532 [main] DEBUG o.s.d.r.c.s.RepositoryFactorySupport - Initializing repository instance for com.example.demo.model.persistence.repositories.ItemRepository…
11:22:42.544 [main] DEBUG o.s.d.j.r.query.JpaQueryFactory - Looking up query for method findByName
11:22:42.550 [main] DEBUG o.s.d.j.repository.query.NamedQuery - Looking up named query Item.findByName
11:22:42.551 [main] DEBUG o.s.d.j.repository.query.NamedQuery - Did not find named query Item.findByName
11:22:42.556 [main] DEBUG o.s.d.r.c.s.RepositoryFactorySupport - Finished creation of repository instance for com.example.demo.model.persistence.repositories.ItemRepository.
11:22:42.591 [main] DEBUG o.s.d.r.c.s.RepositoryFactorySupport - Initializing repository instance for com.example.demo.model.persistence.repositories.OrderRepository…
11:22:42.600 [main] DEBUG o.s.d.j.r.query.JpaQueryFactory - Looking up query for method findByUser
11:22:42.600 [main] DEBUG o.s.d.j.repository.query.NamedQuery - Looking up named query UserOrder.findByUser
11:22:42.601 [main] DEBUG o.s.d.j.repository.query.NamedQuery - Did not find named query UserOrder.findByUser
11:22:42.605 [main] DEBUG o.s.d.r.c.s.RepositoryFactorySupport - Finished creation of repository instance for com.example.demo.model.persistence.repositories.OrderRepository.
[INFO] Tests run: 1, Failures: 0, Errors: 0, Skipped: 0, Time elapsed: 11.362 s - in com.example.demo.ECommerceApplicationTests
[INFO] Running com.example.demo.model.ModelMethodTest
[INFO] Tests run: 3, Failures: 0, Errors: 0, Skipped: 0, Time elapsed: 0.14 s - in com.example.demo.model.ModelMethodTest
[INFO] Running com.example.demo.controllers.OrderControllerTest
11:22:45.978 [main] ERROR c.e.demo.controllers.OrderController - [Ecomm][Order Submit][Fail] User not found
11:22:45.994 [main] ERROR c.e.demo.controllers.OrderController - [Ecomm][Get Order][Fail] User not found
11:22:45.996 [main] INFO  c.e.demo.controllers.OrderController - [Ecomm][Order Submit][Success] Order null saved successfully :
11:22:45.997 [main] INFO  c.e.demo.controllers.OrderController - [Ecomm][Get Order][Success]Order found successfully for usertestUser
[INFO] Tests run: 2, Failures: 0, Errors: 0, Skipped: 0, Time elapsed: 0.117 s - in com.example.demo.controllers.OrderControllerTest
[INFO] Running com.example.demo.controllers.CartControllerTest
11:22:46.167 [main] INFO  c.e.demo.controllers.CartController - [Ecomm][AddToCart][Success] Added to Cart successfully null
11:22:46.169 [main] INFO  c.e.demo.controllers.CartController - [Ecomm][RemoveFromCart][Success] Removed from cart successfully
11:22:46.173 [main] ERROR c.e.demo.controllers.CartController - [Ecomm][AddToCart][Failure] Item not found
11:22:46.173 [main] ERROR c.e.demo.controllers.CartController - [Ecomm][RemoveFromCart][Failure] Item not found
11:22:46.174 [main] ERROR c.e.demo.controllers.CartController - [Ecomm][AddToCart][Failure] User not found
11:22:46.175 [main] ERROR c.e.demo.controllers.CartController - [Ecomm][RemoveFromCart][Failure] User not found
[INFO] Tests run: 3, Failures: 0, Errors: 0, Skipped: 0, Time elapsed: 0.164 s - in com.example.demo.controllers.CartControllerTest
[INFO] Running com.example.demo.controllers.ItemControllerTest
[INFO] Tests run: 3, Failures: 0, Errors: 0, Skipped: 0, Time elapsed: 0.009 s - in com.example.demo.controllers.ItemControllerTest
[INFO] Running com.example.demo.controllers.UserControllerTest
11:22:46.336 [main] INFO  c.e.demo.controllers.UserController - [Ecomm][CreateUser] Creating User - createUser method
11:22:46.337 [main] ERROR c.e.demo.controllers.UserController - [Ecomm][CreateUser][Fail] User creation failed - Atleast 7 characters needed for password
11:22:46.344 [main] INFO  c.e.demo.controllers.UserController - [Ecomm][CreateUser] Creating User - createUser method
11:22:46.351 [main] ERROR c.e.demo.controllers.UserController - [Ecomm][CreateUser][Fail] User creation failed - Atleast 7 characters needed for password
11:22:46.353 [main] INFO  c.e.demo.controllers.UserController - [Ecomm][CreateUser] Creating User - createUser method
11:22:46.354 [main] INFO  c.e.demo.controllers.UserController - [Ecomm][CreateUser][Success] User testUser created successfully
[INFO] Tests run: 6, Failures: 0, Errors: 0, Skipped: 0, Time elapsed: 0.153 s - in com.example.demo.controllers.UserControllerTest
11:22:46.402 [Thread-3] INFO  com.zaxxer.hikari.HikariDataSource - HikariPool-1 - Shutdown initiated...
11:22:46.403 [Thread-3] DEBUG com.zaxxer.hikari.pool.HikariPool - HikariPool-1 - Before shutdown stats (total=10, active=0, idle=10, waiting=0)
11:22:46.406 [HikariPool-1 connection closer] DEBUG com.zaxxer.hikari.pool.PoolBase - HikariPool-1 - Closing connection conn0: url=jdbc:h2:mem:bootapp user=SA: (connection evicted)
11:22:46.407 [HikariPool-1 connection closer] DEBUG com.zaxxer.hikari.pool.PoolBase - HikariPool-1 - Closing connection conn1: url=jdbc:h2:mem:bootapp user=SA: (connection evicted)
11:22:46.407 [HikariPool-1 connection closer] DEBUG com.zaxxer.hikari.pool.PoolBase - HikariPool-1 - Closing connection conn2: url=jdbc:h2:mem:bootapp user=SA: (connection evicted)
11:22:46.407 [HikariPool-1 connection closer] DEBUG com.zaxxer.hikari.pool.PoolBase - HikariPool-1 - Closing connection conn3: url=jdbc:h2:mem:bootapp user=SA: (connection evicted)
11:22:46.408 [HikariPool-1 connection closer] DEBUG com.zaxxer.hikari.pool.PoolBase - HikariPool-1 - Closing connection conn4: url=jdbc:h2:mem:bootapp user=SA: (connection evicted)
11:22:46.408 [HikariPool-1 connection closer] DEBUG com.zaxxer.hikari.pool.PoolBase - HikariPool-1 - Closing connection conn5: url=jdbc:h2:mem:bootapp user=SA: (connection evicted)
11:22:46.408 [HikariPool-1 connection closer] DEBUG com.zaxxer.hikari.pool.PoolBase - HikariPool-1 - Closing connection conn6: url=jdbc:h2:mem:bootapp user=SA: (connection evicted)
11:22:46.409 [HikariPool-1 connection closer] DEBUG com.zaxxer.hikari.pool.PoolBase - HikariPool-1 - Closing connection conn7: url=jdbc:h2:mem:bootapp user=SA: (connection evicted)
11:22:46.410 [HikariPool-1 connection closer] DEBUG com.zaxxer.hikari.pool.PoolBase - HikariPool-1 - Closing connection conn8: url=jdbc:h2:mem:bootapp user=SA: (connection evicted)
11:22:46.411 [HikariPool-1 connection closer] DEBUG com.zaxxer.hikari.pool.PoolBase - HikariPool-1 - Closing connection conn9: url=jdbc:h2:mem:bootapp user=SA: (connection evicted)
11:22:46.414 [Thread-3] DEBUG com.zaxxer.hikari.pool.HikariPool - HikariPool-1 - After shutdown stats (total=0, active=0, idle=0, waiting=0)
11:22:46.414 [Thread-3] INFO  com.zaxxer.hikari.HikariDataSource - HikariPool-1 - Shutdown completed.
[INFO] 
[INFO] Results:
[INFO] 
[INFO] Tests run: 20, Failures: 0, Errors: 0, Skipped: 0
[INFO] 
[INFO] 
[INFO] --- maven-jar-plugin:3.1.1:jar (default-jar) @ auth-course ---
Downloading from central: https://repo.maven.apache.org/maven2/org/apache/maven/maven-archiver/3.3.0/maven-archiver-3.3.0.pom
Progress (1): 2.7/4.4 kB
Progress (1): 4.4 kB    
                    
Downloaded from central: https://repo.maven.apache.org/maven2/org/apache/maven/maven-archiver/3.3.0/maven-archiver-3.3.0.pom (4.4 kB at 7.0 kB/s)
Downloading from central: https://repo.maven.apache.org/maven2/org/apache/maven/shared/maven-shared-components/33/maven-shared-components-33.pom
Progress (1): 2.7/5.1 kB
Progress (1): 5.1 kB    
                    
Downloaded from central: https://repo.maven.apache.org/maven2/org/apache/maven/shared/maven-shared-components/33/maven-shared-components-33.pom (5.1 kB at 232 kB/s)
Downloading from central: https://repo.maven.apache.org/maven2/org/codehaus/plexus/plexus-archiver/3.6.0/plexus-archiver-3.6.0.pom
Progress (1): 2.7/4.8 kB
Progress (1): 4.8 kB    
                    
Downloaded from central: https://repo.maven.apache.org/maven2/org/codehaus/plexus/plexus-archiver/3.6.0/plexus-archiver-3.6.0.pom (4.8 kB at 283 kB/s)
Downloading from central: https://repo.maven.apache.org/maven2/org/codehaus/plexus/plexus/5.0/plexus-5.0.pom
Progress (1): 2.7/21 kB
Progress (1): 5.5/21 kB
Progress (1): 8.2/21 kB
Progress (1): 11/21 kB 
Progress (1): 14/21 kB
Progress (1): 16/21 kB
Progress (1): 19/21 kB
Progress (1): 21 kB   
                   
Downloaded from central: https://repo.maven.apache.org/maven2/org/codehaus/plexus/plexus/5.0/plexus-5.0.pom (21 kB at 711 kB/s)
Downloading from central: https://repo.maven.apache.org/maven2/org/codehaus/plexus/plexus-io/3.0.1/plexus-io-3.0.1.pom
Progress (1): 2.7/4.5 kB
Progress (1): 4.5 kB    
                    
Downloaded from central: https://repo.maven.apache.org/maven2/org/codehaus/plexus/plexus-io/3.0.1/plexus-io-3.0.1.pom (4.5 kB at 267 kB/s)
Downloading from central: https://repo.maven.apache.org/maven2/commons-io/commons-io/2.6/commons-io-2.6.pom
Progress (1): 2.7/14 kB
Progress (1): 5.5/14 kB
Progress (1): 8.2/14 kB
Progress (1): 11/14 kB 
Progress (1): 14/14 kB
Progress (1): 14 kB   
                   
Downloaded from central: https://repo.maven.apache.org/maven2/commons-io/commons-io/2.6/commons-io-2.6.pom (14 kB at 648 kB/s)
Downloading from central: https://repo.maven.apache.org/maven2/org/apache/commons/commons-compress/1.16.1/commons-compress-1.16.1.pom
Progress (1): 2.7/16 kB
Progress (1): 5.5/16 kB
Progress (1): 8.2/16 kB
Progress (1): 11/16 kB 
Progress (1): 14/16 kB
Progress (1): 16 kB   
                   
Downloaded from central: https://repo.maven.apache.org/maven2/org/apache/commons/commons-compress/1.16.1/commons-compress-1.16.1.pom (16 kB at 558 kB/s)
Downloading from central: https://repo.maven.apache.org/maven2/org/apache/commons/commons-parent/43/commons-parent-43.pom
Progress (1): 2.7/70 kB
Progress (1): 5.5/70 kB
Progress (1): 8.2/70 kB
Progress (1): 11/70 kB 
Progress (1): 14/70 kB
Progress (1): 16/70 kB
Progress (1): 19/70 kB
Progress (1): 22/70 kB
Progress (1): 25/70 kB
Progress (1): 27/70 kB
Progress (1): 30/70 kB
Progress (1): 33/70 kB
Progress (1): 36/70 kB
Progress (1): 38/70 kB
Progress (1): 41/70 kB
Progress (1): 44/70 kB
Progress (1): 47/70 kB
Progress (1): 49/70 kB
Progress (1): 52/70 kB
Progress (1): 55/70 kB
Progress (1): 58/70 kB
Progress (1): 60/70 kB
Progress (1): 63/70 kB
Progress (1): 66/70 kB
Progress (1): 69/70 kB
Progress (1): 70 kB   
                   
Downloaded from central: https://repo.maven.apache.org/maven2/org/apache/commons/commons-parent/43/commons-parent-43.pom (70 kB at 1.2 MB/s)
Downloading from central: https://repo.maven.apache.org/maven2/org/iq80/snappy/snappy/0.4/snappy-0.4.pom
Progress (1): 2.7/15 kB
Progress (1): 5.5/15 kB
Progress (1): 8.2/15 kB
Progress (1): 11/15 kB 
Progress (1): 14/15 kB
Progress (1): 15 kB   
                   
Downloaded from central: https://repo.maven.apache.org/maven2/org/iq80/snappy/snappy/0.4/snappy-0.4.pom (15 kB at 765 kB/s)
Downloading from central: https://repo.maven.apache.org/maven2/org/tukaani/xz/1.8/xz-1.8.pom
Progress (1): 1.9 kB
                    
Downloaded from central: https://repo.maven.apache.org/maven2/org/tukaani/xz/1.8/xz-1.8.pom (1.9 kB at 272 kB/s)
Downloading from central: https://repo.maven.apache.org/maven2/org/codehaus/plexus/plexus-interpolation/1.25/plexus-interpolation-1.25.pom
Progress (1): 2.6 kB
                    
Downloaded from central: https://repo.maven.apache.org/maven2/org/codehaus/plexus/plexus-interpolation/1.25/plexus-interpolation-1.25.pom (2.6 kB at 221 kB/s)
Downloading from central: https://repo.maven.apache.org/maven2/org/codehaus/plexus/plexus/5.1/plexus-5.1.pom
Progress (1): 2.7/23 kB
Progress (1): 5.5/23 kB
Progress (1): 8.2/23 kB
Progress (1): 11/23 kB 
Progress (1): 14/23 kB
Progress (1): 16/23 kB
Progress (1): 19/23 kB
Progress (1): 22/23 kB
Progress (1): 23 kB   
                   
Downloaded from central: https://repo.maven.apache.org/maven2/org/codehaus/plexus/plexus/5.1/plexus-5.1.pom (23 kB at 750 kB/s)
Downloading from central: https://repo.maven.apache.org/maven2/org/codehaus/plexus/plexus-archiver/3.7.0/plexus-archiver-3.7.0.pom
Progress (1): 2.7/4.8 kB
Progress (1): 4.8 kB    
                    
Downloaded from central: https://repo.maven.apache.org/maven2/org/codehaus/plexus/plexus-archiver/3.7.0/plexus-archiver-3.7.0.pom (4.8 kB at 202 kB/s)
Downloading from central: https://repo.maven.apache.org/maven2/org/codehaus/plexus/plexus-io/3.1.0/plexus-io-3.1.0.pom
Progress (1): 2.7/4.5 kB
Progress (1): 4.5 kB    
                    
Downloaded from central: https://repo.maven.apache.org/maven2/org/codehaus/plexus/plexus-io/3.1.0/plexus-io-3.1.0.pom (4.5 kB at 413 kB/s)
Downloading from central: https://repo.maven.apache.org/maven2/org/apache/commons/commons-compress/1.18/commons-compress-1.18.pom
Progress (1): 4.1/18 kB
Progress (1): 8.2/18 kB
Progress (1): 12/18 kB 
Progress (1): 16/18 kB
Progress (1): 18 kB   
                   
Downloaded from central: https://repo.maven.apache.org/maven2/org/apache/commons/commons-compress/1.18/commons-compress-1.18.pom (18 kB at 1.0 MB/s)
Downloading from central: https://repo.maven.apache.org/maven2/org/apache/commons/commons-parent/47/commons-parent-47.pom
Progress (1): 4.1/78 kB
Progress (1): 8.2/78 kB
Progress (1): 12/78 kB 
Progress (1): 16/78 kB
Progress (1): 20/78 kB
Progress (1): 25/78 kB
Progress (1): 29/78 kB
Progress (1): 33/78 kB
Progress (1): 37/78 kB
Progress (1): 41/78 kB
Progress (1): 45/78 kB
Progress (1): 49/78 kB
Progress (1): 53/78 kB
Progress (1): 57/78 kB
Progress (1): 61/78 kB
Progress (1): 66/78 kB
Progress (1): 70/78 kB
Progress (1): 74/78 kB
Progress (1): 78 kB   
                   
Downloaded from central: https://repo.maven.apache.org/maven2/org/apache/commons/commons-parent/47/commons-parent-47.pom (78 kB at 1.5 MB/s)
Downloading from central: https://repo.maven.apache.org/maven2/org/apache/maven/maven-archiver/3.3.0/maven-archiver-3.3.0.jar
Downloading from central: https://repo.maven.apache.org/maven2/org/codehaus/plexus/plexus-archiver/3.7.0/plexus-archiver-3.7.0.jar
Downloading from central: https://repo.maven.apache.org/maven2/org/codehaus/plexus/plexus-io/3.1.0/plexus-io-3.1.0.jar
Downloading from central: https://repo.maven.apache.org/maven2/org/iq80/snappy/snappy/0.4/snappy-0.4.jar
Downloading from central: https://repo.maven.apache.org/maven2/org/apache/commons/commons-compress/1.18/commons-compress-1.18.jar
Progress (1): 4.1/24 kB
Progress (1): 8.2/24 kB
Progress (1): 12/24 kB 
Progress (1): 16/24 kB
Progress (1): 20/24 kB
Progress (1): 24 kB   
Progress (2): 24 kB | 2.7/58 kB
Progress (2): 24 kB | 5.5/58 kB
Progress (2): 24 kB | 8.2/58 kB
                               
Downloaded from central: https://repo.maven.apache.org/maven2/org/apache/maven/maven-archiver/3.3.0/maven-archiver-3.3.0.jar (24 kB at 306 kB/s)
Progress (2): 8.2/58 kB | 2.7/192 kB
Progress (2): 8.2/58 kB | 5.5/192 kB
Progress (2): 8.2/58 kB | 8.2/192 kB
Progress (2): 8.2/58 kB | 11/192 kB 
Progress (3): 8.2/58 kB | 11/192 kB | 2.7/592 kB
Progress (3): 8.2/58 kB | 11/192 kB | 5.5/592 kB
Progress (4): 8.2/58 kB | 11/192 kB | 5.5/592 kB | 2.7/75 kB
Progress (4): 8.2/58 kB | 11/192 kB | 5.5/592 kB | 5.5/75 kB
Progress (4): 8.2/58 kB | 11/192 kB | 5.5/592 kB | 8.2/75 kB
Progress (4): 8.2/58 kB | 11/192 kB | 5.5/592 kB | 11/75 kB 
Progress (4): 8.2/58 kB | 11/192 kB | 8.2/592 kB | 11/75 kB
Progress (4): 8.2/58 kB | 11/192 kB | 11/592 kB | 11/75 kB 
                                                          
Downloading from central: https://repo.maven.apache.org/maven2/org/tukaani/xz/1.8/xz-1.8.jar
Progress (4): 8.2/58 kB | 11/192 kB | 11/592 kB | 14/75 kB
Progress (4): 8.2/58 kB | 14/192 kB | 11/592 kB | 14/75 kB
Progress (4): 8.2/58 kB | 16/192 kB | 11/592 kB | 14/75 kB
Progress (4): 8.2/58 kB | 19/192 kB | 11/592 kB | 14/75 kB
Progress (4): 8.2/58 kB | 22/192 kB | 11/592 kB | 14/75 kB
Progress (4): 8.2/58 kB | 22/192 kB | 14/592 kB | 14/75 kB
Progress (4): 8.2/58 kB | 22/192 kB | 16/592 kB | 14/75 kB
Progress (4): 8.2/58 kB | 22/192 kB | 19/592 kB | 14/75 kB
Progress (5): 8.2/58 kB | 22/192 kB | 19/592 kB | 14/75 kB | 4.1/109 kB
Progress (5): 11/58 kB | 22/192 kB | 19/592 kB | 14/75 kB | 4.1/109 kB 
Progress (5): 14/58 kB | 22/192 kB | 19/592 kB | 14/75 kB | 4.1/109 kB
Progress (5): 16/58 kB | 22/192 kB | 19/592 kB | 14/75 kB | 4.1/109 kB
Progress (5): 19/58 kB | 22/192 kB | 19/592 kB | 14/75 kB | 4.1/109 kB
Progress (5): 22/58 kB | 22/192 kB | 19/592 kB | 14/75 kB | 4.1/109 kB
Progress (5): 25/58 kB | 22/192 kB | 19/592 kB | 14/75 kB | 4.1/109 kB
Progress (5): 27/58 kB | 22/192 kB | 19/592 kB | 14/75 kB | 4.1/109 kB
Progress (5): 27/58 kB | 22/192 kB | 19/592 kB | 16/75 kB | 4.1/109 kB
Progress (5): 27/58 kB | 22/192 kB | 19/592 kB | 19/75 kB | 4.1/109 kB
Progress (5): 27/58 kB | 22/192 kB | 19/592 kB | 22/75 kB | 4.1/109 kB
Progress (5): 27/58 kB | 22/192 kB | 19/592 kB | 25/75 kB | 4.1/109 kB
Progress (5): 27/58 kB | 22/192 kB | 19/592 kB | 27/75 kB | 4.1/109 kB
Progress (5): 27/58 kB | 22/192 kB | 19/592 kB | 30/75 kB | 4.1/109 kB
Progress (5): 27/58 kB | 22/192 kB | 19/592 kB | 33/75 kB | 4.1/109 kB
Progress (5): 27/58 kB | 22/192 kB | 22/592 kB | 33/75 kB | 4.1/109 kB
Progress (5): 27/58 kB | 22/192 kB | 22/592 kB | 33/75 kB | 8.2/109 kB
Progress (5): 27/58 kB | 22/192 kB | 22/592 kB | 33/75 kB | 12/109 kB 
Progress (5): 27/58 kB | 22/192 kB | 22/592 kB | 33/75 kB | 16/109 kB
Progress (5): 27/58 kB | 22/192 kB | 22/592 kB | 33/75 kB | 20/109 kB
Progress (5): 27/58 kB | 22/192 kB | 22/592 kB | 33/75 kB | 25/109 kB
Progress (5): 27/58 kB | 22/192 kB | 22/592 kB | 33/75 kB | 29/109 kB
Progress (5): 27/58 kB | 25/192 kB | 22/592 kB | 33/75 kB | 29/109 kB
Progress (5): 27/58 kB | 27/192 kB | 22/592 kB | 33/75 kB | 29/109 kB
Progress (5): 27/58 kB | 30/192 kB | 22/592 kB | 33/75 kB | 29/109 kB
Progress (5): 27/58 kB | 33/192 kB | 22/592 kB | 33/75 kB | 29/109 kB
Progress (5): 27/58 kB | 36/192 kB | 22/592 kB | 33/75 kB | 29/109 kB
Progress (5): 27/58 kB | 38/192 kB | 22/592 kB | 33/75 kB | 29/109 kB
Progress (5): 27/58 kB | 41/192 kB | 22/592 kB | 33/75 kB | 29/109 kB
Progress (5): 27/58 kB | 41/192 kB | 22/592 kB | 36/75 kB | 29/109 kB
Progress (5): 27/58 kB | 41/192 kB | 25/592 kB | 36/75 kB | 29/109 kB
Progress (5): 27/58 kB | 41/192 kB | 27/592 kB | 36/75 kB | 29/109 kB
Progress (5): 27/58 kB | 41/192 kB | 30/592 kB | 36/75 kB | 29/109 kB
Progress (5): 27/58 kB | 41/192 kB | 33/592 kB | 36/75 kB | 29/109 kB
Progress (5): 27/58 kB | 41/192 kB | 36/592 kB | 36/75 kB | 29/109 kB
Progress (5): 30/58 kB | 41/192 kB | 36/592 kB | 36/75 kB | 29/109 kB
Progress (5): 33/58 kB | 41/192 kB | 36/592 kB | 36/75 kB | 29/109 kB
Progress (5): 36/58 kB | 41/192 kB | 36/592 kB | 36/75 kB | 29/109 kB
Progress (5): 38/58 kB | 41/192 kB | 36/592 kB | 36/75 kB | 29/109 kB
Progress (5): 38/58 kB | 41/192 kB | 36/592 kB | 36/75 kB | 33/109 kB
Progress (5): 38/58 kB | 41/192 kB | 36/592 kB | 36/75 kB | 37/109 kB
Progress (5): 38/58 kB | 41/192 kB | 36/592 kB | 36/75 kB | 41/109 kB
Progress (5): 38/58 kB | 41/192 kB | 36/592 kB | 36/75 kB | 45/109 kB
Progress (5): 38/58 kB | 41/192 kB | 36/592 kB | 36/75 kB | 49/109 kB
Progress (5): 38/58 kB | 41/192 kB | 36/592 kB | 36/75 kB | 53/109 kB
Progress (5): 38/58 kB | 41/192 kB | 36/592 kB | 36/75 kB | 57/109 kB
Progress (5): 38/58 kB | 41/192 kB | 36/592 kB | 36/75 kB | 61/109 kB
Progress (5): 38/58 kB | 41/192 kB | 36/592 kB | 36/75 kB | 66/109 kB
Progress (5): 38/58 kB | 41/192 kB | 36/592 kB | 38/75 kB | 66/109 kB
Progress (5): 38/58 kB | 41/192 kB | 36/592 kB | 41/75 kB | 66/109 kB
Progress (5): 38/58 kB | 41/192 kB | 36/592 kB | 44/75 kB | 66/109 kB
Progress (5): 38/58 kB | 41/192 kB | 36/592 kB | 47/75 kB | 66/109 kB
Progress (5): 38/58 kB | 41/192 kB | 36/592 kB | 49/75 kB | 66/109 kB
Progress (5): 38/58 kB | 41/192 kB | 36/592 kB | 52/75 kB | 66/109 kB
Progress (5): 38/58 kB | 41/192 kB | 36/592 kB | 55/75 kB | 66/109 kB
Progress (5): 38/58 kB | 41/192 kB | 38/592 kB | 55/75 kB | 66/109 kB
Progress (5): 38/58 kB | 41/192 kB | 41/592 kB | 55/75 kB | 66/109 kB
Progress (5): 38/58 kB | 41/192 kB | 44/592 kB | 55/75 kB | 66/109 kB
Progress (5): 38/58 kB | 41/192 kB | 47/592 kB | 55/75 kB | 66/109 kB
Progress (5): 38/58 kB | 41/192 kB | 49/592 kB | 55/75 kB | 66/109 kB
Progress (5): 38/58 kB | 44/192 kB | 49/592 kB | 55/75 kB | 66/109 kB
Progress (5): 38/58 kB | 47/192 kB | 49/592 kB | 55/75 kB | 66/109 kB
Progress (5): 38/58 kB | 49/192 kB | 49/592 kB | 55/75 kB | 66/109 kB
Progress (5): 38/58 kB | 52/192 kB | 49/592 kB | 55/75 kB | 66/109 kB
Progress (5): 38/58 kB | 55/192 kB | 49/592 kB | 55/75 kB | 66/109 kB
Progress (5): 38/58 kB | 58/192 kB | 49/592 kB | 55/75 kB | 66/109 kB
Progress (5): 38/58 kB | 60/192 kB | 49/592 kB | 55/75 kB | 66/109 kB
Progress (5): 41/58 kB | 60/192 kB | 49/592 kB | 55/75 kB | 66/109 kB
Progress (5): 44/58 kB | 60/192 kB | 49/592 kB | 55/75 kB | 66/109 kB
Progress (5): 47/58 kB | 60/192 kB | 49/592 kB | 55/75 kB | 66/109 kB
Progress (5): 49/58 kB | 60/192 kB | 49/592 kB | 55/75 kB | 66/109 kB
Progress (5): 52/58 kB | 60/192 kB | 49/592 kB | 55/75 kB | 66/109 kB
Progress (5): 55/58 kB | 60/192 kB | 49/592 kB | 55/75 kB | 66/109 kB
Progress (5): 55/58 kB | 60/192 kB | 49/592 kB | 58/75 kB | 66/109 kB
Progress (5): 55/58 kB | 60/192 kB | 49/592 kB | 60/75 kB | 66/109 kB
Progress (5): 55/58 kB | 60/192 kB | 52/592 kB | 60/75 kB | 66/109 kB
Progress (5): 55/58 kB | 60/192 kB | 55/592 kB | 60/75 kB | 66/109 kB
Progress (5): 55/58 kB | 60/192 kB | 58/592 kB | 60/75 kB | 66/109 kB
Progress (5): 55/58 kB | 60/192 kB | 60/592 kB | 60/75 kB | 66/109 kB
Progress (5): 55/58 kB | 60/192 kB | 60/592 kB | 60/75 kB | 70/109 kB
Progress (5): 55/58 kB | 60/192 kB | 60/592 kB | 60/75 kB | 74/109 kB
Progress (5): 55/58 kB | 60/192 kB | 60/592 kB | 60/75 kB | 78/109 kB
Progress (5): 55/58 kB | 60/192 kB | 60/592 kB | 60/75 kB | 82/109 kB
Progress (5): 55/58 kB | 60/192 kB | 60/592 kB | 60/75 kB | 86/109 kB
Progress (5): 55/58 kB | 60/192 kB | 60/592 kB | 60/75 kB | 90/109 kB
Progress (5): 55/58 kB | 60/192 kB | 60/592 kB | 60/75 kB | 94/109 kB
Progress (5): 55/58 kB | 60/192 kB | 60/592 kB | 60/75 kB | 98/109 kB
Progress (5): 55/58 kB | 60/192 kB | 60/592 kB | 60/75 kB | 102/109 kB
Progress (5): 55/58 kB | 60/192 kB | 60/592 kB | 60/75 kB | 106/109 kB
Progress (5): 55/58 kB | 63/192 kB | 60/592 kB | 60/75 kB | 106/109 kB
Progress (5): 58/58 kB | 63/192 kB | 60/592 kB | 60/75 kB | 106/109 kB
Progress (5): 58 kB | 63/192 kB | 60/592 kB | 60/75 kB | 106/109 kB   
Progress (5): 58 kB | 63/192 kB | 60/592 kB | 63/75 kB | 106/109 kB
Progress (5): 58 kB | 63/192 kB | 60/592 kB | 66/75 kB | 106/109 kB
Progress (5): 58 kB | 63/192 kB | 60/592 kB | 69/75 kB | 106/109 kB
Progress (5): 58 kB | 63/192 kB | 60/592 kB | 71/75 kB | 106/109 kB
Progress (5): 58 kB | 63/192 kB | 60/592 kB | 74/75 kB | 106/109 kB
Progress (5): 58 kB | 63/192 kB | 60/592 kB | 75 kB | 106/109 kB   
Progress (5): 58 kB | 66/192 kB | 60/592 kB | 75 kB | 106/109 kB
Progress (5): 58 kB | 69/192 kB | 60/592 kB | 75 kB | 106/109 kB
Progress (5): 58 kB | 71/192 kB | 60/592 kB | 75 kB | 106/109 kB
Progress (5): 58 kB | 74/192 kB | 60/592 kB | 75 kB | 106/109 kB
Progress (5): 58 kB | 77/192 kB | 60/592 kB | 75 kB | 106/109 kB
Progress (5): 58 kB | 80/192 kB | 60/592 kB | 75 kB | 106/109 kB
Progress (5): 58 kB | 82/192 kB | 60/592 kB | 75 kB | 106/109 kB
Progress (5): 58 kB | 85/192 kB | 60/592 kB | 75 kB | 106/109 kB
Progress (5): 58 kB | 88/192 kB | 60/592 kB | 75 kB | 106/109 kB
Progress (5): 58 kB | 88/192 kB | 63/592 kB | 75 kB | 106/109 kB
Progress (5): 58 kB | 88/192 kB | 66/592 kB | 75 kB | 106/109 kB
Progress (5): 58 kB | 88/192 kB | 69/592 kB | 75 kB | 106/109 kB
Progress (5): 58 kB | 88/192 kB | 71/592 kB | 75 kB | 106/109 kB
Progress (5): 58 kB | 88/192 kB | 74/592 kB | 75 kB | 106/109 kB
Progress (5): 58 kB | 88/192 kB | 77/592 kB | 75 kB | 106/109 kB
Progress (5): 58 kB | 88/192 kB | 77/592 kB | 75 kB | 109 kB    
                                                            
Downloaded from central: https://repo.maven.apache.org/maven2/org/iq80/snappy/snappy/0.4/snappy-0.4.jar (58 kB at 293 kB/s)
Downloaded from central: https://repo.maven.apache.org/maven2/org/codehaus/plexus/plexus-io/3.1.0/plexus-io-3.1.0.jar (75 kB at 369 kB/s)
Progress (3): 88/192 kB | 80/592 kB | 109 kB
Progress (3): 88/192 kB | 82/592 kB | 109 kB
Progress (3): 88/192 kB | 85/592 kB | 109 kB
Progress (3): 88/192 kB | 88/592 kB | 109 kB
Progress (3): 90/192 kB | 88/592 kB | 109 kB
Progress (3): 93/192 kB | 88/592 kB | 109 kB
Progress (3): 96/192 kB | 88/592 kB | 109 kB
                                            
Downloaded from central: https://repo.maven.apache.org/maven2/org/tukaani/xz/1.8/xz-1.8.jar (109 kB at 517 kB/s)
Progress (2): 99/192 kB | 88/592 kB
Progress (2): 101/192 kB | 88/592 kB
Progress (2): 104/192 kB | 88/592 kB
Progress (2): 104/192 kB | 90/592 kB
Progress (2): 104/192 kB | 93/592 kB
Progress (2): 104/192 kB | 96/592 kB
Progress (2): 104/192 kB | 99/592 kB
Progress (2): 104/192 kB | 101/592 kB
Progress (2): 104/192 kB | 104/592 kB
Progress (2): 107/192 kB | 104/592 kB
Progress (2): 110/192 kB | 104/592 kB
Progress (2): 112/192 kB | 104/592 kB
Progress (2): 115/192 kB | 104/592 kB
Progress (2): 118/192 kB | 104/592 kB
Progress (2): 121/192 kB | 104/592 kB
Progress (2): 121/192 kB | 107/592 kB
Progress (2): 121/192 kB | 110/592 kB
Progress (2): 121/192 kB | 112/592 kB
Progress (2): 123/192 kB | 112/592 kB
Progress (2): 126/192 kB | 112/592 kB
Progress (2): 129/192 kB | 112/592 kB
Progress (2): 132/192 kB | 112/592 kB
Progress (2): 132/192 kB | 115/592 kB
Progress (2): 132/192 kB | 118/592 kB
Progress (2): 132/192 kB | 121/592 kB
Progress (2): 132/192 kB | 123/592 kB
Progress (2): 132/192 kB | 126/592 kB
Progress (2): 132/192 kB | 129/592 kB
Progress (2): 132/192 kB | 132/592 kB
Progress (2): 134/192 kB | 132/592 kB
Progress (2): 137/192 kB | 132/592 kB
Progress (2): 140/192 kB | 132/592 kB
Progress (2): 143/192 kB | 132/592 kB
Progress (2): 145/192 kB | 132/592 kB
Progress (2): 148/192 kB | 132/592 kB
Progress (2): 151/192 kB | 132/592 kB
Progress (2): 151/192 kB | 134/592 kB
Progress (2): 151/192 kB | 137/592 kB
Progress (2): 151/192 kB | 140/592 kB
Progress (2): 151/192 kB | 143/592 kB
Progress (2): 151/192 kB | 145/592 kB
Progress (2): 151/192 kB | 148/592 kB
Progress (2): 151/192 kB | 151/592 kB
Progress (2): 154/192 kB | 151/592 kB
Progress (2): 156/192 kB | 151/592 kB
Progress (2): 159/192 kB | 151/592 kB
Progress (2): 162/192 kB | 151/592 kB
Progress (2): 165/192 kB | 151/592 kB
Progress (2): 167/192 kB | 151/592 kB
Progress (2): 170/192 kB | 151/592 kB
Progress (2): 170/192 kB | 154/592 kB
Progress (2): 170/192 kB | 156/592 kB
Progress (2): 170/192 kB | 159/592 kB
Progress (2): 170/192 kB | 162/592 kB
Progress (2): 170/192 kB | 165/592 kB
Progress (2): 170/192 kB | 167/592 kB
Progress (2): 170/192 kB | 170/592 kB
Progress (2): 173/192 kB | 170/592 kB
Progress (2): 175/192 kB | 170/592 kB
Progress (2): 178/192 kB | 170/592 kB
Progress (2): 181/192 kB | 170/592 kB
Progress (2): 184/192 kB | 170/592 kB
Progress (2): 186/192 kB | 170/592 kB
Progress (2): 189/192 kB | 170/592 kB
Progress (2): 192 kB | 170/592 kB    
Progress (2): 192 kB | 173/592 kB
Progress (2): 192 kB | 175/592 kB
Progress (2): 192 kB | 178/592 kB
Progress (2): 192 kB | 181/592 kB
Progress (2): 192 kB | 184/592 kB
Progress (2): 192 kB | 186/592 kB
Progress (2): 192 kB | 189/592 kB
Progress (2): 192 kB | 192/592 kB
Progress (2): 192 kB | 195/592 kB
Progress (2): 192 kB | 197/592 kB
Progress (2): 192 kB | 200/592 kB
                                 
Downloaded from central: https://repo.maven.apache.org/maven2/org/codehaus/plexus/plexus-archiver/3.7.0/plexus-archiver-3.7.0.jar (192 kB at 632 kB/s)
Progress (1): 203/592 kB
Progress (1): 206/592 kB
Progress (1): 208/592 kB
Progress (1): 211/592 kB
Progress (1): 214/592 kB
Progress (1): 217/592 kB
Progress (1): 219/592 kB
Progress (1): 223/592 kB
Progress (1): 227/592 kB
Progress (1): 231/592 kB
Progress (1): 235/592 kB
Progress (1): 239/592 kB
Progress (1): 243/592 kB
Progress (1): 247/592 kB
Progress (1): 251/592 kB
Progress (1): 256/592 kB
Progress (1): 260/592 kB
Progress (1): 264/592 kB
Progress (1): 268/592 kB
Progress (1): 272/592 kB
Progress (1): 276/592 kB
Progress (1): 280/592 kB
Progress (1): 284/592 kB
Progress (1): 288/592 kB
Progress (1): 292/592 kB
Progress (1): 297/592 kB
Progress (1): 301/592 kB
Progress (1): 305/592 kB
Progress (1): 309/592 kB
Progress (1): 313/592 kB
Progress (1): 317/592 kB
Progress (1): 321/592 kB
Progress (1): 325/592 kB
Progress (1): 329/592 kB
Progress (1): 333/592 kB
Progress (1): 338/592 kB
Progress (1): 342/592 kB
Progress (1): 346/592 kB
Progress (1): 350/592 kB
Progress (1): 354/592 kB
Progress (1): 358/592 kB
Progress (1): 362/592 kB
Progress (1): 366/592 kB
Progress (1): 370/592 kB
Progress (1): 374/592 kB
Progress (1): 378/592 kB
Progress (1): 383/592 kB
Progress (1): 387/592 kB
Progress (1): 391/592 kB
Progress (1): 395/592 kB
Progress (1): 399/592 kB
Progress (1): 403/592 kB
Progress (1): 407/592 kB
Progress (1): 411/592 kB
Progress (1): 415/592 kB
Progress (1): 419/592 kB
Progress (1): 424/592 kB
Progress (1): 428/592 kB
Progress (1): 432/592 kB
Progress (1): 436/592 kB
Progress (1): 438/592 kB
Progress (1): 442/592 kB
Progress (1): 446/592 kB
Progress (1): 450/592 kB
Progress (1): 454/592 kB
Progress (1): 458/592 kB
Progress (1): 463/592 kB
Progress (1): 467/592 kB
Progress (1): 471/592 kB
Progress (1): 475/592 kB
Progress (1): 479/592 kB
Progress (1): 483/592 kB
Progress (1): 487/592 kB
Progress (1): 491/592 kB
Progress (1): 495/592 kB
Progress (1): 499/592 kB
Progress (1): 504/592 kB
Progress (1): 508/592 kB
Progress (1): 512/592 kB
Progress (1): 516/592 kB
Progress (1): 520/592 kB
Progress (1): 524/592 kB
Progress (1): 528/592 kB
Progress (1): 532/592 kB
Progress (1): 536/592 kB
Progress (1): 540/592 kB
Progress (1): 544/592 kB
Progress (1): 549/592 kB
Progress (1): 553/592 kB
Progress (1): 557/592 kB
Progress (1): 561/592 kB
Progress (1): 565/592 kB
Progress (1): 569/592 kB
Progress (1): 573/592 kB
Progress (1): 577/592 kB
Progress (1): 581/592 kB
Progress (1): 585/592 kB
Progress (1): 590/592 kB
Progress (1): 592 kB    
                    
Downloaded from central: https://repo.maven.apache.org/maven2/org/apache/commons/commons-compress/1.18/commons-compress-1.18.jar (592 kB at 1.5 MB/s)
[INFO] Building jar: /var/jenkins_home/workspace/eComm-project/starter_code/target/auth-course-0.0.1-SNAPSHOT.jar
[INFO] 
[INFO] --- spring-boot-maven-plugin:2.1.5.RELEASE:repackage (repackage) @ auth-course ---
Downloading from central: https://repo.maven.apache.org/maven2/org/springframework/boot/spring-boot-loader-tools/2.1.5.RELEASE/spring-boot-loader-tools-2.1.5.RELEASE.pom
Progress (1): 2.7 kB
                    
Downloaded from central: https://repo.maven.apache.org/maven2/org/springframework/boot/spring-boot-loader-tools/2.1.5.RELEASE/spring-boot-loader-tools-2.1.5.RELEASE.pom (2.7 kB at 265 kB/s)
Downloading from central: https://repo.maven.apache.org/maven2/org/apache/maven/maven-archiver/3.2.0/maven-archiver-3.2.0.pom
Progress (1): 4.1/4.3 kB
Progress (1): 4.3 kB    
                    
Downloaded from central: https://repo.maven.apache.org/maven2/org/apache/maven/maven-archiver/3.2.0/maven-archiver-3.2.0.pom (4.3 kB at 308 kB/s)
Downloading from central: https://repo.maven.apache.org/maven2/org/codehaus/plexus/plexus-component-annotations/1.5.5/plexus-component-annotations-1.5.5.pom
Progress (1): 815 B
                   
Downloaded from central: https://repo.maven.apache.org/maven2/org/codehaus/plexus/plexus-component-annotations/1.5.5/plexus-component-annotations-1.5.5.pom (815 B at 116 kB/s)
Downloading from central: https://repo.maven.apache.org/maven2/org/codehaus/plexus/plexus-containers/1.5.5/plexus-containers-1.5.5.pom
Progress (1): 4.1/4.2 kB
Progress (1): 4.2 kB    
                    
Downloaded from central: https://repo.maven.apache.org/maven2/org/codehaus/plexus/plexus-containers/1.5.5/plexus-containers-1.5.5.pom (4.2 kB at 385 kB/s)
Downloading from central: https://repo.maven.apache.org/maven2/org/codehaus/plexus/plexus-component-annotations/1.5.4/plexus-component-annotations-1.5.4.pom
Progress (1): 815 B
                   
Downloaded from central: https://repo.maven.apache.org/maven2/org/codehaus/plexus/plexus-component-annotations/1.5.4/plexus-component-annotations-1.5.4.pom (815 B at 82 kB/s)
Downloading from central: https://repo.maven.apache.org/maven2/org/codehaus/plexus/plexus-containers/1.5.4/plexus-containers-1.5.4.pom
Progress (1): 4.1/4.2 kB
Progress (1): 4.2 kB    
                    
Downloaded from central: https://repo.maven.apache.org/maven2/org/codehaus/plexus/plexus-containers/1.5.4/plexus-containers-1.5.4.pom (4.2 kB at 530 kB/s)
Downloading from central: https://repo.maven.apache.org/maven2/org/codehaus/plexus/plexus/2.0.5/plexus-2.0.5.pom
Progress (1): 4.1/17 kB
Progress (1): 8.2/17 kB
Progress (1): 12/17 kB 
Progress (1): 16/17 kB
Progress (1): 17 kB   
                   
Downloaded from central: https://repo.maven.apache.org/maven2/org/codehaus/plexus/plexus/2.0.5/plexus-2.0.5.pom (17 kB at 1.2 MB/s)
Downloading from central: https://repo.maven.apache.org/maven2/org/apache/maven/shared/maven-shared-utils/3.2.0/maven-shared-utils-3.2.0.pom
Progress (1): 4.1/4.9 kB
Progress (1): 4.9 kB    
                    
Downloaded from central: https://repo.maven.apache.org/maven2/org/apache/maven/shared/maven-shared-utils/3.2.0/maven-shared-utils-3.2.0.pom (4.9 kB at 377 kB/s)
Downloading from central: https://repo.maven.apache.org/maven2/org/codehaus/plexus/plexus-archiver/3.5/plexus-archiver-3.5.pom
Progress (1): 4.1/4.8 kB
Progress (1): 4.8 kB    
                    
Downloaded from central: https://repo.maven.apache.org/maven2/org/codehaus/plexus/plexus-archiver/3.5/plexus-archiver-3.5.pom (4.8 kB at 437 kB/s)
Downloading from central: https://repo.maven.apache.org/maven2/org/codehaus/plexus/plexus-io/3.0.0/plexus-io-3.0.0.pom
Progress (1): 4.1/4.5 kB
Progress (1): 4.5 kB    
                    
Downloaded from central: https://repo.maven.apache.org/maven2/org/codehaus/plexus/plexus-io/3.0.0/plexus-io-3.0.0.pom (4.5 kB at 350 kB/s)
Downloading from central: https://repo.maven.apache.org/maven2/org/apache/commons/commons-compress/1.14/commons-compress-1.14.pom
Progress (1): 4.1/13 kB
Progress (1): 8.2/13 kB
Progress (1): 12/13 kB 
Progress (1): 13 kB   
                   
Downloaded from central: https://repo.maven.apache.org/maven2/org/apache/commons/commons-compress/1.14/commons-compress-1.14.pom (13 kB at 773 kB/s)
Downloading from central: https://repo.maven.apache.org/maven2/org/tukaani/xz/1.6/xz-1.6.pom
Progress (1): 1.9 kB
                    
Downloaded from central: https://repo.maven.apache.org/maven2/org/tukaani/xz/1.6/xz-1.6.pom (1.9 kB at 146 kB/s)
Downloading from central: https://repo.maven.apache.org/maven2/org/apache/maven/maven-artifact/3.3.9/maven-artifact-3.3.9.pom
Progress (1): 2.1 kB
                    
Downloaded from central: https://repo.maven.apache.org/maven2/org/apache/maven/maven-artifact/3.3.9/maven-artifact-3.3.9.pom (2.1 kB at 194 kB/s)
Downloading from central: https://repo.maven.apache.org/maven2/org/apache/maven/maven/3.3.9/maven-3.3.9.pom
Progress (1): 4.1/24 kB
Progress (1): 8.2/24 kB
Progress (1): 12/24 kB 
Progress (1): 16/24 kB
Progress (1): 20/24 kB
Progress (1): 24 kB   
                   
Downloaded from central: https://repo.maven.apache.org/maven2/org/apache/maven/maven/3.3.9/maven-3.3.9.pom (24 kB at 2.2 MB/s)
Downloading from central: https://repo.maven.apache.org/maven2/org/apache/maven/maven-parent/27/maven-parent-27.pom
Progress (1): 4.1/41 kB
Progress (1): 8.2/41 kB
Progress (1): 12/41 kB 
Progress (1): 16/41 kB
Progress (1): 20/41 kB
Progress (1): 25/41 kB
Progress (1): 29/41 kB
Progress (1): 33/41 kB
Progress (1): 37/41 kB
Progress (1): 41 kB   
                   
Downloaded from central: https://repo.maven.apache.org/maven2/org/apache/maven/maven-parent/27/maven-parent-27.pom (41 kB at 2.9 MB/s)
Downloading from central: https://repo.maven.apache.org/maven2/org/apache/apache/17/apache-17.pom
Progress (1): 4.1/16 kB
Progress (1): 8.2/16 kB
Progress (1): 12/16 kB 
Progress (1): 16 kB   
                   
Downloaded from central: https://repo.maven.apache.org/maven2/org/apache/apache/17/apache-17.pom (16 kB at 1.1 MB/s)
Downloading from central: https://repo.maven.apache.org/maven2/org/apache/commons/commons-lang3/3.8.1/commons-lang3-3.8.1.pom
Progress (1): 4.1/28 kB
Progress (1): 8.2/28 kB
Progress (1): 12/28 kB 
Progress (1): 16/28 kB
Progress (1): 20/28 kB
Progress (1): 25/28 kB
Progress (1): 28 kB   
                   
Downloaded from central: https://repo.maven.apache.org/maven2/org/apache/commons/commons-lang3/3.8.1/commons-lang3-3.8.1.pom (28 kB at 2.0 MB/s)
Downloading from central: https://repo.maven.apache.org/maven2/org/apache/maven/maven-core/3.3.9/maven-core-3.3.9.pom
Progress (1): 4.1/8.3 kB
Progress (1): 8.2/8.3 kB
Progress (1): 8.3 kB    
                    
Downloaded from central: https://repo.maven.apache.org/maven2/org/apache/maven/maven-core/3.3.9/maven-core-3.3.9.pom (8.3 kB at 638 kB/s)
Downloading from central: https://repo.maven.apache.org/maven2/org/apache/maven/maven-model/3.3.9/maven-model-3.3.9.pom
Progress (1): 4.0 kB
                    
Downloaded from central: https://repo.maven.apache.org/maven2/org/apache/maven/maven-model/3.3.9/maven-model-3.3.9.pom (4.0 kB at 448 kB/s)
Downloading from central: https://repo.maven.apache.org/maven2/org/apache/maven/maven-settings/3.3.9/maven-settings-3.3.9.pom
Progress (1): 1.8 kB
                    
Downloaded from central: https://repo.maven.apache.org/maven2/org/apache/maven/maven-settings/3.3.9/maven-settings-3.3.9.pom (1.8 kB at 204 kB/s)
Downloading from central: https://repo.maven.apache.org/maven2/org/apache/maven/maven-settings-builder/3.3.9/maven-settings-builder-3.3.9.pom
Progress (1): 2.6 kB
                    
Downloaded from central: https://repo.maven.apache.org/maven2/org/apache/maven/maven-settings-builder/3.3.9/maven-settings-builder-3.3.9.pom (2.6 kB at 327 kB/s)
Downloading from central: https://repo.maven.apache.org/maven2/org/apache/maven/maven-builder-support/3.3.9/maven-builder-support-3.3.9.pom
Progress (1): 1.7 kB
                    
Downloaded from central: https://repo.maven.apache.org/maven2/org/apache/maven/maven-builder-support/3.3.9/maven-builder-support-3.3.9.pom (1.7 kB at 236 kB/s)
Downloading from central: https://repo.maven.apache.org/maven2/org/codehaus/plexus/plexus-interpolation/1.21/plexus-interpolation-1.21.pom
Progress (1): 1.5 kB
                    
Downloaded from central: https://repo.maven.apache.org/maven2/org/codehaus/plexus/plexus-interpolation/1.21/plexus-interpolation-1.21.pom (1.5 kB at 192 kB/s)
Downloading from central: https://repo.maven.apache.org/maven2/org/codehaus/plexus/plexus-component-annotations/1.6/plexus-component-annotations-1.6.pom
Progress (1): 748 B
                   
Downloaded from central: https://repo.maven.apache.org/maven2/org/codehaus/plexus/plexus-component-annotations/1.6/plexus-component-annotations-1.6.pom (748 B at 68 kB/s)
Downloading from central: https://repo.maven.apache.org/maven2/org/codehaus/plexus/plexus-containers/1.6/plexus-containers-1.6.pom
Progress (1): 3.8 kB
                    
Downloaded from central: https://repo.maven.apache.org/maven2/org/codehaus/plexus/plexus-containers/1.6/plexus-containers-1.6.pom (3.8 kB at 753 kB/s)
Downloading from central: https://repo.maven.apache.org/maven2/org/codehaus/plexus/plexus/3.3.2/plexus-3.3.2.pom
Progress (1): 4.1/22 kB
Progress (1): 8.2/22 kB
Progress (1): 12/22 kB 
Progress (1): 16/22 kB
Progress (1): 20/22 kB
Progress (1): 22 kB   
                   
Downloaded from central: https://repo.maven.apache.org/maven2/org/codehaus/plexus/plexus/3.3.2/plexus-3.3.2.pom (22 kB at 2.0 MB/s)
Downloading from central: https://repo.maven.apache.org/maven2/org/apache/maven/maven-repository-metadata/3.3.9/maven-repository-metadata-3.3.9.pom
Progress (1): 1.9 kB
                    
Downloaded from central: https://repo.maven.apache.org/maven2/org/apache/maven/maven-repository-metadata/3.3.9/maven-repository-metadata-3.3.9.pom (1.9 kB at 270 kB/s)
Downloading from central: https://repo.maven.apache.org/maven2/org/apache/maven/maven-plugin-api/3.3.9/maven-plugin-api-3.3.9.pom
Progress (1): 2.7 kB
                    
Downloaded from central: https://repo.maven.apache.org/maven2/org/apache/maven/maven-plugin-api/3.3.9/maven-plugin-api-3.3.9.pom (2.7 kB at 299 kB/s)
Downloading from central: https://repo.maven.apache.org/maven2/org/eclipse/sisu/org.eclipse.sisu.plexus/0.3.2/org.eclipse.sisu.plexus-0.3.2.pom
Progress (1): 4.1/4.2 kB
Progress (1): 4.2 kB    
                    
Downloaded from central: https://repo.maven.apache.org/maven2/org/eclipse/sisu/org.eclipse.sisu.plexus/0.3.2/org.eclipse.sisu.plexus-0.3.2.pom (4.2 kB at 417 kB/s)
Downloading from central: https://repo.maven.apache.org/maven2/org/eclipse/sisu/sisu-plexus/0.3.2/sisu-plexus-0.3.2.pom
Progress (1): 4.1/14 kB
Progress (1): 8.2/14 kB
Progress (1): 12/14 kB 
Progress (1): 14 kB   
                   
Downloaded from central: https://repo.maven.apache.org/maven2/org/eclipse/sisu/sisu-plexus/0.3.2/sisu-plexus-0.3.2.pom (14 kB at 1.2 MB/s)
Downloading from central: https://repo.maven.apache.org/maven2/javax/enterprise/cdi-api/1.0/cdi-api-1.0.pom
Progress (1): 1.4 kB
                    
Downloaded from central: https://repo.maven.apache.org/maven2/javax/enterprise/cdi-api/1.0/cdi-api-1.0.pom (1.4 kB at 179 kB/s)
Downloading from central: https://repo.maven.apache.org/maven2/org/jboss/weld/weld-api-parent/1.0/weld-api-parent-1.0.pom
Progress (1): 2.4 kB
                    
Downloaded from central: https://repo.maven.apache.org/maven2/org/jboss/weld/weld-api-parent/1.0/weld-api-parent-1.0.pom (2.4 kB at 294 kB/s)
Downloading from central: https://repo.maven.apache.org/maven2/org/jboss/weld/weld-api-bom/1.0/weld-api-bom-1.0.pom
Progress (1): 4.1/7.9 kB
Progress (1): 7.9 kB    
                    
Downloaded from central: https://repo.maven.apache.org/maven2/org/jboss/weld/weld-api-bom/1.0/weld-api-bom-1.0.pom (7.9 kB at 1.6 MB/s)
Downloading from central: https://repo.maven.apache.org/maven2/org/jboss/weld/weld-parent/6/weld-parent-6.pom
Progress (1): 4.1/21 kB
Progress (1): 8.2/21 kB
Progress (1): 12/21 kB 
Progress (1): 16/21 kB
Progress (1): 20/21 kB
Progress (1): 21 kB   
                   
Downloaded from central: https://repo.maven.apache.org/maven2/org/jboss/weld/weld-parent/6/weld-parent-6.pom (21 kB at 1.7 MB/s)
Downloading from central: https://repo.maven.apache.org/maven2/javax/annotation/jsr250-api/1.0/jsr250-api-1.0.pom
Progress (1): 1.0 kB
                    
Downloaded from central: https://repo.maven.apache.org/maven2/javax/annotation/jsr250-api/1.0/jsr250-api-1.0.pom (1.0 kB at 114 kB/s)
Downloading from central: https://repo.maven.apache.org/maven2/javax/inject/javax.inject/1/javax.inject-1.pom
Progress (1): 612 B
                   
Downloaded from central: https://repo.maven.apache.org/maven2/javax/inject/javax.inject/1/javax.inject-1.pom (612 B at 76 kB/s)
Downloading from central: https://repo.maven.apache.org/maven2/org/eclipse/sisu/org.eclipse.sisu.inject/0.3.2/org.eclipse.sisu.inject-0.3.2.pom
Progress (1): 2.6 kB
                    
Downloaded from central: https://repo.maven.apache.org/maven2/org/eclipse/sisu/org.eclipse.sisu.inject/0.3.2/org.eclipse.sisu.inject-0.3.2.pom (2.6 kB at 438 kB/s)
Downloading from central: https://repo.maven.apache.org/maven2/org/eclipse/sisu/sisu-inject/0.3.2/sisu-inject-0.3.2.pom
Progress (1): 4.1/14 kB
Progress (1): 8.2/14 kB
Progress (1): 12/14 kB 
Progress (1): 14 kB   
                   
Downloaded from central: https://repo.maven.apache.org/maven2/org/eclipse/sisu/sisu-inject/0.3.2/sisu-inject-0.3.2.pom (14 kB at 1.6 MB/s)
Downloading from central: https://repo.maven.apache.org/maven2/org/codehaus/plexus/plexus-classworlds/2.5.2/plexus-classworlds-2.5.2.pom
Progress (1): 4.1/7.3 kB
Progress (1): 7.3 kB    
                    
Downloaded from central: https://repo.maven.apache.org/maven2/org/codehaus/plexus/plexus-classworlds/2.5.2/plexus-classworlds-2.5.2.pom (7.3 kB at 1.2 MB/s)
Downloading from central: https://repo.maven.apache.org/maven2/org/codehaus/plexus/plexus-utils/3.0.17/plexus-utils-3.0.17.pom
Progress (1): 3.4 kB
                    
Downloaded from central: https://repo.maven.apache.org/maven2/org/codehaus/plexus/plexus-utils/3.0.17/plexus-utils-3.0.17.pom (3.4 kB at 377 kB/s)
Downloading from central: https://repo.maven.apache.org/maven2/org/apache/maven/maven-model-builder/3.3.9/maven-model-builder-3.3.9.pom
Progress (1): 3.1 kB
                    
Downloaded from central: https://repo.maven.apache.org/maven2/org/apache/maven/maven-model-builder/3.3.9/maven-model-builder-3.3.9.pom (3.1 kB at 449 kB/s)
Downloading from central: https://repo.maven.apache.org/maven2/com/google/guava/guava/18.0/guava-18.0.pom
Progress (1): 4.1/5.7 kB
Progress (1): 5.7 kB    
                    
Downloaded from central: https://repo.maven.apache.org/maven2/com/google/guava/guava/18.0/guava-18.0.pom (5.7 kB at 405 kB/s)
Downloading from central: https://repo.maven.apache.org/maven2/com/google/guava/guava-parent/18.0/guava-parent-18.0.pom
Progress (1): 4.1/7.7 kB
Progress (1): 7.7 kB    
                    
Downloaded from central: https://repo.maven.apache.org/maven2/com/google/guava/guava-parent/18.0/guava-parent-18.0.pom (7.7 kB at 1.1 MB/s)
Downloading from central: https://repo.maven.apache.org/maven2/org/apache/maven/maven-aether-provider/3.3.9/maven-aether-provider-3.3.9.pom
Progress (1): 4.0 kB
                    
Downloaded from central: https://repo.maven.apache.org/maven2/org/apache/maven/maven-aether-provider/3.3.9/maven-aether-provider-3.3.9.pom (4.0 kB at 504 kB/s)
Downloading from central: https://repo.maven.apache.org/maven2/org/eclipse/aether/aether-api/1.0.2.v20150114/aether-api-1.0.2.v20150114.pom
Progress (1): 1.8 kB
                    
Downloaded from central: https://repo.maven.apache.org/maven2/org/eclipse/aether/aether-api/1.0.2.v20150114/aether-api-1.0.2.v20150114.pom (1.8 kB at 141 kB/s)
Downloading from central: https://repo.maven.apache.org/maven2/org/eclipse/aether/aether/1.0.2.v20150114/aether-1.0.2.v20150114.pom
Progress (1): 4.1/29 kB
Progress (1): 8.2/29 kB
Progress (1): 12/29 kB 
Progress (1): 16/29 kB
Progress (1): 20/29 kB
Progress (1): 25/29 kB
Progress (1): 29/29 kB
Progress (1): 29 kB   
                   
Downloaded from central: https://repo.maven.apache.org/maven2/org/eclipse/aether/aether/1.0.2.v20150114/aether-1.0.2.v20150114.pom (29 kB at 2.7 MB/s)
Downloading from central: https://repo.maven.apache.org/maven2/org/eclipse/aether/aether-spi/1.0.2.v20150114/aether-spi-1.0.2.v20150114.pom
Progress (1): 2.0 kB
                    
Downloaded from central: https://repo.maven.apache.org/maven2/org/eclipse/aether/aether-spi/1.0.2.v20150114/aether-spi-1.0.2.v20150114.pom (2.0 kB at 198 kB/s)
Downloading from central: https://repo.maven.apache.org/maven2/org/eclipse/aether/aether-util/1.0.2.v20150114/aether-util-1.0.2.v20150114.pom
Progress (1): 2.1 kB
                    
Downloaded from central: https://repo.maven.apache.org/maven2/org/eclipse/aether/aether-util/1.0.2.v20150114/aether-util-1.0.2.v20150114.pom (2.1 kB at 424 kB/s)
Downloading from central: https://repo.maven.apache.org/maven2/org/eclipse/aether/aether-impl/1.0.2.v20150114/aether-impl-1.0.2.v20150114.pom
Progress (1): 3.4 kB
                    
Downloaded from central: https://repo.maven.apache.org/maven2/org/eclipse/aether/aether-impl/1.0.2.v20150114/aether-impl-1.0.2.v20150114.pom (3.4 kB at 480 kB/s)
Downloading from central: https://repo.maven.apache.org/maven2/com/google/inject/guice/4.0/guice-4.0.pom
Progress (1): 4.1/11 kB
Progress (1): 8.2/11 kB
Progress (1): 11 kB    
                   
Downloaded from central: https://repo.maven.apache.org/maven2/com/google/inject/guice/4.0/guice-4.0.pom (11 kB at 1.5 MB/s)
Downloading from central: https://repo.maven.apache.org/maven2/com/google/inject/guice-parent/4.0/guice-parent-4.0.pom
Progress (1): 4.1/15 kB
Progress (1): 8.2/15 kB
Progress (1): 12/15 kB 
Progress (1): 15 kB   
                   
Downloaded from central: https://repo.maven.apache.org/maven2/com/google/inject/guice-parent/4.0/guice-parent-4.0.pom (15 kB at 1.9 MB/s)
Downloading from central: https://repo.maven.apache.org/maven2/com/google/google/5/google-5.pom
Progress (1): 2.5 kB
                    
Downloaded from central: https://repo.maven.apache.org/maven2/com/google/google/5/google-5.pom (2.5 kB at 246 kB/s)
Downloading from central: https://repo.maven.apache.org/maven2/aopalliance/aopalliance/1.0/aopalliance-1.0.pom
Progress (1): 363 B
                   
Downloaded from central: https://repo.maven.apache.org/maven2/aopalliance/aopalliance/1.0/aopalliance-1.0.pom (363 B at 60 kB/s)
Downloading from central: https://repo.maven.apache.org/maven2/com/google/guava/guava/16.0.1/guava-16.0.1.pom
Progress (1): 4.1/6.1 kB
Progress (1): 6.1 kB    
                    
Downloaded from central: https://repo.maven.apache.org/maven2/com/google/guava/guava/16.0.1/guava-16.0.1.pom (6.1 kB at 678 kB/s)
Downloading from central: https://repo.maven.apache.org/maven2/com/google/guava/guava-parent/16.0.1/guava-parent-16.0.1.pom
Progress (1): 4.1/7.3 kB
Progress (1): 7.3 kB    
                    
Downloaded from central: https://repo.maven.apache.org/maven2/com/google/guava/guava-parent/16.0.1/guava-parent-16.0.1.pom (7.3 kB at 1.5 MB/s)
Downloading from central: https://repo.maven.apache.org/maven2/org/apache/maven/shared/maven-common-artifact-filters/3.0.1/maven-common-artifact-filters-3.0.1.pom
Progress (1): 4.1/4.8 kB
Progress (1): 4.8 kB    
                    
Downloaded from central: https://repo.maven.apache.org/maven2/org/apache/maven/shared/maven-common-artifact-filters/3.0.1/maven-common-artifact-filters-3.0.1.pom (4.8 kB at 403 kB/s)
Downloading from central: https://repo.maven.apache.org/maven2/org/apache/maven/shared/maven-shared-utils/3.1.0/maven-shared-utils-3.1.0.pom
Progress (1): 4.1/5.0 kB
Progress (1): 5.0 kB    
                    
Downloaded from central: https://repo.maven.apache.org/maven2/org/apache/maven/shared/maven-shared-utils/3.1.0/maven-shared-utils-3.1.0.pom (5.0 kB at 553 kB/s)
Downloading from central: https://repo.maven.apache.org/maven2/org/apache/maven/plugins/maven-shade-plugin/3.2.1/maven-shade-plugin-3.2.1.pom
Progress (1): 4.1/9.3 kB
Progress (1): 8.2/9.3 kB
Progress (1): 9.3 kB    
                    
Downloaded from central: https://repo.maven.apache.org/maven2/org/apache/maven/plugins/maven-shade-plugin/3.2.1/maven-shade-plugin-3.2.1.pom (9.3 kB at 1.3 MB/s)
Downloading from central: https://repo.maven.apache.org/maven2/org/apache/maven/shared/maven-artifact-transfer/0.10.0/maven-artifact-transfer-0.10.0.pom
Progress (1): 4.1/12 kB
Progress (1): 8.2/12 kB
Progress (1): 12 kB    
                   
Downloaded from central: https://repo.maven.apache.org/maven2/org/apache/maven/shared/maven-artifact-transfer/0.10.0/maven-artifact-transfer-0.10.0.pom (12 kB at 1.2 MB/s)
Downloading from central: https://repo.maven.apache.org/maven2/org/apache/maven/shared/maven-shared-components/31/maven-shared-components-31.pom
Progress (1): 4.1/5.1 kB
Progress (1): 5.1 kB    
                    
Downloaded from central: https://repo.maven.apache.org/maven2/org/apache/maven/shared/maven-shared-components/31/maven-shared-components-31.pom (5.1 kB at 1.0 MB/s)
Downloading from central: https://repo.maven.apache.org/maven2/org/ow2/asm/asm/7.0/asm-7.0.pom
Progress (1): 2.9 kB
                    
Downloaded from central: https://repo.maven.apache.org/maven2/org/ow2/asm/asm/7.0/asm-7.0.pom (2.9 kB at 587 kB/s)
Downloading from central: https://repo.maven.apache.org/maven2/org/ow2/asm/asm-commons/7.0/asm-commons-7.0.pom
Progress (1): 3.7 kB
                    
Downloaded from central: https://repo.maven.apache.org/maven2/org/ow2/asm/asm-commons/7.0/asm-commons-7.0.pom (3.7 kB at 523 kB/s)
Downloading from central: https://repo.maven.apache.org/maven2/org/ow2/asm/asm-tree/7.0/asm-tree-7.0.pom
Progress (1): 3.1 kB
                    
Downloaded from central: https://repo.maven.apache.org/maven2/org/ow2/asm/asm-tree/7.0/asm-tree-7.0.pom (3.1 kB at 625 kB/s)
Downloading from central: https://repo.maven.apache.org/maven2/org/ow2/asm/asm-analysis/7.0/asm-analysis-7.0.pom
Progress (1): 3.2 kB
                    
Downloaded from central: https://repo.maven.apache.org/maven2/org/ow2/asm/asm-analysis/7.0/asm-analysis-7.0.pom (3.2 kB at 185 kB/s)
Downloading from central: https://repo.maven.apache.org/maven2/org/jdom/jdom2/2.0.6/jdom2-2.0.6.pom
Progress (1): 4.1/4.6 kB
Progress (1): 4.6 kB    
                    
Downloaded from central: https://repo.maven.apache.org/maven2/org/jdom/jdom2/2.0.6/jdom2-2.0.6.pom (4.6 kB at 766 kB/s)
Downloading from central: https://repo.maven.apache.org/maven2/org/apache/maven/shared/maven-dependency-tree/3.0.1/maven-dependency-tree-3.0.1.pom
Progress (1): 4.1/7.5 kB
Progress (1): 7.5 kB    
                    
Downloaded from central: https://repo.maven.apache.org/maven2/org/apache/maven/shared/maven-dependency-tree/3.0.1/maven-dependency-tree-3.0.1.pom (7.5 kB at 1.2 MB/s)
Downloading from central: https://repo.maven.apache.org/maven2/org/eclipse/aether/aether-util/0.9.0.M2/aether-util-0.9.0.M2.pom
Progress (1): 2.0 kB
                    
Downloaded from central: https://repo.maven.apache.org/maven2/org/eclipse/aether/aether-util/0.9.0.M2/aether-util-0.9.0.M2.pom (2.0 kB at 185 kB/s)
Downloading from central: https://repo.maven.apache.org/maven2/org/eclipse/aether/aether/0.9.0.M2/aether-0.9.0.M2.pom
Progress (1): 4.1/28 kB
Progress (1): 8.2/28 kB
Progress (1): 12/28 kB 
Progress (1): 16/28 kB
Progress (1): 20/28 kB
Progress (1): 25/28 kB
Progress (1): 28 kB   
                   
Downloaded from central: https://repo.maven.apache.org/maven2/org/eclipse/aether/aether/0.9.0.M2/aether-0.9.0.M2.pom (28 kB at 2.5 MB/s)
Downloading from central: https://repo.maven.apache.org/maven2/org/vafer/jdependency/2.1.1/jdependency-2.1.1.pom
Progress (1): 4.1/11 kB
Progress (1): 8.2/11 kB
Progress (1): 11 kB    
                   
Downloaded from central: https://repo.maven.apache.org/maven2/org/vafer/jdependency/2.1.1/jdependency-2.1.1.pom (11 kB at 938 kB/s)
Downloading from central: https://repo.maven.apache.org/maven2/org/ow2/asm/asm/7.0-beta/asm-7.0-beta.pom
Progress (1): 2.9 kB
                    
Downloaded from central: https://repo.maven.apache.org/maven2/org/ow2/asm/asm/7.0-beta/asm-7.0-beta.pom (2.9 kB at 491 kB/s)
Downloading from central: https://repo.maven.apache.org/maven2/org/ow2/asm/asm-analysis/7.0-beta/asm-analysis-7.0-beta.pom
Progress (1): 3.2 kB
                    
Downloaded from central: https://repo.maven.apache.org/maven2/org/ow2/asm/asm-analysis/7.0-beta/asm-analysis-7.0-beta.pom (3.2 kB at 633 kB/s)
Downloading from central: https://repo.maven.apache.org/maven2/org/ow2/asm/asm-tree/7.0-beta/asm-tree-7.0-beta.pom
Progress (1): 3.1 kB
                    
Downloaded from central: https://repo.maven.apache.org/maven2/org/ow2/asm/asm-tree/7.0-beta/asm-tree-7.0-beta.pom (3.1 kB at 448 kB/s)
Downloading from central: https://repo.maven.apache.org/maven2/org/ow2/asm/asm-commons/7.0-beta/asm-commons-7.0-beta.pom
Progress (1): 3.7 kB
                    
Downloaded from central: https://repo.maven.apache.org/maven2/org/ow2/asm/asm-commons/7.0-beta/asm-commons-7.0-beta.pom (3.7 kB at 738 kB/s)
Downloading from central: https://repo.maven.apache.org/maven2/org/ow2/asm/asm-util/7.0-beta/asm-util-7.0-beta.pom
Progress (1): 3.7 kB
                    
Downloaded from central: https://repo.maven.apache.org/maven2/org/ow2/asm/asm-util/7.0-beta/asm-util-7.0-beta.pom (3.7 kB at 282 kB/s)
Downloading from central: https://repo.maven.apache.org/maven2/com/google/guava/guava/19.0/guava-19.0.pom
Progress (1): 4.1/6.8 kB
Progress (1): 6.8 kB    
                    
Downloaded from central: https://repo.maven.apache.org/maven2/com/google/guava/guava/19.0/guava-19.0.pom (6.8 kB at 1.1 MB/s)
Downloading from central: https://repo.maven.apache.org/maven2/com/google/guava/guava-parent/19.0/guava-parent-19.0.pom
Progress (1): 4.1/9.9 kB
Progress (1): 8.2/9.9 kB
Progress (1): 9.9 kB    
                    
Downloaded from central: https://repo.maven.apache.org/maven2/com/google/guava/guava-parent/19.0/guava-parent-19.0.pom (9.9 kB at 1.6 MB/s)
Downloading from central: https://repo.maven.apache.org/maven2/org/springframework/boot/spring-boot-loader-tools/2.1.5.RELEASE/spring-boot-loader-tools-2.1.5.RELEASE.jar
Downloading from central: https://repo.maven.apache.org/maven2/org/apache/maven/maven-archiver/3.2.0/maven-archiver-3.2.0.jar
Downloading from central: https://repo.maven.apache.org/maven2/org/apache/maven/shared/maven-shared-utils/3.2.0/maven-shared-utils-3.2.0.jar
Downloading from central: https://repo.maven.apache.org/maven2/org/codehaus/plexus/plexus-interpolation/1.22/plexus-interpolation-1.22.jar
Downloading from central: https://repo.maven.apache.org/maven2/org/apache/maven/maven-artifact/3.3.9/maven-artifact-3.3.9.jar
Progress (1): 2.7/24 kB
Progress (1): 5.5/24 kB
Progress (1): 8.2/24 kB
Progress (1): 11/24 kB 
Progress (1): 14/24 kB
Progress (1): 16/24 kB
Progress (2): 16/24 kB | 4.1/149 kB
Progress (2): 16/24 kB | 8.2/149 kB
Progress (2): 16/24 kB | 12/149 kB 
Progress (2): 16/24 kB | 16/149 kB
Progress (2): 16/24 kB | 20/149 kB
Progress (3): 16/24 kB | 20/149 kB | 4.1/165 kB
Progress (3): 16/24 kB | 20/149 kB | 8.2/165 kB
Progress (3): 16/24 kB | 20/149 kB | 12/165 kB 
Progress (3): 16/24 kB | 20/149 kB | 16/165 kB
Progress (3): 19/24 kB | 20/149 kB | 16/165 kB
Progress (3): 22/24 kB | 20/149 kB | 16/165 kB
Progress (3): 24 kB | 20/149 kB | 16/165 kB   
Progress (4): 24 kB | 20/149 kB | 16/165 kB | 2.7/77 kB
Progress (4): 24 kB | 20/149 kB | 16/165 kB | 5.5/77 kB
Progress (4): 24 kB | 20/149 kB | 16/165 kB | 8.2/77 kB
Progress (4): 24 kB | 20/149 kB | 16/165 kB | 11/77 kB 
Progress (4): 24 kB | 20/149 kB | 16/165 kB | 14/77 kB
Progress (4): 24 kB | 20/149 kB | 16/165 kB | 16/77 kB
Progress (4): 24 kB | 20/149 kB | 16/165 kB | 19/77 kB
Progress (4): 24 kB | 25/149 kB | 16/165 kB | 19/77 kB
Progress (4): 24 kB | 29/149 kB | 16/165 kB | 19/77 kB
Progress (4): 24 kB | 33/149 kB | 16/165 kB | 19/77 kB
Progress (4): 24 kB | 37/149 kB | 16/165 kB | 19/77 kB
Progress (4): 24 kB | 37/149 kB | 20/165 kB | 19/77 kB
Progress (4): 24 kB | 37/149 kB | 25/165 kB | 19/77 kB
Progress (4): 24 kB | 37/149 kB | 29/165 kB | 19/77 kB
Progress (4): 24 kB | 37/149 kB | 33/165 kB | 19/77 kB
Progress (5): 24 kB | 37/149 kB | 33/165 kB | 19/77 kB | 2.7/55 kB
                                                                  
Downloaded from central: https://repo.maven.apache.org/maven2/org/apache/maven/maven-archiver/3.2.0/maven-archiver-3.2.0.jar (24 kB at 624 kB/s)
Progress (4): 37/149 kB | 33/165 kB | 22/77 kB | 2.7/55 kB
Progress (4): 37/149 kB | 33/165 kB | 25/77 kB | 2.7/55 kB
Progress (4): 37/149 kB | 33/165 kB | 27/77 kB | 2.7/55 kB
Progress (4): 37/149 kB | 33/165 kB | 30/77 kB | 2.7/55 kB
Progress (4): 41/149 kB | 33/165 kB | 30/77 kB | 2.7/55 kB
Progress (4): 45/149 kB | 33/165 kB | 30/77 kB | 2.7/55 kB
Progress (4): 49/149 kB | 33/165 kB | 30/77 kB | 2.7/55 kB
Progress (4): 53/149 kB | 33/165 kB | 30/77 kB | 2.7/55 kB
Progress (4): 57/149 kB | 33/165 kB | 30/77 kB | 2.7/55 kB
Progress (4): 61/149 kB | 33/165 kB | 30/77 kB | 2.7/55 kB
Progress (4): 66/149 kB | 33/165 kB | 30/77 kB | 2.7/55 kB
Progress (4): 70/149 kB | 33/165 kB | 30/77 kB | 2.7/55 kB
Progress (4): 74/149 kB | 33/165 kB | 30/77 kB | 2.7/55 kB
Progress (4): 78/149 kB | 33/165 kB | 30/77 kB | 2.7/55 kB
Progress (4): 82/149 kB | 33/165 kB | 30/77 kB | 2.7/55 kB
Progress (4): 86/149 kB | 33/165 kB | 30/77 kB | 2.7/55 kB
Progress (4): 90/149 kB | 33/165 kB | 30/77 kB | 2.7/55 kB
Progress (4): 94/149 kB | 33/165 kB | 30/77 kB | 2.7/55 kB
Progress (4): 98/149 kB | 33/165 kB | 30/77 kB | 2.7/55 kB
Progress (4): 102/149 kB | 33/165 kB | 30/77 kB | 2.7/55 kB
Progress (4): 106/149 kB | 33/165 kB | 30/77 kB | 2.7/55 kB
Progress (4): 111/149 kB | 33/165 kB | 30/77 kB | 2.7/55 kB
Progress (4): 115/149 kB | 33/165 kB | 30/77 kB | 2.7/55 kB
Progress (4): 115/149 kB | 37/165 kB | 30/77 kB | 2.7/55 kB
Progress (4): 115/149 kB | 41/165 kB | 30/77 kB | 2.7/55 kB
Progress (4): 115/149 kB | 45/165 kB | 30/77 kB | 2.7/55 kB
Progress (4): 115/149 kB | 49/165 kB | 30/77 kB | 2.7/55 kB
Progress (4): 115/149 kB | 53/165 kB | 30/77 kB | 2.7/55 kB
Progress (4): 115/149 kB | 57/165 kB | 30/77 kB | 2.7/55 kB
Progress (4): 115/149 kB | 61/165 kB | 30/77 kB | 2.7/55 kB
Progress (4): 115/149 kB | 66/165 kB | 30/77 kB | 2.7/55 kB
Progress (4): 115/149 kB | 70/165 kB | 30/77 kB | 2.7/55 kB
Progress (4): 115/149 kB | 74/165 kB | 30/77 kB | 2.7/55 kB
Progress (4): 115/149 kB | 78/165 kB | 30/77 kB | 2.7/55 kB
Progress (4): 115/149 kB | 82/165 kB | 30/77 kB | 2.7/55 kB
Progress (4): 115/149 kB | 86/165 kB | 30/77 kB | 2.7/55 kB
Progress (4): 115/149 kB | 90/165 kB | 30/77 kB | 2.7/55 kB
Progress (4): 115/149 kB | 94/165 kB | 30/77 kB | 2.7/55 kB
Progress (4): 115/149 kB | 98/165 kB | 30/77 kB | 2.7/55 kB
Progress (4): 115/149 kB | 98/165 kB | 30/77 kB | 5.5/55 kB
Progress (4): 115/149 kB | 98/165 kB | 30/77 kB | 8.2/55 kB
Progress (4): 115/149 kB | 98/165 kB | 30/77 kB | 11/55 kB 
Progress (4): 115/149 kB | 98/165 kB | 30/77 kB | 14/55 kB
Progress (4): 115/149 kB | 98/165 kB | 30/77 kB | 16/55 kB
Progress (4): 115/149 kB | 98/165 kB | 30/77 kB | 19/55 kB
Progress (4): 115/149 kB | 98/165 kB | 30/77 kB | 22/55 kB
Progress (4): 115/149 kB | 98/165 kB | 30/77 kB | 25/55 kB
Progress (4): 115/149 kB | 98/165 kB | 30/77 kB | 27/55 kB
Progress (4): 115/149 kB | 98/165 kB | 30/77 kB | 30/55 kB
Progress (4): 115/149 kB | 98/165 kB | 30/77 kB | 33/55 kB
Progress (4): 115/149 kB | 98/165 kB | 30/77 kB | 36/55 kB
Progress (4): 115/149 kB | 98/165 kB | 30/77 kB | 38/55 kB
Progress (4): 115/149 kB | 98/165 kB | 30/77 kB | 41/55 kB
Progress (4): 115/149 kB | 98/165 kB | 30/77 kB | 44/55 kB
                                                          
Downloading from central: https://repo.maven.apache.org/maven2/org/apache/commons/commons-lang3/3.8.1/commons-lang3-3.8.1.jar
Progress (4): 115/149 kB | 98/165 kB | 33/77 kB | 44/55 kB
Progress (4): 115/149 kB | 98/165 kB | 36/77 kB | 44/55 kB
Progress (4): 115/149 kB | 98/165 kB | 38/77 kB | 44/55 kB
Progress (4): 115/149 kB | 98/165 kB | 41/77 kB | 44/55 kB
Progress (4): 115/149 kB | 98/165 kB | 44/77 kB | 44/55 kB
Progress (5): 115/149 kB | 98/165 kB | 44/77 kB | 44/55 kB | 4.1/502 kB
Progress (5): 115/149 kB | 98/165 kB | 44/77 kB | 44/55 kB | 8.2/502 kB
Progress (5): 115/149 kB | 98/165 kB | 44/77 kB | 44/55 kB | 12/502 kB 
Progress (5): 115/149 kB | 98/165 kB | 44/77 kB | 44/55 kB | 16/502 kB
Progress (5): 115/149 kB | 98/165 kB | 47/77 kB | 44/55 kB | 16/502 kB
Progress (5): 115/149 kB | 98/165 kB | 49/77 kB | 44/55 kB | 16/502 kB
Progress (5): 115/149 kB | 98/165 kB | 52/77 kB | 44/55 kB | 16/502 kB
Progress (5): 115/149 kB | 98/165 kB | 55/77 kB | 44/55 kB | 16/502 kB
Progress (5): 115/149 kB | 98/165 kB | 58/77 kB | 44/55 kB | 16/502 kB
Progress (5): 115/149 kB | 98/165 kB | 58/77 kB | 47/55 kB | 16/502 kB
Progress (5): 115/149 kB | 98/165 kB | 58/77 kB | 49/55 kB | 16/502 kB
Progress (5): 115/149 kB | 98/165 kB | 58/77 kB | 52/55 kB | 16/502 kB
Progress (5): 115/149 kB | 98/165 kB | 58/77 kB | 55/55 kB | 16/502 kB
Progress (5): 115/149 kB | 98/165 kB | 58/77 kB | 55 kB | 16/502 kB   
Progress (5): 115/149 kB | 98/165 kB | 60/77 kB | 55 kB | 16/502 kB
Progress (5): 115/149 kB | 98/165 kB | 63/77 kB | 55 kB | 16/502 kB
Progress (5): 115/149 kB | 98/165 kB | 66/77 kB | 55 kB | 16/502 kB
Progress (5): 115/149 kB | 98/165 kB | 69/77 kB | 55 kB | 16/502 kB
Progress (5): 119/149 kB | 98/165 kB | 69/77 kB | 55 kB | 16/502 kB
Progress (5): 119/149 kB | 102/165 kB | 69/77 kB | 55 kB | 16/502 kB
Progress (5): 119/149 kB | 102/165 kB | 69/77 kB | 55 kB | 20/502 kB
Progress (5): 119/149 kB | 102/165 kB | 69/77 kB | 55 kB | 25/502 kB
Progress (5): 119/149 kB | 102/165 kB | 69/77 kB | 55 kB | 29/502 kB
Progress (5): 119/149 kB | 102/165 kB | 69/77 kB | 55 kB | 33/502 kB
Progress (5): 119/149 kB | 102/165 kB | 69/77 kB | 55 kB | 37/502 kB
Progress (5): 119/149 kB | 102/165 kB | 69/77 kB | 55 kB | 41/502 kB
Progress (5): 119/149 kB | 102/165 kB | 69/77 kB | 55 kB | 45/502 kB
Progress (5): 119/149 kB | 102/165 kB | 69/77 kB | 55 kB | 49/502 kB
Progress (5): 119/149 kB | 102/165 kB | 69/77 kB | 55 kB | 53/502 kB
Progress (5): 119/149 kB | 102/165 kB | 69/77 kB | 55 kB | 57/502 kB
Progress (5): 119/149 kB | 102/165 kB | 69/77 kB | 55 kB | 61/502 kB
Progress (5): 119/149 kB | 102/165 kB | 69/77 kB | 55 kB | 66/502 kB
Progress (5): 119/149 kB | 102/165 kB | 69/77 kB | 55 kB | 70/502 kB
Progress (5): 119/149 kB | 102/165 kB | 69/77 kB | 55 kB | 74/502 kB
Progress (5): 119/149 kB | 102/165 kB | 69/77 kB | 55 kB | 78/502 kB
Progress (5): 119/149 kB | 102/165 kB | 69/77 kB | 55 kB | 82/502 kB
Progress (5): 119/149 kB | 102/165 kB | 69/77 kB | 55 kB | 86/502 kB
Progress (5): 119/149 kB | 102/165 kB | 69/77 kB | 55 kB | 90/502 kB
Progress (5): 119/149 kB | 102/165 kB | 69/77 kB | 55 kB | 94/502 kB
                                                                    
Downloaded from central: https://repo.maven.apache.org/maven2/org/apache/maven/maven-artifact/3.3.9/maven-artifact-3.3.9.jar (55 kB at 724 kB/s)
Downloading from central: https://repo.maven.apache.org/maven2/org/apache/maven/maven-core/3.3.9/maven-core-3.3.9.jar
Progress (4): 119/149 kB | 102/165 kB | 71/77 kB | 94/502 kB
Progress (4): 123/149 kB | 102/165 kB | 71/77 kB | 94/502 kB
Progress (4): 127/149 kB | 102/165 kB | 71/77 kB | 94/502 kB
Progress (4): 131/149 kB | 102/165 kB | 71/77 kB | 94/502 kB
Progress (4): 135/149 kB | 102/165 kB | 71/77 kB | 94/502 kB
Progress (4): 139/149 kB | 102/165 kB | 71/77 kB | 94/502 kB
Progress (4): 143/149 kB | 102/165 kB | 71/77 kB | 94/502 kB
Progress (4): 147/149 kB | 102/165 kB | 71/77 kB | 94/502 kB
Progress (4): 149 kB | 102/165 kB | 71/77 kB | 94/502 kB    
Progress (4): 149 kB | 106/165 kB | 71/77 kB | 94/502 kB
Progress (4): 149 kB | 111/165 kB | 71/77 kB | 94/502 kB
Progress (4): 149 kB | 115/165 kB | 71/77 kB | 94/502 kB
Progress (4): 149 kB | 119/165 kB | 71/77 kB | 94/502 kB
Progress (4): 149 kB | 123/165 kB | 71/77 kB | 94/502 kB
Progress (4): 149 kB | 127/165 kB | 71/77 kB | 94/502 kB
Progress (4): 149 kB | 131/165 kB | 71/77 kB | 94/502 kB
Progress (4): 149 kB | 135/165 kB | 71/77 kB | 94/502 kB
Progress (4): 149 kB | 139/165 kB | 71/77 kB | 94/502 kB
Progress (4): 149 kB | 143/165 kB | 71/77 kB | 94/502 kB
Progress (4): 149 kB | 147/165 kB | 71/77 kB | 94/502 kB
Progress (4): 149 kB | 152/165 kB | 71/77 kB | 94/502 kB
Progress (4): 149 kB | 156/165 kB | 71/77 kB | 94/502 kB
Progress (4): 149 kB | 160/165 kB | 71/77 kB | 94/502 kB
Progress (4): 149 kB | 164/165 kB | 71/77 kB | 94/502 kB
Progress (4): 149 kB | 165 kB | 71/77 kB | 94/502 kB    
Progress (4): 149 kB | 165 kB | 74/77 kB | 94/502 kB
Progress (4): 149 kB | 165 kB | 77/77 kB | 94/502 kB
Progress (4): 149 kB | 165 kB | 77 kB | 94/502 kB   
Progress (5): 149 kB | 165 kB | 77 kB | 94/502 kB | 2.7/638 kB
Progress (5): 149 kB | 165 kB | 77 kB | 94/502 kB | 5.5/638 kB
Progress (5): 149 kB | 165 kB | 77 kB | 94/502 kB | 8.2/638 kB
Progress (5): 149 kB | 165 kB | 77 kB | 94/502 kB | 11/638 kB 
                                                             
Downloaded from central: https://repo.maven.apache.org/maven2/org/codehaus/plexus/plexus-interpolation/1.22/plexus-interpolation-1.22.jar (77 kB at 818 kB/s)
Downloaded from central: https://repo.maven.apache.org/maven2/org/springframework/boot/spring-boot-loader-tools/2.1.5.RELEASE/spring-boot-loader-tools-2.1.5.RELEASE.jar (149 kB at 1.4 MB/s)
Progress (3): 165 kB | 98/502 kB | 11/638 kB
Progress (3): 165 kB | 102/502 kB | 11/638 kB
Progress (3): 165 kB | 106/502 kB | 11/638 kB
Progress (3): 165 kB | 111/502 kB | 11/638 kB
Progress (3): 165 kB | 115/502 kB | 11/638 kB
Progress (3): 165 kB | 115/502 kB | 14/638 kB
Progress (3): 165 kB | 115/502 kB | 16/638 kB
Progress (3): 165 kB | 115/502 kB | 19/638 kB
Progress (3): 165 kB | 115/502 kB | 22/638 kB
Progress (3): 165 kB | 115/502 kB | 25/638 kB
Progress (3): 165 kB | 115/502 kB | 27/638 kB
Progress (3): 165 kB | 115/502 kB | 30/638 kB
Progress (3): 165 kB | 115/502 kB | 33/638 kB
Progress (3): 165 kB | 115/502 kB | 36/638 kB
Progress (3): 165 kB | 115/502 kB | 38/638 kB
Progress (3): 165 kB | 115/502 kB | 41/638 kB
Progress (3): 165 kB | 115/502 kB | 44/638 kB
Progress (3): 165 kB | 115/502 kB | 47/638 kB
Progress (3): 165 kB | 115/502 kB | 49/638 kB
Progress (3): 165 kB | 115/502 kB | 52/638 kB
                                             
Downloaded from central: https://repo.maven.apache.org/maven2/org/apache/maven/shared/maven-shared-utils/3.2.0/maven-shared-utils-3.2.0.jar (165 kB at 1.5 MB/s)
Downloading from central: https://repo.maven.apache.org/maven2/org/apache/maven/maven-builder-support/3.3.9/maven-builder-support-3.3.9.jar
Downloading from central: https://repo.maven.apache.org/maven2/org/apache/maven/maven-settings-builder/3.3.9/maven-settings-builder-3.3.9.jar
Progress (2): 119/502 kB | 52/638 kB
Progress (2): 123/502 kB | 52/638 kB
Progress (2): 127/502 kB | 52/638 kB
Progress (2): 131/502 kB | 52/638 kB
                                    
Downloading from central: https://repo.maven.apache.org/maven2/org/apache/maven/maven-repository-metadata/3.3.9/maven-repository-metadata-3.3.9.jar
Progress (2): 135/502 kB | 52/638 kB
Progress (3): 135/502 kB | 52/638 kB | 2.7/15 kB
Progress (3): 135/502 kB | 52/638 kB | 5.5/15 kB
Progress (3): 135/502 kB | 52/638 kB | 8.2/15 kB
Progress (3): 135/502 kB | 52/638 kB | 11/15 kB 
Progress (3): 135/502 kB | 52/638 kB | 14/15 kB
Progress (3): 135/502 kB | 52/638 kB | 15 kB   
Progress (4): 135/502 kB | 52/638 kB | 15 kB | 4.1/43 kB
Progress (4): 135/502 kB | 52/638 kB | 15 kB | 8.2/43 kB
Progress (4): 135/502 kB | 52/638 kB | 15 kB | 12/43 kB 
Progress (4): 135/502 kB | 52/638 kB | 15 kB | 16/43 kB
Progress (4): 135/502 kB | 52/638 kB | 15 kB | 20/43 kB
Progress (4): 135/502 kB | 52/638 kB | 15 kB | 25/43 kB
Progress (4): 135/502 kB | 52/638 kB | 15 kB | 29/43 kB
Progress (4): 135/502 kB | 52/638 kB | 15 kB | 33/43 kB
Progress (4): 139/502 kB | 52/638 kB | 15 kB | 33/43 kB
Progress (4): 143/502 kB | 52/638 kB | 15 kB | 33/43 kB
Progress (4): 147/502 kB | 52/638 kB | 15 kB | 33/43 kB
Progress (4): 152/502 kB | 52/638 kB | 15 kB | 33/43 kB
Progress (4): 156/502 kB | 52/638 kB | 15 kB | 33/43 kB
Progress (4): 160/502 kB | 52/638 kB | 15 kB | 33/43 kB
Progress (4): 164/502 kB | 52/638 kB | 15 kB | 33/43 kB
Progress (5): 164/502 kB | 52/638 kB | 15 kB | 33/43 kB | 4.1/27 kB
Progress (5): 164/502 kB | 52/638 kB | 15 kB | 33/43 kB | 8.2/27 kB
Progress (5): 164/502 kB | 52/638 kB | 15 kB | 33/43 kB | 12/27 kB 
Progress (5): 164/502 kB | 52/638 kB | 15 kB | 33/43 kB | 16/27 kB
Progress (5): 164/502 kB | 52/638 kB | 15 kB | 33/43 kB | 20/27 kB
Progress (5): 164/502 kB | 52/638 kB | 15 kB | 33/43 kB | 25/27 kB
Progress (5): 164/502 kB | 52/638 kB | 15 kB | 33/43 kB | 27 kB   
Progress (5): 164/502 kB | 55/638 kB | 15 kB | 33/43 kB | 27 kB
Progress (5): 164/502 kB | 58/638 kB | 15 kB | 33/43 kB | 27 kB
Progress (5): 164/502 kB | 60/638 kB | 15 kB | 33/43 kB | 27 kB
Progress (5): 164/502 kB | 63/638 kB | 15 kB | 33/43 kB | 27 kB
Progress (5): 164/502 kB | 66/638 kB | 15 kB | 33/43 kB | 27 kB
Progress (5): 164/502 kB | 66/638 kB | 15 kB | 37/43 kB | 27 kB
Progress (5): 164/502 kB | 66/638 kB | 15 kB | 41/43 kB | 27 kB
Progress (5): 164/502 kB | 66/638 kB | 15 kB | 43 kB | 27 kB   
                                                            
Downloaded from central: https://repo.maven.apache.org/maven2/org/apache/maven/maven-builder-support/3.3.9/maven-builder-support-3.3.9.jar (15 kB at 122 kB/s)
Downloading from central: https://repo.maven.apache.org/maven2/org/apache/maven/maven-model-builder/3.3.9/maven-model-builder-3.3.9.jar
Downloaded from central: https://repo.maven.apache.org/maven2/org/apache/maven/maven-settings-builder/3.3.9/maven-settings-builder-3.3.9.jar (43 kB at 347 kB/s)
Progress (3): 168/502 kB | 66/638 kB | 27 kB
Progress (3): 172/502 kB | 66/638 kB | 27 kB
Progress (3): 176/502 kB | 66/638 kB | 27 kB
Progress (3): 180/502 kB | 66/638 kB | 27 kB
Progress (3): 184/502 kB | 66/638 kB | 27 kB
Progress (4): 184/502 kB | 66/638 kB | 27 kB | 2.7/177 kB
Progress (4): 184/502 kB | 66/638 kB | 27 kB | 5.5/177 kB
Progress (4): 184/502 kB | 66/638 kB | 27 kB | 8.2/177 kB
Progress (4): 184/502 kB | 66/638 kB | 27 kB | 11/177 kB 
Progress (4): 184/502 kB | 66/638 kB | 27 kB | 14/177 kB
Progress (4): 184/502 kB | 69/638 kB | 27 kB | 14/177 kB
Progress (4): 184/502 kB | 71/638 kB | 27 kB | 14/177 kB
Progress (4): 184/502 kB | 74/638 kB | 27 kB | 14/177 kB
Progress (4): 184/502 kB | 77/638 kB | 27 kB | 14/177 kB
Progress (4): 184/502 kB | 80/638 kB | 27 kB | 14/177 kB
Progress (4): 184/502 kB | 82/638 kB | 27 kB | 14/177 kB
Progress (4): 184/502 kB | 85/638 kB | 27 kB | 14/177 kB
Progress (4): 184/502 kB | 88/638 kB | 27 kB | 14/177 kB
Progress (4): 184/502 kB | 90/638 kB | 27 kB | 14/177 kB
Progress (4): 184/502 kB | 93/638 kB | 27 kB | 14/177 kB
Progress (4): 184/502 kB | 96/638 kB | 27 kB | 14/177 kB
Progress (4): 184/502 kB | 99/638 kB | 27 kB | 14/177 kB
Progress (4): 184/502 kB | 101/638 kB | 27 kB | 14/177 kB
                                                         
Downloaded from central: https://repo.maven.apache.org/maven2/org/apache/maven/maven-repository-metadata/3.3.9/maven-repository-metadata-3.3.9.jar (27 kB at 188 kB/s)
Downloading from central: https://repo.maven.apache.org/maven2/org/apache/maven/maven-aether-provider/3.3.9/maven-aether-provider-3.3.9.jar
Downloading from central: https://repo.maven.apache.org/maven2/org/eclipse/aether/aether-spi/1.0.2.v20150114/aether-spi-1.0.2.v20150114.jar
Progress (3): 188/502 kB | 101/638 kB | 14/177 kB
Progress (3): 193/502 kB | 101/638 kB | 14/177 kB
Progress (3): 197/502 kB | 101/638 kB | 14/177 kB
Progress (3): 201/502 kB | 101/638 kB | 14/177 kB
Progress (3): 201/502 kB | 101/638 kB | 16/177 kB
Progress (3): 201/502 kB | 101/638 kB | 19/177 kB
Progress (3): 201/502 kB | 101/638 kB | 22/177 kB
Progress (3): 201/502 kB | 101/638 kB | 25/177 kB
Progress (3): 201/502 kB | 101/638 kB | 27/177 kB
Progress (3): 201/502 kB | 101/638 kB | 30/177 kB
Progress (3): 201/502 kB | 101/638 kB | 33/177 kB
Progress (3): 201/502 kB | 101/638 kB | 36/177 kB
Progress (3): 201/502 kB | 101/638 kB | 38/177 kB
Progress (3): 201/502 kB | 101/638 kB | 41/177 kB
Progress (3): 201/502 kB | 101/638 kB | 44/177 kB
Progress (3): 201/502 kB | 101/638 kB | 47/177 kB
Progress (3): 201/502 kB | 101/638 kB | 49/177 kB
Progress (3): 201/502 kB | 104/638 kB | 49/177 kB
Progress (3): 201/502 kB | 107/638 kB | 49/177 kB
Progress (3): 201/502 kB | 110/638 kB | 49/177 kB
Progress (4): 201/502 kB | 110/638 kB | 49/177 kB | 4.1/31 kB
Progress (5): 201/502 kB | 110/638 kB | 49/177 kB | 4.1/31 kB | 4.1/67 kB
Progress (5): 201/502 kB | 110/638 kB | 49/177 kB | 4.1/31 kB | 8.2/67 kB
Progress (5): 201/502 kB | 110/638 kB | 49/177 kB | 4.1/31 kB | 12/67 kB 
Progress (5): 201/502 kB | 110/638 kB | 49/177 kB | 4.1/31 kB | 16/67 kB
Progress (5): 201/502 kB | 110/638 kB | 49/177 kB | 4.1/31 kB | 20/67 kB
Progress (5): 201/502 kB | 110/638 kB | 49/177 kB | 4.1/31 kB | 25/67 kB
Progress (5): 201/502 kB | 110/638 kB | 49/177 kB | 4.1/31 kB | 29/67 kB
Progress (5): 201/502 kB | 110/638 kB | 49/177 kB | 4.1/31 kB | 33/67 kB
Progress (5): 201/502 kB | 110/638 kB | 49/177 kB | 4.1/31 kB | 37/67 kB
Progress (5): 201/502 kB | 110/638 kB | 49/177 kB | 4.1/31 kB | 41/67 kB
Progress (5): 201/502 kB | 110/638 kB | 49/177 kB | 4.1/31 kB | 45/67 kB
Progress (5): 201/502 kB | 110/638 kB | 49/177 kB | 4.1/31 kB | 49/67 kB
Progress (5): 201/502 kB | 110/638 kB | 49/177 kB | 4.1/31 kB | 53/67 kB
Progress (5): 201/502 kB | 110/638 kB | 49/177 kB | 4.1/31 kB | 57/67 kB
Progress (5): 201/502 kB | 110/638 kB | 49/177 kB | 8.2/31 kB | 57/67 kB
Progress (5): 201/502 kB | 110/638 kB | 49/177 kB | 12/31 kB | 57/67 kB 
Progress (5): 201/502 kB | 110/638 kB | 49/177 kB | 16/31 kB | 57/67 kB
Progress (5): 201/502 kB | 110/638 kB | 49/177 kB | 20/31 kB | 57/67 kB
Progress (5): 201/502 kB | 110/638 kB | 49/177 kB | 25/31 kB | 57/67 kB
Progress (5): 201/502 kB | 110/638 kB | 49/177 kB | 29/31 kB | 57/67 kB
Progress (5): 201/502 kB | 110/638 kB | 49/177 kB | 31 kB | 57/67 kB   
Progress (5): 205/502 kB | 110/638 kB | 49/177 kB | 31 kB | 57/67 kB
Progress (5): 209/502 kB | 110/638 kB | 49/177 kB | 31 kB | 57/67 kB
Progress (5): 213/502 kB | 110/638 kB | 49/177 kB | 31 kB | 57/67 kB
Progress (5): 217/502 kB | 110/638 kB | 49/177 kB | 31 kB | 57/67 kB
Progress (5): 221/502 kB | 110/638 kB | 49/177 kB | 31 kB | 57/67 kB
Progress (5): 225/502 kB | 110/638 kB | 49/177 kB | 31 kB | 57/67 kB
Progress (5): 229/502 kB | 110/638 kB | 49/177 kB | 31 kB | 57/67 kB
Progress (5): 229/502 kB | 112/638 kB | 49/177 kB | 31 kB | 57/67 kB
Progress (5): 229/502 kB | 115/638 kB | 49/177 kB | 31 kB | 57/67 kB
Progress (5): 229/502 kB | 118/638 kB | 49/177 kB | 31 kB | 57/67 kB
Progress (5): 229/502 kB | 121/638 kB | 49/177 kB | 31 kB | 57/67 kB
Progress (5): 229/502 kB | 123/638 kB | 49/177 kB | 31 kB | 57/67 kB
Progress (5): 229/502 kB | 126/638 kB | 49/177 kB | 31 kB | 57/67 kB
Progress (5): 229/502 kB | 129/638 kB | 49/177 kB | 31 kB | 57/67 kB
Progress (5): 229/502 kB | 132/638 kB | 49/177 kB | 31 kB | 57/67 kB
                                                                    
Downloaded from central: https://repo.maven.apache.org/maven2/org/eclipse/aether/aether-spi/1.0.2.v20150114/aether-spi-1.0.2.v20150114.jar (31 kB at 166 kB/s)
Progress (4): 229/502 kB | 132/638 kB | 52/177 kB | 57/67 kB
Progress (4): 229/502 kB | 132/638 kB | 55/177 kB | 57/67 kB
Progress (4): 229/502 kB | 132/638 kB | 58/177 kB | 57/67 kB
Progress (4): 229/502 kB | 132/638 kB | 60/177 kB | 57/67 kB
Progress (4): 229/502 kB | 132/638 kB | 63/177 kB | 57/67 kB
Progress (4): 229/502 kB | 132/638 kB | 66/177 kB | 57/67 kB
Progress (4): 229/502 kB | 132/638 kB | 69/177 kB | 57/67 kB
Progress (4): 229/502 kB | 132/638 kB | 71/177 kB | 57/67 kB
Progress (4): 229/502 kB | 132/638 kB | 74/177 kB | 57/67 kB
Progress (4): 229/502 kB | 132/638 kB | 77/177 kB | 57/67 kB
Progress (4): 229/502 kB | 132/638 kB | 77/177 kB | 61/67 kB
Progress (4): 229/502 kB | 132/638 kB | 77/177 kB | 66/67 kB
Progress (4): 229/502 kB | 132/638 kB | 77/177 kB | 67 kB   
Progress (4): 233/502 kB | 132/638 kB | 77/177 kB | 67 kB
Progress (4): 238/502 kB | 132/638 kB | 77/177 kB | 67 kB
Progress (4): 242/502 kB | 132/638 kB | 77/177 kB | 67 kB
Progress (4): 246/502 kB | 132/638 kB | 77/177 kB | 67 kB
Progress (4): 250/502 kB | 132/638 kB | 77/177 kB | 67 kB
Progress (4): 254/502 kB | 132/638 kB | 77/177 kB | 67 kB
Progress (4): 258/502 kB | 132/638 kB | 77/177 kB | 67 kB
Progress (4): 262/502 kB | 132/638 kB | 77/177 kB | 67 kB
Progress (4): 266/502 kB | 132/638 kB | 77/177 kB | 67 kB
Progress (4): 270/502 kB | 132/638 kB | 77/177 kB | 67 kB
Progress (4): 274/502 kB | 132/638 kB | 77/177 kB | 67 kB
Progress (4): 279/502 kB | 132/638 kB | 77/177 kB | 67 kB
                                                         
Downloading from central: https://repo.maven.apache.org/maven2/org/eclipse/aether/aether-impl/1.0.2.v20150114/aether-impl-1.0.2.v20150114.jar
Downloaded from central: https://repo.maven.apache.org/maven2/org/apache/maven/maven-aether-provider/3.3.9/maven-aether-provider-3.3.9.jar (67 kB at 346 kB/s)
Downloading from central: https://repo.maven.apache.org/maven2/org/eclipse/aether/aether-api/1.0.2.v20150114/aether-api-1.0.2.v20150114.jar
Progress (4): 279/502 kB | 132/638 kB | 77/177 kB | 4.1/173 kB
Progress (4): 279/502 kB | 132/638 kB | 77/177 kB | 8.2/173 kB
Progress (4): 279/502 kB | 132/638 kB | 77/177 kB | 12/173 kB 
Progress (4): 279/502 kB | 132/638 kB | 77/177 kB | 16/173 kB
Progress (4): 279/502 kB | 132/638 kB | 77/177 kB | 20/173 kB
Progress (4): 279/502 kB | 132/638 kB | 77/177 kB | 25/173 kB
Progress (4): 279/502 kB | 132/638 kB | 77/177 kB | 29/173 kB
Progress (4): 279/502 kB | 132/638 kB | 77/177 kB | 33/173 kB
Progress (4): 279/502 kB | 132/638 kB | 77/177 kB | 37/173 kB
Progress (4): 279/502 kB | 132/638 kB | 77/177 kB | 41/173 kB
Progress (4): 279/502 kB | 132/638 kB | 80/177 kB | 41/173 kB
Progress (4): 279/502 kB | 132/638 kB | 82/177 kB | 41/173 kB
Progress (4): 279/502 kB | 132/638 kB | 85/177 kB | 41/173 kB
Progress (4): 279/502 kB | 134/638 kB | 85/177 kB | 41/173 kB
Progress (4): 279/502 kB | 137/638 kB | 85/177 kB | 41/173 kB
Progress (4): 279/502 kB | 140/638 kB | 85/177 kB | 41/173 kB
Progress (4): 279/502 kB | 143/638 kB | 85/177 kB | 41/173 kB
Progress (4): 279/502 kB | 145/638 kB | 85/177 kB | 41/173 kB
Progress (4): 279/502 kB | 148/638 kB | 85/177 kB | 41/173 kB
Progress (4): 279/502 kB | 151/638 kB | 85/177 kB | 41/173 kB
Progress (4): 279/502 kB | 154/638 kB | 85/177 kB | 41/173 kB
Progress (4): 279/502 kB | 156/638 kB | 85/177 kB | 41/173 kB
Progress (4): 279/502 kB | 159/638 kB | 85/177 kB | 41/173 kB
Progress (4): 279/502 kB | 162/638 kB | 85/177 kB | 41/173 kB
Progress (4): 279/502 kB | 165/638 kB | 85/177 kB | 41/173 kB
Progress (4): 279/502 kB | 165/638 kB | 88/177 kB | 41/173 kB
Progress (4): 279/502 kB | 165/638 kB | 90/177 kB | 41/173 kB
Progress (4): 279/502 kB | 165/638 kB | 93/177 kB | 41/173 kB
Progress (4): 279/502 kB | 165/638 kB | 96/177 kB | 41/173 kB
Progress (4): 279/502 kB | 165/638 kB | 99/177 kB | 41/173 kB
Progress (4): 279/502 kB | 165/638 kB | 101/177 kB | 41/173 kB
Progress (4): 283/502 kB | 165/638 kB | 101/177 kB | 41/173 kB
Progress (4): 287/502 kB | 165/638 kB | 101/177 kB | 41/173 kB
Progress (4): 291/502 kB | 165/638 kB | 101/177 kB | 41/173 kB
Progress (4): 295/502 kB | 165/638 kB | 101/177 kB | 41/173 kB
Progress (4): 299/502 kB | 165/638 kB | 101/177 kB | 41/173 kB
Progress (4): 303/502 kB | 165/638 kB | 101/177 kB | 41/173 kB
Progress (4): 307/502 kB | 165/638 kB | 101/177 kB | 41/173 kB
Progress (4): 311/502 kB | 165/638 kB | 101/177 kB | 41/173 kB
Progress (4): 315/502 kB | 165/638 kB | 101/177 kB | 41/173 kB
Progress (4): 319/502 kB | 165/638 kB | 101/177 kB | 41/173 kB
Progress (4): 324/502 kB | 165/638 kB | 101/177 kB | 41/173 kB
Progress (4): 328/502 kB | 165/638 kB | 101/177 kB | 41/173 kB
Progress (4): 332/502 kB | 165/638 kB | 101/177 kB | 41/173 kB
Progress (4): 336/502 kB | 165/638 kB | 101/177 kB | 41/173 kB
Progress (4): 340/502 kB | 165/638 kB | 101/177 kB | 41/173 kB
Progress (5): 340/502 kB | 165/638 kB | 101/177 kB | 41/173 kB | 4.1/136 kB
Progress (5): 340/502 kB | 165/638 kB | 101/177 kB | 41/173 kB | 8.2/136 kB
Progress (5): 340/502 kB | 165/638 kB | 101/177 kB | 41/173 kB | 12/136 kB 
Progress (5): 340/502 kB | 165/638 kB | 101/177 kB | 41/173 kB | 16/136 kB
Progress (5): 340/502 kB | 165/638 kB | 101/177 kB | 41/173 kB | 20/136 kB
Progress (5): 340/502 kB | 165/638 kB | 101/177 kB | 41/173 kB | 25/136 kB
Progress (5): 340/502 kB | 165/638 kB | 101/177 kB | 41/173 kB | 29/136 kB
Progress (5): 340/502 kB | 167/638 kB | 101/177 kB | 41/173 kB | 29/136 kB
Progress (5): 340/502 kB | 170/638 kB | 101/177 kB | 41/173 kB | 29/136 kB
Progress (5): 340/502 kB | 173/638 kB | 101/177 kB | 41/173 kB | 29/136 kB
Progress (5): 340/502 kB | 175/638 kB | 101/177 kB | 41/173 kB | 29/136 kB
Progress (5): 340/502 kB | 178/638 kB | 101/177 kB | 41/173 kB | 29/136 kB
Progress (5): 340/502 kB | 181/638 kB | 101/177 kB | 41/173 kB | 29/136 kB
Progress (5): 340/502 kB | 184/638 kB | 101/177 kB | 41/173 kB | 29/136 kB
Progress (5): 340/502 kB | 184/638 kB | 101/177 kB | 45/173 kB | 29/136 kB
Progress (5): 340/502 kB | 184/638 kB | 101/177 kB | 49/173 kB | 29/136 kB
Progress (5): 340/502 kB | 184/638 kB | 104/177 kB | 49/173 kB | 29/136 kB
Progress (5): 340/502 kB | 184/638 kB | 107/177 kB | 49/173 kB | 29/136 kB
Progress (5): 340/502 kB | 184/638 kB | 110/177 kB | 49/173 kB | 29/136 kB
Progress (5): 340/502 kB | 184/638 kB | 112/177 kB | 49/173 kB | 29/136 kB
Progress (5): 340/502 kB | 184/638 kB | 115/177 kB | 49/173 kB | 29/136 kB
Progress (5): 340/502 kB | 184/638 kB | 118/177 kB | 49/173 kB | 29/136 kB
Progress (5): 340/502 kB | 184/638 kB | 121/177 kB | 49/173 kB | 29/136 kB
Progress (5): 340/502 kB | 184/638 kB | 121/177 kB | 53/173 kB | 29/136 kB
Progress (5): 340/502 kB | 184/638 kB | 121/177 kB | 57/173 kB | 29/136 kB
Progress (5): 340/502 kB | 184/638 kB | 121/177 kB | 61/173 kB | 29/136 kB
Progress (5): 340/502 kB | 184/638 kB | 121/177 kB | 66/173 kB | 29/136 kB
Progress (5): 340/502 kB | 184/638 kB | 121/177 kB | 70/173 kB | 29/136 kB
Progress (5): 340/502 kB | 184/638 kB | 121/177 kB | 74/173 kB | 29/136 kB
Progress (5): 340/502 kB | 184/638 kB | 121/177 kB | 78/173 kB | 29/136 kB
Progress (5): 340/502 kB | 184/638 kB | 121/177 kB | 82/173 kB | 29/136 kB
Progress (5): 340/502 kB | 184/638 kB | 121/177 kB | 86/173 kB | 29/136 kB
Progress (5): 340/502 kB | 184/638 kB | 121/177 kB | 90/173 kB | 29/136 kB
Progress (5): 340/502 kB | 184/638 kB | 121/177 kB | 94/173 kB | 29/136 kB
Progress (5): 340/502 kB | 184/638 kB | 121/177 kB | 98/173 kB | 29/136 kB
Progress (5): 340/502 kB | 184/638 kB | 121/177 kB | 102/173 kB | 29/136 kB
Progress (5): 340/502 kB | 184/638 kB | 121/177 kB | 102/173 kB | 33/136 kB
Progress (5): 340/502 kB | 184/638 kB | 121/177 kB | 102/173 kB | 37/136 kB
Progress (5): 340/502 kB | 184/638 kB | 121/177 kB | 102/173 kB | 41/136 kB
Progress (5): 340/502 kB | 184/638 kB | 121/177 kB | 102/173 kB | 45/136 kB
Progress (5): 340/502 kB | 184/638 kB | 121/177 kB | 102/173 kB | 49/136 kB
Progress (5): 340/502 kB | 184/638 kB | 121/177 kB | 102/173 kB | 53/136 kB
Progress (5): 340/502 kB | 186/638 kB | 121/177 kB | 102/173 kB | 53/136 kB
Progress (5): 340/502 kB | 189/638 kB | 121/177 kB | 102/173 kB | 53/136 kB
Progress (5): 340/502 kB | 192/638 kB | 121/177 kB | 102/173 kB | 53/136 kB
Progress (5): 340/502 kB | 195/638 kB | 121/177 kB | 102/173 kB | 53/136 kB
Progress (5): 340/502 kB | 197/638 kB | 121/177 kB | 102/173 kB | 53/136 kB
Progress (5): 340/502 kB | 200/638 kB | 121/177 kB | 102/173 kB | 53/136 kB
Progress (5): 340/502 kB | 203/638 kB | 121/177 kB | 102/173 kB | 53/136 kB
Progress (5): 340/502 kB | 206/638 kB | 121/177 kB | 102/173 kB | 53/136 kB
Progress (5): 340/502 kB | 206/638 kB | 123/177 kB | 102/173 kB | 53/136 kB
Progress (5): 340/502 kB | 206/638 kB | 126/177 kB | 102/173 kB | 53/136 kB
Progress (5): 340/502 kB | 206/638 kB | 129/177 kB | 102/173 kB | 53/136 kB
Progress (5): 340/502 kB | 206/638 kB | 132/177 kB | 102/173 kB | 53/136 kB
Progress (5): 340/502 kB | 206/638 kB | 134/177 kB | 102/173 kB | 53/136 kB
Progress (5): 340/502 kB | 206/638 kB | 137/177 kB | 102/173 kB | 53/136 kB
Progress (5): 340/502 kB | 206/638 kB | 140/177 kB | 102/173 kB | 53/136 kB
Progress (5): 340/502 kB | 206/638 kB | 143/177 kB | 102/173 kB | 53/136 kB
Progress (5): 340/502 kB | 206/638 kB | 145/177 kB | 102/173 kB | 53/136 kB
Progress (5): 340/502 kB | 206/638 kB | 145/177 kB | 106/173 kB | 53/136 kB
Progress (5): 340/502 kB | 206/638 kB | 145/177 kB | 111/173 kB | 53/136 kB
Progress (5): 340/502 kB | 206/638 kB | 145/177 kB | 111/173 kB | 57/136 kB
Progress (5): 344/502 kB | 206/638 kB | 145/177 kB | 111/173 kB | 57/136 kB
Progress (5): 348/502 kB | 206/638 kB | 145/177 kB | 111/173 kB | 57/136 kB
Progress (5): 352/502 kB | 206/638 kB | 145/177 kB | 111/173 kB | 57/136 kB
Progress (5): 356/502 kB | 206/638 kB | 145/177 kB | 111/173 kB | 57/136 kB
Progress (5): 360/502 kB | 206/638 kB | 145/177 kB | 111/173 kB | 57/136 kB
Progress (5): 365/502 kB | 206/638 kB | 145/177 kB | 111/173 kB | 57/136 kB
Progress (5): 369/502 kB | 206/638 kB | 145/177 kB | 111/173 kB | 57/136 kB
Progress (5): 373/502 kB | 206/638 kB | 145/177 kB | 111/173 kB | 57/136 kB
Progress (5): 377/502 kB | 206/638 kB | 145/177 kB | 111/173 kB | 57/136 kB
Progress (5): 381/502 kB | 206/638 kB | 145/177 kB | 111/173 kB | 57/136 kB
Progress (5): 381/502 kB | 208/638 kB | 145/177 kB | 111/173 kB | 57/136 kB
Progress (5): 381/502 kB | 211/638 kB | 145/177 kB | 111/173 kB | 57/136 kB
Progress (5): 381/502 kB | 214/638 kB | 145/177 kB | 111/173 kB | 57/136 kB
Progress (5): 381/502 kB | 214/638 kB | 148/177 kB | 111/173 kB | 57/136 kB
Progress (5): 381/502 kB | 214/638 kB | 151/177 kB | 111/173 kB | 57/136 kB
Progress (5): 381/502 kB | 214/638 kB | 154/177 kB | 111/173 kB | 57/136 kB
Progress (5): 381/502 kB | 214/638 kB | 156/177 kB | 111/173 kB | 57/136 kB
Progress (5): 381/502 kB | 214/638 kB | 159/177 kB | 111/173 kB | 57/136 kB
Progress (5): 381/502 kB | 214/638 kB | 162/177 kB | 111/173 kB | 57/136 kB
Progress (5): 381/502 kB | 214/638 kB | 165/177 kB | 111/173 kB | 57/136 kB
Progress (5): 381/502 kB | 214/638 kB | 167/177 kB | 111/173 kB | 57/136 kB
Progress (5): 381/502 kB | 214/638 kB | 170/177 kB | 111/173 kB | 57/136 kB
Progress (5): 381/502 kB | 214/638 kB | 173/177 kB | 111/173 kB | 57/136 kB
Progress (5): 381/502 kB | 214/638 kB | 175/177 kB | 111/173 kB | 57/136 kB
Progress (5): 381/502 kB | 214/638 kB | 177 kB | 111/173 kB | 57/136 kB    
Progress (5): 381/502 kB | 214/638 kB | 177 kB | 115/173 kB | 57/136 kB
Progress (5): 381/502 kB | 214/638 kB | 177 kB | 115/173 kB | 61/136 kB
Progress (5): 381/502 kB | 214/638 kB | 177 kB | 115/173 kB | 66/136 kB
Progress (5): 381/502 kB | 214/638 kB | 177 kB | 115/173 kB | 70/136 kB
Progress (5): 381/502 kB | 214/638 kB | 177 kB | 115/173 kB | 74/136 kB
Progress (5): 381/502 kB | 214/638 kB | 177 kB | 115/173 kB | 78/136 kB
Progress (5): 381/502 kB | 214/638 kB | 177 kB | 115/173 kB | 82/136 kB
Progress (5): 381/502 kB | 214/638 kB | 177 kB | 115/173 kB | 86/136 kB
Progress (5): 381/502 kB | 214/638 kB | 177 kB | 115/173 kB | 90/136 kB
Progress (5): 381/502 kB | 214/638 kB | 177 kB | 115/173 kB | 94/136 kB
Progress (5): 381/502 kB | 214/638 kB | 177 kB | 115/173 kB | 98/136 kB
Progress (5): 381/502 kB | 214/638 kB | 177 kB | 115/173 kB | 102/136 kB
Progress (5): 381/502 kB | 214/638 kB | 177 kB | 115/173 kB | 106/136 kB
Progress (5): 381/502 kB | 214/638 kB | 177 kB | 115/173 kB | 111/136 kB
Progress (5): 381/502 kB | 214/638 kB | 177 kB | 115/173 kB | 115/136 kB
Progress (5): 381/502 kB | 214/638 kB | 177 kB | 119/173 kB | 115/136 kB
Progress (5): 381/502 kB | 214/638 kB | 177 kB | 123/173 kB | 115/136 kB
Progress (5): 381/502 kB | 214/638 kB | 177 kB | 127/173 kB | 115/136 kB
Progress (5): 381/502 kB | 214/638 kB | 177 kB | 131/173 kB | 115/136 kB
Progress (5): 381/502 kB | 214/638 kB | 177 kB | 135/173 kB | 115/136 kB
Progress (5): 381/502 kB | 214/638 kB | 177 kB | 139/173 kB | 115/136 kB
Progress (5): 381/502 kB | 214/638 kB | 177 kB | 143/173 kB | 115/136 kB
Progress (5): 381/502 kB | 214/638 kB | 177 kB | 147/173 kB | 115/136 kB
Progress (5): 381/502 kB | 214/638 kB | 177 kB | 152/173 kB | 115/136 kB
Progress (5): 381/502 kB | 214/638 kB | 177 kB | 156/173 kB | 115/136 kB
Progress (5): 381/502 kB | 217/638 kB | 177 kB | 156/173 kB | 115/136 kB
Progress (5): 381/502 kB | 219/638 kB | 177 kB | 156/173 kB | 115/136 kB
Progress (5): 381/502 kB | 222/638 kB | 177 kB | 156/173 kB | 115/136 kB
Progress (5): 381/502 kB | 225/638 kB | 177 kB | 156/173 kB | 115/136 kB
Progress (5): 381/502 kB | 228/638 kB | 177 kB | 156/173 kB | 115/136 kB
Progress (5): 381/502 kB | 230/638 kB | 177 kB | 156/173 kB | 115/136 kB
Progress (5): 381/502 kB | 233/638 kB | 177 kB | 156/173 kB | 115/136 kB
Progress (5): 381/502 kB | 236/638 kB | 177 kB | 156/173 kB | 115/136 kB
Progress (5): 381/502 kB | 239/638 kB | 177 kB | 156/173 kB | 115/136 kB
Progress (5): 381/502 kB | 241/638 kB | 177 kB | 156/173 kB | 115/136 kB
Progress (5): 381/502 kB | 244/638 kB | 177 kB | 156/173 kB | 115/136 kB
Progress (5): 381/502 kB | 247/638 kB | 177 kB | 156/173 kB | 115/136 kB
Progress (5): 381/502 kB | 250/638 kB | 177 kB | 156/173 kB | 115/136 kB
Progress (5): 381/502 kB | 252/638 kB | 177 kB | 156/173 kB | 115/136 kB
                                                                        
Downloaded from central: https://repo.maven.apache.org/maven2/org/apache/maven/maven-model-builder/3.3.9/maven-model-builder-3.3.9.jar (177 kB at 634 kB/s)
Progress (4): 381/502 kB | 252/638 kB | 156/173 kB | 119/136 kB
Progress (4): 385/502 kB | 252/638 kB | 156/173 kB | 119/136 kB
Progress (4): 389/502 kB | 252/638 kB | 156/173 kB | 119/136 kB
Progress (4): 393/502 kB | 252/638 kB | 156/173 kB | 119/136 kB
Progress (4): 397/502 kB | 252/638 kB | 156/173 kB | 119/136 kB
Progress (4): 401/502 kB | 252/638 kB | 156/173 kB | 119/136 kB
Progress (4): 406/502 kB | 252/638 kB | 156/173 kB | 119/136 kB
Progress (4): 410/502 kB | 252/638 kB | 156/173 kB | 119/136 kB
Progress (4): 414/502 kB | 252/638 kB | 156/173 kB | 119/136 kB
Progress (4): 418/502 kB | 252/638 kB | 156/173 kB | 119/136 kB
Progress (4): 422/502 kB | 252/638 kB | 156/173 kB | 119/136 kB
Progress (4): 426/502 kB | 252/638 kB | 156/173 kB | 119/136 kB
Progress (4): 430/502 kB | 252/638 kB | 156/173 kB | 119/136 kB
Progress (4): 434/502 kB | 252/638 kB | 156/173 kB | 119/136 kB
Progress (4): 438/502 kB | 252/638 kB | 156/173 kB | 119/136 kB
Progress (4): 438/502 kB | 252/638 kB | 160/173 kB | 119/136 kB
Progress (4): 438/502 kB | 252/638 kB | 164/173 kB | 119/136 kB
Progress (4): 438/502 kB | 255/638 kB | 164/173 kB | 119/136 kB
Progress (4): 438/502 kB | 258/638 kB | 164/173 kB | 119/136 kB
Progress (4): 438/502 kB | 260/638 kB | 164/173 kB | 119/136 kB
Progress (4): 438/502 kB | 263/638 kB | 164/173 kB | 119/136 kB
Progress (4): 438/502 kB | 266/638 kB | 164/173 kB | 119/136 kB
Progress (4): 438/502 kB | 269/638 kB | 164/173 kB | 119/136 kB
Progress (4): 438/502 kB | 271/638 kB | 164/173 kB | 119/136 kB
Progress (4): 438/502 kB | 274/638 kB | 164/173 kB | 119/136 kB
Progress (4): 438/502 kB | 277/638 kB | 164/173 kB | 119/136 kB
                                                               
Downloading from central: https://repo.maven.apache.org/maven2/org/eclipse/aether/aether-util/1.0.2.v20150114/aether-util-1.0.2.v20150114.jar
Progress (4): 438/502 kB | 277/638 kB | 164/173 kB | 123/136 kB
Progress (4): 438/502 kB | 277/638 kB | 164/173 kB | 127/136 kB
Progress (4): 438/502 kB | 277/638 kB | 164/173 kB | 131/136 kB
Progress (4): 438/502 kB | 277/638 kB | 164/173 kB | 135/136 kB
Progress (4): 438/502 kB | 277/638 kB | 164/173 kB | 136 kB    
Progress (4): 442/502 kB | 277/638 kB | 164/173 kB | 136 kB
Progress (4): 446/502 kB | 277/638 kB | 164/173 kB | 136 kB
Progress (4): 451/502 kB | 277/638 kB | 164/173 kB | 136 kB
Progress (4): 455/502 kB | 277/638 kB | 164/173 kB | 136 kB
Progress (4): 459/502 kB | 277/638 kB | 164/173 kB | 136 kB
Progress (5): 459/502 kB | 277/638 kB | 164/173 kB | 136 kB | 4.1/147 kB
Progress (5): 459/502 kB | 277/638 kB | 164/173 kB | 136 kB | 8.2/147 kB
Progress (5): 459/502 kB | 277/638 kB | 164/173 kB | 136 kB | 12/147 kB 
Progress (5): 459/502 kB | 277/638 kB | 164/173 kB | 136 kB | 16/147 kB
Progress (5): 459/502 kB | 277/638 kB | 164/173 kB | 136 kB | 20/147 kB
                                                                       
Downloaded from central: https://repo.maven.apache.org/maven2/org/eclipse/aether/aether-api/1.0.2.v20150114/aether-api-1.0.2.v20150114.jar (136 kB at 437 kB/s)
Downloading from central: https://repo.maven.apache.org/maven2/org/eclipse/sisu/org.eclipse.sisu.plexus/0.3.2/org.eclipse.sisu.plexus-0.3.2.jar
Progress (4): 463/502 kB | 277/638 kB | 164/173 kB | 20/147 kB
Progress (4): 463/502 kB | 277/638 kB | 168/173 kB | 20/147 kB
Progress (4): 463/502 kB | 277/638 kB | 172/173 kB | 20/147 kB
Progress (4): 463/502 kB | 277/638 kB | 173 kB | 20/147 kB    
Progress (4): 467/502 kB | 277/638 kB | 173 kB | 20/147 kB
Progress (4): 471/502 kB | 277/638 kB | 173 kB | 20/147 kB
Progress (4): 471/502 kB | 280/638 kB | 173 kB | 20/147 kB
Progress (4): 471/502 kB | 282/638 kB | 173 kB | 20/147 kB
Progress (4): 471/502 kB | 285/638 kB | 173 kB | 20/147 kB
Progress (4): 471/502 kB | 288/638 kB | 173 kB | 20/147 kB
Progress (4): 471/502 kB | 291/638 kB | 173 kB | 20/147 kB
Progress (4): 475/502 kB | 291/638 kB | 173 kB | 20/147 kB
                                                          
Downloaded from central: https://repo.maven.apache.org/maven2/org/eclipse/aether/aether-impl/1.0.2.v20150114/aether-impl-1.0.2.v20150114.jar (173 kB at 544 kB/s)
Downloading from central: https://repo.maven.apache.org/maven2/javax/enterprise/cdi-api/1.0/cdi-api-1.0.jar
Progress (3): 479/502 kB | 291/638 kB | 20/147 kB
Progress (3): 483/502 kB | 291/638 kB | 20/147 kB
Progress (3): 487/502 kB | 291/638 kB | 20/147 kB
Progress (3): 492/502 kB | 291/638 kB | 20/147 kB
Progress (4): 492/502 kB | 291/638 kB | 20/147 kB | 4.1/45 kB
Progress (4): 492/502 kB | 291/638 kB | 20/147 kB | 8.2/45 kB
Progress (4): 492/502 kB | 291/638 kB | 20/147 kB | 12/45 kB 
Progress (4): 492/502 kB | 291/638 kB | 20/147 kB | 16/45 kB
Progress (4): 492/502 kB | 291/638 kB | 20/147 kB | 20/45 kB
Progress (4): 492/502 kB | 291/638 kB | 20/147 kB | 25/45 kB
Progress (4): 492/502 kB | 291/638 kB | 20/147 kB | 29/45 kB
Progress (4): 492/502 kB | 291/638 kB | 20/147 kB | 33/45 kB
Progress (5): 492/502 kB | 291/638 kB | 20/147 kB | 33/45 kB | 4.1/205 kB
Progress (5): 492/502 kB | 291/638 kB | 20/147 kB | 33/45 kB | 8.2/205 kB
Progress (5): 492/502 kB | 291/638 kB | 20/147 kB | 33/45 kB | 12/205 kB 
Progress (5): 492/502 kB | 291/638 kB | 20/147 kB | 33/45 kB | 16/205 kB
Progress (5): 492/502 kB | 291/638 kB | 25/147 kB | 33/45 kB | 16/205 kB
Progress (5): 492/502 kB | 291/638 kB | 29/147 kB | 33/45 kB | 16/205 kB
Progress (5): 492/502 kB | 291/638 kB | 33/147 kB | 33/45 kB | 16/205 kB
Progress (5): 492/502 kB | 291/638 kB | 37/147 kB | 33/45 kB | 16/205 kB
Progress (5): 492/502 kB | 291/638 kB | 41/147 kB | 33/45 kB | 16/205 kB
Progress (5): 492/502 kB | 291/638 kB | 45/147 kB | 33/45 kB | 16/205 kB
Progress (5): 492/502 kB | 291/638 kB | 49/147 kB | 33/45 kB | 16/205 kB
Progress (5): 492/502 kB | 291/638 kB | 49/147 kB | 33/45 kB | 20/205 kB
Progress (5): 492/502 kB | 291/638 kB | 49/147 kB | 33/45 kB | 25/205 kB
Progress (5): 492/502 kB | 291/638 kB | 49/147 kB | 33/45 kB | 29/205 kB
Progress (5): 492/502 kB | 291/638 kB | 49/147 kB | 33/45 kB | 33/205 kB
Progress (5): 492/502 kB | 291/638 kB | 49/147 kB | 33/45 kB | 37/205 kB
Progress (5): 492/502 kB | 291/638 kB | 49/147 kB | 33/45 kB | 41/205 kB
Progress (5): 492/502 kB | 291/638 kB | 53/147 kB | 33/45 kB | 41/205 kB
Progress (5): 492/502 kB | 291/638 kB | 57/147 kB | 33/45 kB | 41/205 kB
Progress (5): 492/502 kB | 291/638 kB | 61/147 kB | 33/45 kB | 41/205 kB
Progress (5): 492/502 kB | 291/638 kB | 66/147 kB | 33/45 kB | 41/205 kB
Progress (5): 492/502 kB | 291/638 kB | 70/147 kB | 33/45 kB | 41/205 kB
Progress (5): 492/502 kB | 291/638 kB | 74/147 kB | 33/45 kB | 41/205 kB
Progress (5): 492/502 kB | 291/638 kB | 78/147 kB | 33/45 kB | 41/205 kB
Progress (5): 492/502 kB | 291/638 kB | 82/147 kB | 33/45 kB | 41/205 kB
Progress (5): 492/502 kB | 291/638 kB | 86/147 kB | 33/45 kB | 41/205 kB
Progress (5): 492/502 kB | 291/638 kB | 90/147 kB | 33/45 kB | 41/205 kB
Progress (5): 492/502 kB | 291/638 kB | 94/147 kB | 33/45 kB | 41/205 kB
Progress (5): 492/502 kB | 291/638 kB | 98/147 kB | 33/45 kB | 41/205 kB
Progress (5): 492/502 kB | 291/638 kB | 98/147 kB | 37/45 kB | 41/205 kB
Progress (5): 492/502 kB | 291/638 kB | 98/147 kB | 41/45 kB | 41/205 kB
Progress (5): 492/502 kB | 291/638 kB | 98/147 kB | 45 kB | 41/205 kB   
Progress (5): 496/502 kB | 291/638 kB | 98/147 kB | 45 kB | 41/205 kB
Progress (5): 500/502 kB | 291/638 kB | 98/147 kB | 45 kB | 41/205 kB
Progress (5): 502 kB | 291/638 kB | 98/147 kB | 45 kB | 41/205 kB    
Progress (5): 502 kB | 293/638 kB | 98/147 kB | 45 kB | 41/205 kB
Progress (5): 502 kB | 296/638 kB | 98/147 kB | 45 kB | 41/205 kB
Progress (5): 502 kB | 299/638 kB | 98/147 kB | 45 kB | 41/205 kB
Progress (5): 502 kB | 302/638 kB | 98/147 kB | 45 kB | 41/205 kB
Progress (5): 502 kB | 304/638 kB | 98/147 kB | 45 kB | 41/205 kB
Progress (5): 502 kB | 307/638 kB | 98/147 kB | 45 kB | 41/205 kB
Progress (5): 502 kB | 310/638 kB | 98/147 kB | 45 kB | 41/205 kB
Progress (5): 502 kB | 313/638 kB | 98/147 kB | 45 kB | 41/205 kB
Progress (5): 502 kB | 315/638 kB | 98/147 kB | 45 kB | 41/205 kB
Progress (5): 502 kB | 318/638 kB | 98/147 kB | 45 kB | 41/205 kB
Progress (5): 502 kB | 321/638 kB | 98/147 kB | 45 kB | 41/205 kB
Progress (5): 502 kB | 324/638 kB | 98/147 kB | 45 kB | 41/205 kB
Progress (5): 502 kB | 324/638 kB | 98/147 kB | 45 kB | 45/205 kB
Progress (5): 502 kB | 324/638 kB | 98/147 kB | 45 kB | 49/205 kB
Progress (5): 502 kB | 324/638 kB | 98/147 kB | 45 kB | 53/205 kB
Progress (5): 502 kB | 324/638 kB | 98/147 kB | 45 kB | 57/205 kB
Progress (5): 502 kB | 324/638 kB | 98/147 kB | 45 kB | 61/205 kB
Progress (5): 502 kB | 324/638 kB | 98/147 kB | 45 kB | 66/205 kB
Progress (5): 502 kB | 324/638 kB | 98/147 kB | 45 kB | 70/205 kB
Progress (5): 502 kB | 324/638 kB | 98/147 kB | 45 kB | 74/205 kB
Progress (5): 502 kB | 324/638 kB | 98/147 kB | 45 kB | 78/205 kB
Progress (5): 502 kB | 324/638 kB | 98/147 kB | 45 kB | 82/205 kB
                                                                 
Downloaded from central: https://repo.maven.apache.org/maven2/javax/enterprise/cdi-api/1.0/cdi-api-1.0.jar (45 kB at 128 kB/s)
Downloading from central: https://repo.maven.apache.org/maven2/javax/annotation/jsr250-api/1.0/jsr250-api-1.0.jar
Downloaded from central: https://repo.maven.apache.org/maven2/org/apache/commons/commons-lang3/3.8.1/commons-lang3-3.8.1.jar (502 kB at 1.4 MB/s)
Downloading from central: https://repo.maven.apache.org/maven2/org/eclipse/sisu/org.eclipse.sisu.inject/0.3.2/org.eclipse.sisu.inject-0.3.2.jar
Progress (3): 326/638 kB | 98/147 kB | 82/205 kB
Progress (3): 329/638 kB | 98/147 kB | 82/205 kB
Progress (3): 332/638 kB | 98/147 kB | 82/205 kB
Progress (3): 335/638 kB | 98/147 kB | 82/205 kB
Progress (3): 337/638 kB | 98/147 kB | 82/205 kB
Progress (4): 337/638 kB | 98/147 kB | 82/205 kB | 4.1/5.8 kB
Progress (4): 337/638 kB | 98/147 kB | 82/205 kB | 5.8 kB    
Progress (4): 337/638 kB | 102/147 kB | 82/205 kB | 5.8 kB
Progress (4): 337/638 kB | 106/147 kB | 82/205 kB | 5.8 kB
Progress (4): 337/638 kB | 111/147 kB | 82/205 kB | 5.8 kB
Progress (4): 337/638 kB | 115/147 kB | 82/205 kB | 5.8 kB
Progress (4): 340/638 kB | 115/147 kB | 82/205 kB | 5.8 kB
Progress (4): 343/638 kB | 115/147 kB | 82/205 kB | 5.8 kB
Progress (4): 345/638 kB | 115/147 kB | 82/205 kB | 5.8 kB
Progress (4): 348/638 kB | 115/147 kB | 82/205 kB | 5.8 kB
Progress (4): 351/638 kB | 115/147 kB | 82/205 kB | 5.8 kB
Progress (4): 351/638 kB | 115/147 kB | 86/205 kB | 5.8 kB
Progress (4): 351/638 kB | 115/147 kB | 90/205 kB | 5.8 kB
Progress (4): 351/638 kB | 115/147 kB | 94/205 kB | 5.8 kB
Progress (4): 351/638 kB | 115/147 kB | 98/205 kB | 5.8 kB
Progress (4): 351/638 kB | 115/147 kB | 102/205 kB | 5.8 kB
Progress (4): 351/638 kB | 115/147 kB | 106/205 kB | 5.8 kB
Progress (4): 351/638 kB | 115/147 kB | 111/205 kB | 5.8 kB
Progress (4): 351/638 kB | 115/147 kB | 115/205 kB | 5.8 kB
                                                           
Downloaded from central: https://repo.maven.apache.org/maven2/javax/annotation/jsr250-api/1.0/jsr250-api-1.0.jar (5.8 kB at 16 kB/s)
Progress (4): 351/638 kB | 115/147 kB | 115/205 kB | 4.1/378 kB
Progress (4): 351/638 kB | 115/147 kB | 115/205 kB | 8.2/378 kB
Progress (4): 351/638 kB | 115/147 kB | 115/205 kB | 12/378 kB 
Progress (4): 351/638 kB | 115/147 kB | 115/205 kB | 16/378 kB
Progress (4): 351/638 kB | 115/147 kB | 115/205 kB | 20/378 kB
Progress (4): 351/638 kB | 115/147 kB | 115/205 kB | 25/378 kB
Progress (4): 351/638 kB | 115/147 kB | 115/205 kB | 29/378 kB
Progress (4): 351/638 kB | 115/147 kB | 115/205 kB | 33/378 kB
Progress (4): 351/638 kB | 115/147 kB | 115/205 kB | 37/378 kB
Progress (4): 351/638 kB | 115/147 kB | 115/205 kB | 41/378 kB
Progress (4): 351/638 kB | 115/147 kB | 115/205 kB | 45/378 kB
Progress (4): 351/638 kB | 115/147 kB | 115/205 kB | 49/378 kB
Progress (4): 351/638 kB | 115/147 kB | 115/205 kB | 53/378 kB
Progress (4): 351/638 kB | 115/147 kB | 115/205 kB | 57/378 kB
Progress (4): 351/638 kB | 115/147 kB | 115/205 kB | 61/378 kB
                                                              
Downloading from central: https://repo.maven.apache.org/maven2/com/google/inject/guice/4.0/guice-4.0-no_aop.jar
Progress (4): 351/638 kB | 119/147 kB | 115/205 kB | 61/378 kB
Progress (4): 351/638 kB | 123/147 kB | 115/205 kB | 61/378 kB
Progress (4): 351/638 kB | 127/147 kB | 115/205 kB | 61/378 kB
Progress (4): 351/638 kB | 131/147 kB | 115/205 kB | 61/378 kB
Progress (4): 351/638 kB | 135/147 kB | 115/205 kB | 61/378 kB
Progress (4): 351/638 kB | 139/147 kB | 115/205 kB | 61/378 kB
Progress (4): 351/638 kB | 143/147 kB | 115/205 kB | 61/378 kB
Progress (4): 351/638 kB | 147 kB | 115/205 kB | 61/378 kB    
Progress (4): 354/638 kB | 147 kB | 115/205 kB | 61/378 kB
Progress (4): 356/638 kB | 147 kB | 115/205 kB | 61/378 kB
Progress (4): 356/638 kB | 147 kB | 115/205 kB | 66/378 kB
Progress (4): 356/638 kB | 147 kB | 119/205 kB | 66/378 kB
Progress (4): 356/638 kB | 147 kB | 123/205 kB | 66/378 kB
Progress (4): 356/638 kB | 147 kB | 127/205 kB | 66/378 kB
Progress (4): 356/638 kB | 147 kB | 131/205 kB | 66/378 kB
Progress (4): 356/638 kB | 147 kB | 135/205 kB | 66/378 kB
Progress (4): 359/638 kB | 147 kB | 135/205 kB | 66/378 kB
Progress (4): 362/638 kB | 147 kB | 135/205 kB | 66/378 kB
Progress (4): 365/638 kB | 147 kB | 135/205 kB | 66/378 kB
Progress (4): 367/638 kB | 147 kB | 135/205 kB | 66/378 kB
Progress (4): 370/638 kB | 147 kB | 135/205 kB | 66/378 kB
Progress (4): 373/638 kB | 147 kB | 135/205 kB | 66/378 kB
Progress (4): 376/638 kB | 147 kB | 135/205 kB | 66/378 kB
Progress (4): 378/638 kB | 147 kB | 135/205 kB | 66/378 kB
Progress (4): 381/638 kB | 147 kB | 135/205 kB | 66/378 kB
                                                          
Downloaded from central: https://repo.maven.apache.org/maven2/org/eclipse/aether/aether-util/1.0.2.v20150114/aether-util-1.0.2.v20150114.jar (147 kB at 373 kB/s)
Progress (3): 381/638 kB | 135/205 kB | 70/378 kB
Progress (4): 381/638 kB | 135/205 kB | 70/378 kB | 4.1/424 kB
Progress (4): 381/638 kB | 135/205 kB | 70/378 kB | 8.2/424 kB
Progress (4): 381/638 kB | 135/205 kB | 70/378 kB | 12/424 kB 
Progress (4): 381/638 kB | 135/205 kB | 70/378 kB | 16/424 kB
Progress (4): 381/638 kB | 135/205 kB | 70/378 kB | 20/424 kB
Progress (4): 381/638 kB | 135/205 kB | 70/378 kB | 25/424 kB
Progress (4): 381/638 kB | 135/205 kB | 70/378 kB | 29/424 kB
Progress (4): 381/638 kB | 135/205 kB | 70/378 kB | 33/424 kB
Progress (4): 381/638 kB | 135/205 kB | 70/378 kB | 37/424 kB
Progress (4): 381/638 kB | 135/205 kB | 70/378 kB | 41/424 kB
Progress (4): 381/638 kB | 135/205 kB | 70/378 kB | 45/424 kB
Progress (4): 381/638 kB | 135/205 kB | 70/378 kB | 49/424 kB
Progress (4): 381/638 kB | 135/205 kB | 70/378 kB | 53/424 kB
Progress (4): 381/638 kB | 135/205 kB | 70/378 kB | 57/424 kB
Progress (4): 381/638 kB | 135/205 kB | 70/378 kB | 61/424 kB
Progress (4): 381/638 kB | 135/205 kB | 70/378 kB | 66/424 kB
Progress (4): 381/638 kB | 135/205 kB | 74/378 kB | 66/424 kB
Progress (4): 381/638 kB | 135/205 kB | 78/378 kB | 66/424 kB
Progress (4): 381/638 kB | 135/205 kB | 82/378 kB | 66/424 kB
Progress (4): 381/638 kB | 135/205 kB | 86/378 kB | 66/424 kB
Progress (4): 381/638 kB | 135/205 kB | 90/378 kB | 66/424 kB
Progress (4): 381/638 kB | 135/205 kB | 94/378 kB | 66/424 kB
Progress (4): 381/638 kB | 135/205 kB | 98/378 kB | 66/424 kB
Progress (4): 381/638 kB | 135/205 kB | 102/378 kB | 66/424 kB
Progress (4): 381/638 kB | 135/205 kB | 106/378 kB | 66/424 kB
Progress (4): 381/638 kB | 135/205 kB | 111/378 kB | 66/424 kB
Progress (4): 381/638 kB | 135/205 kB | 115/378 kB | 66/424 kB
Progress (4): 381/638 kB | 135/205 kB | 119/378 kB | 66/424 kB
Progress (4): 381/638 kB | 135/205 kB | 123/378 kB | 66/424 kB
Progress (4): 381/638 kB | 135/205 kB | 127/378 kB | 66/424 kB
Progress (4): 381/638 kB | 135/205 kB | 131/378 kB | 66/424 kB
                                                              
Downloading from central: https://repo.maven.apache.org/maven2/javax/inject/javax.inject/1/javax.inject-1.jar
Progress (4): 381/638 kB | 139/205 kB | 131/378 kB | 66/424 kB
Progress (4): 381/638 kB | 143/205 kB | 131/378 kB | 66/424 kB
Progress (4): 381/638 kB | 147/205 kB | 131/378 kB | 66/424 kB
Progress (4): 381/638 kB | 152/205 kB | 131/378 kB | 66/424 kB
Progress (4): 381/638 kB | 156/205 kB | 131/378 kB | 66/424 kB
Progress (4): 384/638 kB | 156/205 kB | 131/378 kB | 66/424 kB
Progress (4): 387/638 kB | 156/205 kB | 131/378 kB | 66/424 kB
Progress (4): 389/638 kB | 156/205 kB | 131/378 kB | 66/424 kB
Progress (4): 392/638 kB | 156/205 kB | 131/378 kB | 66/424 kB
Progress (4): 395/638 kB | 156/205 kB | 131/378 kB | 66/424 kB
Progress (4): 398/638 kB | 156/205 kB | 131/378 kB | 66/424 kB
Progress (4): 400/638 kB | 156/205 kB | 131/378 kB | 66/424 kB
Progress (4): 403/638 kB | 156/205 kB | 131/378 kB | 66/424 kB
Progress (4): 403/638 kB | 160/205 kB | 131/378 kB | 66/424 kB
Progress (4): 403/638 kB | 164/205 kB | 131/378 kB | 66/424 kB
Progress (4): 403/638 kB | 168/205 kB | 131/378 kB | 66/424 kB
Progress (4): 403/638 kB | 168/205 kB | 131/378 kB | 70/424 kB
Progress (5): 403/638 kB | 168/205 kB | 131/378 kB | 70/424 kB | 2.5 kB
Progress (5): 403/638 kB | 168/205 kB | 131/378 kB | 74/424 kB | 2.5 kB
Progress (5): 403/638 kB | 168/205 kB | 131/378 kB | 78/424 kB | 2.5 kB
Progress (5): 403/638 kB | 168/205 kB | 131/378 kB | 82/424 kB | 2.5 kB
Progress (5): 403/638 kB | 168/205 kB | 131/378 kB | 86/424 kB | 2.5 kB
Progress (5): 403/638 kB | 168/205 kB | 131/378 kB | 90/424 kB | 2.5 kB
Progress (5): 403/638 kB | 168/205 kB | 131/378 kB | 94/424 kB | 2.5 kB
Progress (5): 403/638 kB | 168/205 kB | 131/378 kB | 98/424 kB | 2.5 kB
Progress (5): 403/638 kB | 168/205 kB | 131/378 kB | 102/424 kB | 2.5 kB
Progress (5): 403/638 kB | 168/205 kB | 131/378 kB | 106/424 kB | 2.5 kB
Progress (5): 403/638 kB | 168/205 kB | 131/378 kB | 111/424 kB | 2.5 kB
Progress (5): 403/638 kB | 168/205 kB | 131/378 kB | 115/424 kB | 2.5 kB
Progress (5): 406/638 kB | 168/205 kB | 131/378 kB | 115/424 kB | 2.5 kB
Progress (5): 409/638 kB | 168/205 kB | 131/378 kB | 115/424 kB | 2.5 kB
Progress (5): 411/638 kB | 168/205 kB | 131/378 kB | 115/424 kB | 2.5 kB
Progress (5): 414/638 kB | 168/205 kB | 131/378 kB | 115/424 kB | 2.5 kB
Progress (5): 417/638 kB | 168/205 kB | 131/378 kB | 115/424 kB | 2.5 kB
Progress (5): 420/638 kB | 168/205 kB | 131/378 kB | 115/424 kB | 2.5 kB
Progress (5): 422/638 kB | 168/205 kB | 131/378 kB | 115/424 kB | 2.5 kB
Progress (5): 425/638 kB | 168/205 kB | 131/378 kB | 115/424 kB | 2.5 kB
                                                                        
Downloaded from central: https://repo.maven.apache.org/maven2/javax/inject/javax.inject/1/javax.inject-1.jar (2.5 kB at 5.8 kB/s)
Downloading from central: https://repo.maven.apache.org/maven2/aopalliance/aopalliance/1.0/aopalliance-1.0.jar
Progress (4): 425/638 kB | 168/205 kB | 135/378 kB | 115/424 kB
Progress (4): 425/638 kB | 168/205 kB | 139/378 kB | 115/424 kB
Progress (4): 425/638 kB | 172/205 kB | 139/378 kB | 115/424 kB
Progress (4): 425/638 kB | 176/205 kB | 139/378 kB | 115/424 kB
Progress (4): 425/638 kB | 180/205 kB | 139/378 kB | 115/424 kB
Progress (4): 425/638 kB | 184/205 kB | 139/378 kB | 115/424 kB
Progress (4): 425/638 kB | 188/205 kB | 139/378 kB | 115/424 kB
Progress (4): 425/638 kB | 193/205 kB | 139/378 kB | 115/424 kB
Progress (4): 425/638 kB | 197/205 kB | 139/378 kB | 115/424 kB
Progress (5): 425/638 kB | 197/205 kB | 139/378 kB | 115/424 kB | 4.1/4.5 kB
Progress (5): 425/638 kB | 197/205 kB | 139/378 kB | 115/424 kB | 4.5 kB    
Progress (5): 425/638 kB | 197/205 kB | 143/378 kB | 115/424 kB | 4.5 kB
Progress (5): 425/638 kB | 197/205 kB | 147/378 kB | 115/424 kB | 4.5 kB
Progress (5): 425/638 kB | 197/205 kB | 152/378 kB | 115/424 kB | 4.5 kB
Progress (5): 425/638 kB | 197/205 kB | 156/378 kB | 115/424 kB | 4.5 kB
Progress (5): 425/638 kB | 197/205 kB | 160/378 kB | 115/424 kB | 4.5 kB
Progress (5): 425/638 kB | 197/205 kB | 164/378 kB | 115/424 kB | 4.5 kB
Progress (5): 425/638 kB | 197/205 kB | 168/378 kB | 115/424 kB | 4.5 kB
Progress (5): 425/638 kB | 197/205 kB | 172/378 kB | 115/424 kB | 4.5 kB
Progress (5): 425/638 kB | 197/205 kB | 176/378 kB | 115/424 kB | 4.5 kB
Progress (5): 425/638 kB | 197/205 kB | 176/378 kB | 119/424 kB | 4.5 kB
Progress (5): 425/638 kB | 197/205 kB | 176/378 kB | 123/424 kB | 4.5 kB
Progress (5): 425/638 kB | 197/205 kB | 176/378 kB | 127/424 kB | 4.5 kB
Progress (5): 428/638 kB | 197/205 kB | 176/378 kB | 127/424 kB | 4.5 kB
Progress (5): 430/638 kB | 197/205 kB | 176/378 kB | 127/424 kB | 4.5 kB
Progress (5): 430/638 kB | 201/205 kB | 176/378 kB | 127/424 kB | 4.5 kB
Progress (5): 430/638 kB | 205/205 kB | 176/378 kB | 127/424 kB | 4.5 kB
Progress (5): 430/638 kB | 205 kB | 176/378 kB | 127/424 kB | 4.5 kB    
                                                                    
Downloaded from central: https://repo.maven.apache.org/maven2/aopalliance/aopalliance/1.0/aopalliance-1.0.jar (4.5 kB at 10 kB/s)
Downloading from central: https://repo.maven.apache.org/maven2/org/codehaus/plexus/plexus-classworlds/2.5.2/plexus-classworlds-2.5.2.jar
Progress (4): 433/638 kB | 205 kB | 176/378 kB | 127/424 kB
Progress (4): 436/638 kB | 205 kB | 176/378 kB | 127/424 kB
Progress (4): 439/638 kB | 205 kB | 176/378 kB | 127/424 kB
Progress (4): 441/638 kB | 205 kB | 176/378 kB | 127/424 kB
Progress (4): 444/638 kB | 205 kB | 176/378 kB | 127/424 kB
Progress (4): 444/638 kB | 205 kB | 176/378 kB | 131/424 kB
Progress (5): 444/638 kB | 205 kB | 176/378 kB | 131/424 kB | 4.1/53 kB
Progress (5): 444/638 kB | 205 kB | 176/378 kB | 131/424 kB | 8.2/53 kB
Progress (5): 444/638 kB | 205 kB | 176/378 kB | 131/424 kB | 12/53 kB 
Progress (5): 444/638 kB | 205 kB | 176/378 kB | 131/424 kB | 16/53 kB
Progress (5): 444/638 kB | 205 kB | 176/378 kB | 131/424 kB | 20/53 kB
Progress (5): 447/638 kB | 205 kB | 176/378 kB | 131/424 kB | 20/53 kB
Progress (5): 450/638 kB | 205 kB | 176/378 kB | 131/424 kB | 20/53 kB
Progress (5): 452/638 kB | 205 kB | 176/378 kB | 131/424 kB | 20/53 kB
Progress (5): 455/638 kB | 205 kB | 176/378 kB | 131/424 kB | 20/53 kB
Progress (5): 458/638 kB | 205 kB | 176/378 kB | 131/424 kB | 20/53 kB
Progress (5): 461/638 kB | 205 kB | 176/378 kB | 131/424 kB | 20/53 kB
Progress (5): 463/638 kB | 205 kB | 176/378 kB | 131/424 kB | 20/53 kB
Progress (5): 466/638 kB | 205 kB | 176/378 kB | 131/424 kB | 20/53 kB
Progress (5): 469/638 kB | 205 kB | 176/378 kB | 131/424 kB | 20/53 kB
Progress (5): 472/638 kB | 205 kB | 176/378 kB | 131/424 kB | 20/53 kB
Progress (5): 472/638 kB | 205 kB | 176/378 kB | 135/424 kB | 20/53 kB
Progress (5): 472/638 kB | 205 kB | 176/378 kB | 139/424 kB | 20/53 kB
Progress (5): 472/638 kB | 205 kB | 176/378 kB | 143/424 kB | 20/53 kB
Progress (5): 472/638 kB | 205 kB | 176/378 kB | 147/424 kB | 20/53 kB
Progress (5): 472/638 kB | 205 kB | 176/378 kB | 152/424 kB | 20/53 kB
Progress (5): 472/638 kB | 205 kB | 176/378 kB | 156/424 kB | 20/53 kB
Progress (5): 472/638 kB | 205 kB | 176/378 kB | 160/424 kB | 20/53 kB
Progress (5): 472/638 kB | 205 kB | 176/378 kB | 164/424 kB | 20/53 kB
Progress (5): 472/638 kB | 205 kB | 176/378 kB | 168/424 kB | 20/53 kB
Progress (5): 472/638 kB | 205 kB | 176/378 kB | 172/424 kB | 20/53 kB
Progress (5): 472/638 kB | 205 kB | 176/378 kB | 176/424 kB | 20/53 kB
Progress (5): 472/638 kB | 205 kB | 176/378 kB | 180/424 kB | 20/53 kB
Progress (5): 472/638 kB | 205 kB | 176/378 kB | 184/424 kB | 20/53 kB
Progress (5): 472/638 kB | 205 kB | 176/378 kB | 188/424 kB | 20/53 kB
Progress (5): 472/638 kB | 205 kB | 176/378 kB | 193/424 kB | 20/53 kB
Progress (5): 472/638 kB | 205 kB | 176/378 kB | 197/424 kB | 20/53 kB
Progress (5): 472/638 kB | 205 kB | 180/378 kB | 197/424 kB | 20/53 kB
Progress (5): 472/638 kB | 205 kB | 184/378 kB | 197/424 kB | 20/53 kB
Progress (5): 472/638 kB | 205 kB | 188/378 kB | 197/424 kB | 20/53 kB
Progress (5): 472/638 kB | 205 kB | 193/378 kB | 197/424 kB | 20/53 kB
Progress (5): 472/638 kB | 205 kB | 197/378 kB | 197/424 kB | 20/53 kB
                                                                      
Downloaded from central: https://repo.maven.apache.org/maven2/org/eclipse/sisu/org.eclipse.sisu.plexus/0.3.2/org.eclipse.sisu.plexus-0.3.2.jar (205 kB at 443 kB/s)
Downloading from central: https://repo.maven.apache.org/maven2/org/codehaus/plexus/plexus-component-annotations/1.6/plexus-component-annotations-1.6.jar
Progress (4): 472/638 kB | 197/378 kB | 197/424 kB | 25/53 kB
Progress (4): 472/638 kB | 197/378 kB | 197/424 kB | 29/53 kB
Progress (4): 472/638 kB | 197/378 kB | 197/424 kB | 33/53 kB
Progress (4): 472/638 kB | 197/378 kB | 197/424 kB | 37/53 kB
Progress (5): 472/638 kB | 197/378 kB | 197/424 kB | 37/53 kB | 4.1/4.3 kB
Progress (5): 472/638 kB | 197/378 kB | 197/424 kB | 37/53 kB | 4.3 kB    
Progress (5): 472/638 kB | 201/378 kB | 197/424 kB | 37/53 kB | 4.3 kB
Progress (5): 472/638 kB | 205/378 kB | 197/424 kB | 37/53 kB | 4.3 kB
Progress (5): 472/638 kB | 209/378 kB | 197/424 kB | 37/53 kB | 4.3 kB
Progress (5): 472/638 kB | 213/378 kB | 197/424 kB | 37/53 kB | 4.3 kB
Progress (5): 472/638 kB | 217/378 kB | 197/424 kB | 37/53 kB | 4.3 kB
Progress (5): 472/638 kB | 221/378 kB | 197/424 kB | 37/53 kB | 4.3 kB
Progress (5): 472/638 kB | 225/378 kB | 197/424 kB | 37/53 kB | 4.3 kB
Progress (5): 472/638 kB | 229/378 kB | 197/424 kB | 37/53 kB | 4.3 kB
Progress (5): 472/638 kB | 233/378 kB | 197/424 kB | 37/53 kB | 4.3 kB
Progress (5): 472/638 kB | 238/378 kB | 197/424 kB | 37/53 kB | 4.3 kB
Progress (5): 472/638 kB | 242/378 kB | 197/424 kB | 37/53 kB | 4.3 kB
Progress (5): 472/638 kB | 246/378 kB | 197/424 kB | 37/53 kB | 4.3 kB
                                                                      
Downloaded from central: https://repo.maven.apache.org/maven2/org/codehaus/plexus/plexus-component-annotations/1.6/plexus-component-annotations-1.6.jar (4.3 kB at 8.8 kB/s)
Downloading from central: https://repo.maven.apache.org/maven2/org/apache/maven/maven-model/3.3.9/maven-model-3.3.9.jar
Progress (4): 474/638 kB | 246/378 kB | 197/424 kB | 37/53 kB
Progress (4): 477/638 kB | 246/378 kB | 197/424 kB | 37/53 kB
Progress (4): 480/638 kB | 246/378 kB | 197/424 kB | 37/53 kB
Progress (4): 483/638 kB | 246/378 kB | 197/424 kB | 37/53 kB
Progress (4): 485/638 kB | 246/378 kB | 197/424 kB | 37/53 kB
Progress (4): 485/638 kB | 246/378 kB | 197/424 kB | 41/53 kB
Progress (4): 485/638 kB | 246/378 kB | 197/424 kB | 45/53 kB
Progress (4): 485/638 kB | 246/378 kB | 197/424 kB | 49/53 kB
Progress (4): 485/638 kB | 246/378 kB | 197/424 kB | 53 kB   
Progress (5): 485/638 kB | 246/378 kB | 197/424 kB | 53 kB | 4.1/164 kB
Progress (5): 485/638 kB | 246/378 kB | 197/424 kB | 53 kB | 8.2/164 kB
Progress (5): 485/638 kB | 246/378 kB | 197/424 kB | 53 kB | 12/164 kB 
Progress (5): 485/638 kB | 246/378 kB | 197/424 kB | 53 kB | 16/164 kB
Progress (5): 485/638 kB | 246/378 kB | 197/424 kB | 53 kB | 20/164 kB
Progress (5): 488/638 kB | 246/378 kB | 197/424 kB | 53 kB | 20/164 kB
Progress (5): 491/638 kB | 246/378 kB | 197/424 kB | 53 kB | 20/164 kB
Progress (5): 494/638 kB | 246/378 kB | 197/424 kB | 53 kB | 20/164 kB
Progress (5): 496/638 kB | 246/378 kB | 197/424 kB | 53 kB | 20/164 kB
Progress (5): 499/638 kB | 246/378 kB | 197/424 kB | 53 kB | 20/164 kB
Progress (5): 502/638 kB | 246/378 kB | 197/424 kB | 53 kB | 20/164 kB
Progress (5): 505/638 kB | 246/378 kB | 197/424 kB | 53 kB | 20/164 kB
Progress (5): 505/638 kB | 246/378 kB | 201/424 kB | 53 kB | 20/164 kB
Progress (5): 505/638 kB | 246/378 kB | 205/424 kB | 53 kB | 20/164 kB
Progress (5): 505/638 kB | 246/378 kB | 209/424 kB | 53 kB | 20/164 kB
Progress (5): 505/638 kB | 246/378 kB | 213/424 kB | 53 kB | 20/164 kB
Progress (5): 505/638 kB | 246/378 kB | 217/424 kB | 53 kB | 20/164 kB
Progress (5): 505/638 kB | 250/378 kB | 217/424 kB | 53 kB | 20/164 kB
Progress (5): 505/638 kB | 254/378 kB | 217/424 kB | 53 kB | 20/164 kB
Progress (5): 505/638 kB | 258/378 kB | 217/424 kB | 53 kB | 20/164 kB
Progress (5): 505/638 kB | 262/378 kB | 217/424 kB | 53 kB | 20/164 kB
Progress (5): 505/638 kB | 266/378 kB | 217/424 kB | 53 kB | 20/164 kB
Progress (5): 505/638 kB | 270/378 kB | 217/424 kB | 53 kB | 20/164 kB
Progress (5): 505/638 kB | 274/378 kB | 217/424 kB | 53 kB | 20/164 kB
Progress (5): 505/638 kB | 279/378 kB | 217/424 kB | 53 kB | 20/164 kB
Progress (5): 505/638 kB | 283/378 kB | 217/424 kB | 53 kB | 20/164 kB
Progress (5): 505/638 kB | 287/378 kB | 217/424 kB | 53 kB | 20/164 kB
Progress (5): 505/638 kB | 291/378 kB | 217/424 kB | 53 kB | 20/164 kB
Progress (5): 505/638 kB | 295/378 kB | 217/424 kB | 53 kB | 20/164 kB
Progress (5): 505/638 kB | 299/378 kB | 217/424 kB | 53 kB | 20/164 kB
Progress (5): 505/638 kB | 303/378 kB | 217/424 kB | 53 kB | 20/164 kB
                                                                      
Downloaded from central: https://repo.maven.apache.org/maven2/org/codehaus/plexus/plexus-classworlds/2.5.2/plexus-classworlds-2.5.2.jar (53 kB at 101 kB/s)
Downloading from central: https://repo.maven.apache.org/maven2/org/apache/maven/maven-plugin-api/3.3.9/maven-plugin-api-3.3.9.jar
Progress (4): 505/638 kB | 303/378 kB | 221/424 kB | 20/164 kB
Progress (4): 505/638 kB | 303/378 kB | 225/424 kB | 20/164 kB
Progress (4): 505/638 kB | 303/378 kB | 229/424 kB | 20/164 kB
Progress (4): 505/638 kB | 303/378 kB | 233/424 kB | 20/164 kB
Progress (4): 505/638 kB | 303/378 kB | 238/424 kB | 20/164 kB
Progress (4): 505/638 kB | 303/378 kB | 242/424 kB | 20/164 kB
Progress (4): 505/638 kB | 303/378 kB | 246/424 kB | 20/164 kB
Progress (4): 505/638 kB | 303/378 kB | 246/424 kB | 25/164 kB
Progress (4): 505/638 kB | 303/378 kB | 246/424 kB | 29/164 kB
Progress (4): 505/638 kB | 303/378 kB | 246/424 kB | 33/164 kB
Progress (4): 505/638 kB | 303/378 kB | 246/424 kB | 37/164 kB
Progress (4): 505/638 kB | 303/378 kB | 246/424 kB | 41/164 kB
Progress (4): 505/638 kB | 303/378 kB | 246/424 kB | 45/164 kB
Progress (4): 505/638 kB | 303/378 kB | 246/424 kB | 49/164 kB
Progress (4): 507/638 kB | 303/378 kB | 246/424 kB | 49/164 kB
Progress (4): 510/638 kB | 303/378 kB | 246/424 kB | 49/164 kB
Progress (4): 513/638 kB | 303/378 kB | 246/424 kB | 49/164 kB
Progress (4): 515/638 kB | 303/378 kB | 246/424 kB | 49/164 kB
Progress (4): 518/638 kB | 303/378 kB | 246/424 kB | 49/164 kB
Progress (4): 521/638 kB | 303/378 kB | 246/424 kB | 49/164 kB
Progress (4): 524/638 kB | 303/378 kB | 246/424 kB | 49/164 kB
Progress (4): 526/638 kB | 303/378 kB | 246/424 kB | 49/164 kB
Progress (4): 529/638 kB | 303/378 kB | 246/424 kB | 49/164 kB
Progress (4): 532/638 kB | 303/378 kB | 246/424 kB | 49/164 kB
Progress (4): 535/638 kB | 303/378 kB | 246/424 kB | 49/164 kB
Progress (4): 537/638 kB | 303/378 kB | 246/424 kB | 49/164 kB
Progress (4): 540/638 kB | 303/378 kB | 246/424 kB | 49/164 kB
Progress (4): 543/638 kB | 303/378 kB | 246/424 kB | 49/164 kB
Progress (4): 546/638 kB | 303/378 kB | 246/424 kB | 49/164 kB
Progress (4): 548/638 kB | 303/378 kB | 246/424 kB | 49/164 kB
Progress (4): 551/638 kB | 303/378 kB | 246/424 kB | 49/164 kB
Progress (5): 551/638 kB | 303/378 kB | 246/424 kB | 49/164 kB | 4.1/47 kB
Progress (5): 551/638 kB | 303/378 kB | 246/424 kB | 49/164 kB | 8.2/47 kB
Progress (5): 551/638 kB | 303/378 kB | 246/424 kB | 49/164 kB | 12/47 kB 
Progress (5): 551/638 kB | 303/378 kB | 246/424 kB | 49/164 kB | 16/47 kB
Progress (5): 551/638 kB | 303/378 kB | 246/424 kB | 49/164 kB | 20/47 kB
Progress (5): 551/638 kB | 303/378 kB | 246/424 kB | 49/164 kB | 25/47 kB
Progress (5): 551/638 kB | 303/378 kB | 246/424 kB | 49/164 kB | 29/47 kB
Progress (5): 551/638 kB | 303/378 kB | 246/424 kB | 49/164 kB | 33/47 kB
Progress (5): 551/638 kB | 307/378 kB | 246/424 kB | 49/164 kB | 33/47 kB
Progress (5): 551/638 kB | 311/378 kB | 246/424 kB | 49/164 kB | 33/47 kB
Progress (5): 551/638 kB | 315/378 kB | 246/424 kB | 49/164 kB | 33/47 kB
Progress (5): 551/638 kB | 319/378 kB | 246/424 kB | 49/164 kB | 33/47 kB
Progress (5): 551/638 kB | 324/378 kB | 246/424 kB | 49/164 kB | 33/47 kB
Progress (5): 551/638 kB | 328/378 kB | 246/424 kB | 49/164 kB | 33/47 kB
Progress (5): 551/638 kB | 328/378 kB | 250/424 kB | 49/164 kB | 33/47 kB
Progress (5): 551/638 kB | 328/378 kB | 254/424 kB | 49/164 kB | 33/47 kB
Progress (5): 551/638 kB | 328/378 kB | 258/424 kB | 49/164 kB | 33/47 kB
Progress (5): 551/638 kB | 328/378 kB | 262/424 kB | 49/164 kB | 33/47 kB
Progress (5): 551/638 kB | 328/378 kB | 266/424 kB | 49/164 kB | 33/47 kB
Progress (5): 551/638 kB | 328/378 kB | 270/424 kB | 49/164 kB | 33/47 kB
Progress (5): 551/638 kB | 328/378 kB | 274/424 kB | 49/164 kB | 33/47 kB
Progress (5): 551/638 kB | 328/378 kB | 279/424 kB | 49/164 kB | 33/47 kB
Progress (5): 551/638 kB | 328/378 kB | 283/424 kB | 49/164 kB | 33/47 kB
Progress (5): 551/638 kB | 328/378 kB | 287/424 kB | 49/164 kB | 33/47 kB
Progress (5): 551/638 kB | 328/378 kB | 291/424 kB | 49/164 kB | 33/47 kB
Progress (5): 551/638 kB | 328/378 kB | 295/424 kB | 49/164 kB | 33/47 kB
Progress (5): 551/638 kB | 328/378 kB | 299/424 kB | 49/164 kB | 33/47 kB
Progress (5): 551/638 kB | 328/378 kB | 303/424 kB | 49/164 kB | 33/47 kB
Progress (5): 551/638 kB | 328/378 kB | 303/424 kB | 53/164 kB | 33/47 kB
Progress (5): 551/638 kB | 328/378 kB | 303/424 kB | 57/164 kB | 33/47 kB
Progress (5): 551/638 kB | 328/378 kB | 303/424 kB | 61/164 kB | 33/47 kB
Progress (5): 551/638 kB | 328/378 kB | 303/424 kB | 66/164 kB | 33/47 kB
Progress (5): 551/638 kB | 328/378 kB | 303/424 kB | 70/164 kB | 33/47 kB
Progress (5): 551/638 kB | 328/378 kB | 303/424 kB | 74/164 kB | 33/47 kB
Progress (5): 551/638 kB | 328/378 kB | 303/424 kB | 78/164 kB | 33/47 kB
Progress (5): 551/638 kB | 328/378 kB | 303/424 kB | 82/164 kB | 33/47 kB
Progress (5): 551/638 kB | 328/378 kB | 303/424 kB | 86/164 kB | 33/47 kB
Progress (5): 551/638 kB | 328/378 kB | 303/424 kB | 90/164 kB | 33/47 kB
Progress (5): 551/638 kB | 328/378 kB | 303/424 kB | 94/164 kB | 33/47 kB
Progress (5): 551/638 kB | 328/378 kB | 303/424 kB | 98/164 kB | 33/47 kB
Progress (5): 551/638 kB | 328/378 kB | 303/424 kB | 102/164 kB | 33/47 kB
Progress (5): 551/638 kB | 328/378 kB | 303/424 kB | 106/164 kB | 33/47 kB
Progress (5): 551/638 kB | 328/378 kB | 303/424 kB | 111/164 kB | 33/47 kB
Progress (5): 551/638 kB | 328/378 kB | 303/424 kB | 115/164 kB | 33/47 kB
Progress (5): 554/638 kB | 328/378 kB | 303/424 kB | 115/164 kB | 33/47 kB
Progress (5): 557/638 kB | 328/378 kB | 303/424 kB | 115/164 kB | 33/47 kB
Progress (5): 559/638 kB | 328/378 kB | 303/424 kB | 115/164 kB | 33/47 kB
Progress (5): 562/638 kB | 328/378 kB | 303/424 kB | 115/164 kB | 33/47 kB
Progress (5): 565/638 kB | 328/378 kB | 303/424 kB | 115/164 kB | 33/47 kB
Progress (5): 568/638 kB | 328/378 kB | 303/424 kB | 115/164 kB | 33/47 kB
Progress (5): 568/638 kB | 332/378 kB | 303/424 kB | 115/164 kB | 33/47 kB
Progress (5): 568/638 kB | 336/378 kB | 303/424 kB | 115/164 kB | 33/47 kB
Progress (5): 568/638 kB | 340/378 kB | 303/424 kB | 115/164 kB | 33/47 kB
Progress (5): 568/638 kB | 344/378 kB | 303/424 kB | 115/164 kB | 33/47 kB
Progress (5): 568/638 kB | 348/378 kB | 303/424 kB | 115/164 kB | 33/47 kB
Progress (5): 568/638 kB | 352/378 kB | 303/424 kB | 115/164 kB | 33/47 kB
Progress (5): 568/638 kB | 356/378 kB | 303/424 kB | 115/164 kB | 33/47 kB
Progress (5): 568/638 kB | 360/378 kB | 303/424 kB | 115/164 kB | 33/47 kB
Progress (5): 568/638 kB | 365/378 kB | 303/424 kB | 115/164 kB | 33/47 kB
Progress (5): 568/638 kB | 369/378 kB | 303/424 kB | 115/164 kB | 33/47 kB
Progress (5): 568/638 kB | 373/378 kB | 303/424 kB | 115/164 kB | 33/47 kB
Progress (5): 568/638 kB | 377/378 kB | 303/424 kB | 115/164 kB | 33/47 kB
Progress (5): 568/638 kB | 378 kB | 303/424 kB | 115/164 kB | 33/47 kB    
Progress (5): 568/638 kB | 378 kB | 303/424 kB | 115/164 kB | 37/47 kB
Progress (5): 568/638 kB | 378 kB | 303/424 kB | 115/164 kB | 41/47 kB
Progress (5): 568/638 kB | 378 kB | 303/424 kB | 115/164 kB | 45/47 kB
Progress (5): 568/638 kB | 378 kB | 303/424 kB | 115/164 kB | 47 kB   
Progress (5): 568/638 kB | 378 kB | 303/424 kB | 119/164 kB | 47 kB
Progress (5): 568/638 kB | 378 kB | 303/424 kB | 123/164 kB | 47 kB
Progress (5): 568/638 kB | 378 kB | 303/424 kB | 127/164 kB | 47 kB
Progress (5): 568/638 kB | 378 kB | 303/424 kB | 131/164 kB | 47 kB
Progress (5): 568/638 kB | 378 kB | 303/424 kB | 135/164 kB | 47 kB
Progress (5): 568/638 kB | 378 kB | 307/424 kB | 135/164 kB | 47 kB
Progress (5): 568/638 kB | 378 kB | 311/424 kB | 135/164 kB | 47 kB
Progress (5): 568/638 kB | 378 kB | 315/424 kB | 135/164 kB | 47 kB
Progress (5): 568/638 kB | 378 kB | 319/424 kB | 135/164 kB | 47 kB
Progress (5): 568/638 kB | 378 kB | 324/424 kB | 135/164 kB | 47 kB
Progress (5): 568/638 kB | 378 kB | 328/424 kB | 135/164 kB | 47 kB
Progress (5): 568/638 kB | 378 kB | 332/424 kB | 135/164 kB | 47 kB
Progress (5): 568/638 kB | 378 kB | 336/424 kB | 135/164 kB | 47 kB
Progress (5): 568/638 kB | 378 kB | 340/424 kB | 135/164 kB | 47 kB
Progress (5): 568/638 kB | 378 kB | 344/424 kB | 135/164 kB | 47 kB
Progress (5): 568/638 kB | 378 kB | 348/424 kB | 135/164 kB | 47 kB
Progress (5): 568/638 kB | 378 kB | 352/424 kB | 135/164 kB | 47 kB
Progress (5): 568/638 kB | 378 kB | 356/424 kB | 135/164 kB | 47 kB
Progress (5): 568/638 kB | 378 kB | 360/424 kB | 135/164 kB | 47 kB
Progress (5): 568/638 kB | 378 kB | 365/424 kB | 135/164 kB | 47 kB
Progress (5): 568/638 kB | 378 kB | 369/424 kB | 135/164 kB | 47 kB
                                                                   
Downloaded from central: https://repo.maven.apache.org/maven2/org/apache/maven/maven-plugin-api/3.3.9/maven-plugin-api-3.3.9.jar (47 kB at 84 kB/s)
Downloading from central: https://repo.maven.apache.org/maven2/org/apache/maven/maven-settings/3.3.9/maven-settings-3.3.9.jar
Progress (4): 570/638 kB | 378 kB | 369/424 kB | 135/164 kB
Progress (4): 573/638 kB | 378 kB | 369/424 kB | 135/164 kB
Progress (4): 576/638 kB | 378 kB | 369/424 kB | 135/164 kB
Progress (4): 579/638 kB | 378 kB | 369/424 kB | 135/164 kB
Progress (4): 581/638 kB | 378 kB | 369/424 kB | 135/164 kB
Progress (4): 584/638 kB | 378 kB | 369/424 kB | 135/164 kB
Progress (4): 587/638 kB | 378 kB | 369/424 kB | 135/164 kB
Progress (4): 590/638 kB | 378 kB | 369/424 kB | 135/164 kB
Progress (4): 592/638 kB | 378 kB | 369/424 kB | 135/164 kB
Progress (4): 595/638 kB | 378 kB | 369/424 kB | 135/164 kB
Progress (4): 598/638 kB | 378 kB | 369/424 kB | 135/164 kB
Progress (4): 600/638 kB | 378 kB | 369/424 kB | 135/164 kB
Progress (4): 603/638 kB | 378 kB | 369/424 kB | 135/164 kB
Progress (4): 606/638 kB | 378 kB | 369/424 kB | 135/164 kB
Progress (4): 609/638 kB | 378 kB | 369/424 kB | 135/164 kB
Progress (4): 611/638 kB | 378 kB | 369/424 kB | 135/164 kB
Progress (4): 614/638 kB | 378 kB | 369/424 kB | 135/164 kB
Progress (4): 617/638 kB | 378 kB | 369/424 kB | 135/164 kB
Progress (4): 620/638 kB | 378 kB | 369/424 kB | 135/164 kB
Progress (4): 622/638 kB | 378 kB | 369/424 kB | 135/164 kB
Progress (4): 622/638 kB | 378 kB | 369/424 kB | 139/164 kB
Progress (4): 622/638 kB | 378 kB | 369/424 kB | 143/164 kB
Progress (4): 622/638 kB | 378 kB | 369/424 kB | 147/164 kB
Progress (4): 622/638 kB | 378 kB | 369/424 kB | 152/164 kB
Progress (4): 622/638 kB | 378 kB | 369/424 kB | 156/164 kB
Progress (4): 622/638 kB | 378 kB | 369/424 kB | 160/164 kB
Progress (4): 622/638 kB | 378 kB | 369/424 kB | 164/164 kB
Progress (4): 622/638 kB | 378 kB | 369/424 kB | 164 kB    
Progress (4): 622/638 kB | 378 kB | 373/424 kB | 164 kB
                                                       
Downloaded from central: https://repo.maven.apache.org/maven2/org/eclipse/sisu/org.eclipse.sisu.inject/0.3.2/org.eclipse.sisu.inject-0.3.2.jar (378 kB at 650 kB/s)
Downloading from central: https://repo.maven.apache.org/maven2/org/apache/maven/shared/maven-common-artifact-filters/3.0.1/maven-common-artifact-filters-3.0.1.jar
Progress (4): 622/638 kB | 373/424 kB | 164 kB | 4.1/44 kB
Progress (4): 622/638 kB | 373/424 kB | 164 kB | 8.2/44 kB
Progress (4): 622/638 kB | 373/424 kB | 164 kB | 12/44 kB 
Progress (4): 622/638 kB | 373/424 kB | 164 kB | 16/44 kB
Progress (4): 622/638 kB | 373/424 kB | 164 kB | 20/44 kB
Progress (4): 622/638 kB | 373/424 kB | 164 kB | 25/44 kB
Progress (4): 622/638 kB | 373/424 kB | 164 kB | 29/44 kB
Progress (4): 622/638 kB | 373/424 kB | 164 kB | 33/44 kB
Progress (4): 622/638 kB | 373/424 kB | 164 kB | 37/44 kB
Progress (4): 622/638 kB | 373/424 kB | 164 kB | 41/44 kB
Progress (4): 622/638 kB | 373/424 kB | 164 kB | 44 kB   
Progress (5): 622/638 kB | 373/424 kB | 164 kB | 44 kB | 4.1/61 kB
Progress (5): 622/638 kB | 373/424 kB | 164 kB | 44 kB | 8.2/61 kB
Progress (5): 622/638 kB | 373/424 kB | 164 kB | 44 kB | 12/61 kB 
Progress (5): 622/638 kB | 373/424 kB | 164 kB | 44 kB | 16/61 kB
Progress (5): 622/638 kB | 373/424 kB | 164 kB | 44 kB | 20/61 kB
Progress (5): 622/638 kB | 373/424 kB | 164 kB | 44 kB | 25/61 kB
Progress (5): 622/638 kB | 373/424 kB | 164 kB | 44 kB | 29/61 kB
Progress (5): 622/638 kB | 373/424 kB | 164 kB | 44 kB | 33/61 kB
Progress (5): 622/638 kB | 373/424 kB | 164 kB | 44 kB | 37/61 kB
Progress (5): 625/638 kB | 373/424 kB | 164 kB | 44 kB | 37/61 kB
Progress (5): 628/638 kB | 373/424 kB | 164 kB | 44 kB | 37/61 kB
Progress (5): 631/638 kB | 373/424 kB | 164 kB | 44 kB | 37/61 kB
Progress (5): 633/638 kB | 373/424 kB | 164 kB | 44 kB | 37/61 kB
Progress (5): 636/638 kB | 373/424 kB | 164 kB | 44 kB | 37/61 kB
Progress (5): 638 kB | 373/424 kB | 164 kB | 44 kB | 37/61 kB    
                                                             
Downloaded from central: https://repo.maven.apache.org/maven2/org/apache/maven/maven-model/3.3.9/maven-model-3.3.9.jar (164 kB at 274 kB/s)
Downloading from central: https://repo.maven.apache.org/maven2/org/codehaus/plexus/plexus-archiver/3.6.0/plexus-archiver-3.6.0.jar
Downloaded from central: https://repo.maven.apache.org/maven2/org/apache/maven/maven-settings/3.3.9/maven-settings-3.3.9.jar (44 kB at 74 kB/s)
Progress (3): 638 kB | 377/424 kB | 37/61 kB
Progress (3): 638 kB | 381/424 kB | 37/61 kB
Progress (3): 638 kB | 385/424 kB | 37/61 kB
Progress (3): 638 kB | 389/424 kB | 37/61 kB
Progress (3): 638 kB | 393/424 kB | 37/61 kB
Progress (3): 638 kB | 397/424 kB | 37/61 kB
Progress (3): 638 kB | 401/424 kB | 37/61 kB
Progress (4): 638 kB | 401/424 kB | 37/61 kB | 4.1/191 kB
Progress (4): 638 kB | 401/424 kB | 37/61 kB | 8.2/191 kB
Progress (4): 638 kB | 401/424 kB | 37/61 kB | 12/191 kB 
Progress (4): 638 kB | 401/424 kB | 37/61 kB | 16/191 kB
Progress (4): 638 kB | 401/424 kB | 41/61 kB | 16/191 kB
Progress (4): 638 kB | 406/424 kB | 41/61 kB | 16/191 kB
Progress (4): 638 kB | 410/424 kB | 41/61 kB | 16/191 kB
Progress (4): 638 kB | 414/424 kB | 41/61 kB | 16/191 kB
Progress (4): 638 kB | 418/424 kB | 41/61 kB | 16/191 kB
Progress (4): 638 kB | 422/424 kB | 41/61 kB | 16/191 kB
Progress (4): 638 kB | 424 kB | 41/61 kB | 16/191 kB    
                                                    
Downloading from central: https://repo.maven.apache.org/maven2/org/codehaus/plexus/plexus-io/3.0.1/plexus-io-3.0.1.jar
Progress (4): 638 kB | 424 kB | 45/61 kB | 16/191 kB
Progress (4): 638 kB | 424 kB | 49/61 kB | 16/191 kB
Progress (4): 638 kB | 424 kB | 53/61 kB | 16/191 kB
Progress (4): 638 kB | 424 kB | 57/61 kB | 16/191 kB
Progress (4): 638 kB | 424 kB | 61/61 kB | 16/191 kB
Progress (4): 638 kB | 424 kB | 61 kB | 16/191 kB   
                                                 
Downloaded from central: https://repo.maven.apache.org/maven2/com/google/inject/guice/4.0/guice-4.0-no_aop.jar (424 kB at 680 kB/s)
Progress (4): 638 kB | 61 kB | 16/191 kB | 4.1/74 kB
Progress (4): 638 kB | 61 kB | 16/191 kB | 8.2/74 kB
Progress (4): 638 kB | 61 kB | 16/191 kB | 12/74 kB 
Progress (4): 638 kB | 61 kB | 16/191 kB | 16/74 kB
Progress (4): 638 kB | 61 kB | 16/191 kB | 20/74 kB
Progress (4): 638 kB | 61 kB | 16/191 kB | 25/74 kB
Progress (4): 638 kB | 61 kB | 16/191 kB | 29/74 kB
Progress (4): 638 kB | 61 kB | 16/191 kB | 33/74 kB
Progress (4): 638 kB | 61 kB | 16/191 kB | 37/74 kB
Progress (4): 638 kB | 61 kB | 16/191 kB | 41/74 kB
Progress (4): 638 kB | 61 kB | 16/191 kB | 45/74 kB
Progress (4): 638 kB | 61 kB | 16/191 kB | 49/74 kB
Progress (4): 638 kB | 61 kB | 20/191 kB | 49/74 kB
Progress (4): 638 kB | 61 kB | 25/191 kB | 49/74 kB
Progress (4): 638 kB | 61 kB | 29/191 kB | 49/74 kB
Progress (4): 638 kB | 61 kB | 33/191 kB | 49/74 kB
Progress (4): 638 kB | 61 kB | 37/191 kB | 49/74 kB
Progress (4): 638 kB | 61 kB | 41/191 kB | 49/74 kB
Progress (4): 638 kB | 61 kB | 45/191 kB | 49/74 kB
Progress (4): 638 kB | 61 kB | 49/191 kB | 49/74 kB
Progress (4): 638 kB | 61 kB | 53/191 kB | 49/74 kB
Progress (4): 638 kB | 61 kB | 57/191 kB | 49/74 kB
Progress (4): 638 kB | 61 kB | 61/191 kB | 49/74 kB
Progress (4): 638 kB | 61 kB | 66/191 kB | 49/74 kB
Progress (4): 638 kB | 61 kB | 70/191 kB | 49/74 kB
Progress (4): 638 kB | 61 kB | 74/191 kB | 49/74 kB
Progress (4): 638 kB | 61 kB | 78/191 kB | 49/74 kB
Progress (4): 638 kB | 61 kB | 82/191 kB | 49/74 kB
Progress (4): 638 kB | 61 kB | 86/191 kB | 49/74 kB
Progress (4): 638 kB | 61 kB | 90/191 kB | 49/74 kB
                                                   
Downloaded from central: https://repo.maven.apache.org/maven2/org/apache/maven/maven-core/3.3.9/maven-core-3.3.9.jar (638 kB at 1.0 MB/s)
Downloading from central: https://repo.maven.apache.org/maven2/org/apache/maven/shared/maven-artifact-transfer/0.10.0/maven-artifact-transfer-0.10.0.jar
Progress (3): 61 kB | 90/191 kB | 53/74 kB
                                          
Downloading from central: https://repo.maven.apache.org/maven2/org/apache/maven/plugins/maven-shade-plugin/3.2.1/maven-shade-plugin-3.2.1.jar
Downloaded from central: https://repo.maven.apache.org/maven2/org/apache/maven/shared/maven-common-artifact-filters/3.0.1/maven-common-artifact-filters-3.0.1.jar (61 kB at 97 kB/s)
Progress (3): 90/191 kB | 53/74 kB | 4.1/128 kB
Progress (3): 90/191 kB | 53/74 kB | 8.2/128 kB
Progress (3): 90/191 kB | 53/74 kB | 12/128 kB 
Progress (3): 90/191 kB | 53/74 kB | 16/128 kB
Progress (4): 90/191 kB | 53/74 kB | 16/128 kB | 4.1/114 kB
Progress (4): 90/191 kB | 53/74 kB | 16/128 kB | 8.2/114 kB
Progress (4): 90/191 kB | 53/74 kB | 16/128 kB | 12/114 kB 
Progress (4): 90/191 kB | 53/74 kB | 16/128 kB | 16/114 kB
Progress (4): 90/191 kB | 53/74 kB | 16/128 kB | 20/114 kB
Progress (4): 90/191 kB | 53/74 kB | 16/128 kB | 25/114 kB
Progress (4): 90/191 kB | 53/74 kB | 16/128 kB | 29/114 kB
                                                          
Downloading from central: https://repo.maven.apache.org/maven2/org/ow2/asm/asm/7.0/asm-7.0.jar
Progress (4): 90/191 kB | 57/74 kB | 16/128 kB | 29/114 kB
Progress (4): 90/191 kB | 61/74 kB | 16/128 kB | 29/114 kB
Progress (4): 90/191 kB | 66/74 kB | 16/128 kB | 29/114 kB
Progress (4): 90/191 kB | 70/74 kB | 16/128 kB | 29/114 kB
Progress (4): 90/191 kB | 74/74 kB | 16/128 kB | 29/114 kB
Progress (4): 90/191 kB | 74 kB | 16/128 kB | 29/114 kB   
Progress (4): 94/191 kB | 74 kB | 16/128 kB | 29/114 kB
Progress (4): 98/191 kB | 74 kB | 16/128 kB | 29/114 kB
Progress (4): 102/191 kB | 74 kB | 16/128 kB | 29/114 kB
Progress (4): 102/191 kB | 74 kB | 20/128 kB | 29/114 kB
Progress (4): 102/191 kB | 74 kB | 25/128 kB | 29/114 kB
Progress (4): 102/191 kB | 74 kB | 29/128 kB | 29/114 kB
Progress (4): 102/191 kB | 74 kB | 33/128 kB | 29/114 kB
Progress (4): 102/191 kB | 74 kB | 37/128 kB | 29/114 kB
Progress (4): 102/191 kB | 74 kB | 41/128 kB | 29/114 kB
Progress (4): 102/191 kB | 74 kB | 45/128 kB | 29/114 kB
Progress (4): 102/191 kB | 74 kB | 49/128 kB | 29/114 kB
                                                        
Downloaded from central: https://repo.maven.apache.org/maven2/org/codehaus/plexus/plexus-io/3.0.1/plexus-io-3.0.1.jar (74 kB at 113 kB/s)
Progress (4): 102/191 kB | 49/128 kB | 29/114 kB | 4.1/114 kB
Progress (4): 102/191 kB | 49/128 kB | 29/114 kB | 8.2/114 kB
Progress (4): 102/191 kB | 49/128 kB | 29/114 kB | 12/114 kB 
Progress (4): 102/191 kB | 49/128 kB | 29/114 kB | 16/114 kB
Progress (4): 102/191 kB | 49/128 kB | 29/114 kB | 20/114 kB
Progress (4): 102/191 kB | 49/128 kB | 29/114 kB | 25/114 kB
Progress (4): 102/191 kB | 49/128 kB | 29/114 kB | 29/114 kB
Progress (4): 102/191 kB | 49/128 kB | 29/114 kB | 33/114 kB
Progress (4): 102/191 kB | 49/128 kB | 29/114 kB | 37/114 kB
Progress (4): 102/191 kB | 49/128 kB | 29/114 kB | 41/114 kB
Progress (4): 102/191 kB | 49/128 kB | 29/114 kB | 45/114 kB
Progress (4): 102/191 kB | 49/128 kB | 29/114 kB | 49/114 kB
Progress (4): 102/191 kB | 49/128 kB | 29/114 kB | 53/114 kB
Progress (4): 102/191 kB | 49/128 kB | 29/114 kB | 57/114 kB
Progress (4): 102/191 kB | 49/128 kB | 29/114 kB | 61/114 kB
Progress (4): 102/191 kB | 49/128 kB | 29/114 kB | 66/114 kB
Progress (4): 102/191 kB | 49/128 kB | 29/114 kB | 70/114 kB
Progress (4): 102/191 kB | 49/128 kB | 29/114 kB | 74/114 kB
Progress (4): 102/191 kB | 49/128 kB | 33/114 kB | 74/114 kB
Progress (4): 102/191 kB | 49/128 kB | 37/114 kB | 74/114 kB
Progress (4): 102/191 kB | 49/128 kB | 41/114 kB | 74/114 kB
Progress (4): 102/191 kB | 49/128 kB | 45/114 kB | 74/114 kB
Progress (4): 102/191 kB | 49/128 kB | 49/114 kB | 74/114 kB
Progress (4): 102/191 kB | 49/128 kB | 53/114 kB | 74/114 kB
Progress (4): 102/191 kB | 49/128 kB | 57/114 kB | 74/114 kB
Progress (4): 102/191 kB | 49/128 kB | 61/114 kB | 74/114 kB
Progress (4): 102/191 kB | 49/128 kB | 66/114 kB | 74/114 kB
Progress (4): 102/191 kB | 49/128 kB | 70/114 kB | 74/114 kB
Progress (4): 102/191 kB | 49/128 kB | 74/114 kB | 74/114 kB
Progress (4): 102/191 kB | 49/128 kB | 78/114 kB | 74/114 kB
Progress (4): 102/191 kB | 49/128 kB | 82/114 kB | 74/114 kB
Progress (4): 102/191 kB | 49/128 kB | 86/114 kB | 74/114 kB
Progress (4): 102/191 kB | 49/128 kB | 90/114 kB | 74/114 kB
Progress (4): 102/191 kB | 49/128 kB | 94/114 kB | 74/114 kB
                                                            
Downloading from central: https://repo.maven.apache.org/maven2/org/ow2/asm/asm-commons/7.0/asm-commons-7.0.jar
Progress (4): 106/191 kB | 49/128 kB | 94/114 kB | 74/114 kB
Progress (4): 111/191 kB | 49/128 kB | 94/114 kB | 74/114 kB
Progress (4): 115/191 kB | 49/128 kB | 94/114 kB | 74/114 kB
Progress (4): 119/191 kB | 49/128 kB | 94/114 kB | 74/114 kB
Progress (4): 123/191 kB | 49/128 kB | 94/114 kB | 74/114 kB
Progress (4): 127/191 kB | 49/128 kB | 94/114 kB | 74/114 kB
Progress (4): 131/191 kB | 49/128 kB | 94/114 kB | 74/114 kB
Progress (4): 131/191 kB | 53/128 kB | 94/114 kB | 74/114 kB
Progress (4): 131/191 kB | 57/128 kB | 94/114 kB | 74/114 kB
Progress (4): 131/191 kB | 61/128 kB | 94/114 kB | 74/114 kB
Progress (4): 131/191 kB | 66/128 kB | 94/114 kB | 74/114 kB
Progress (4): 131/191 kB | 70/128 kB | 94/114 kB | 74/114 kB
Progress (4): 131/191 kB | 74/128 kB | 94/114 kB | 74/114 kB
Progress (4): 131/191 kB | 78/128 kB | 94/114 kB | 74/114 kB
Progress (4): 131/191 kB | 82/128 kB | 94/114 kB | 74/114 kB
Progress (4): 131/191 kB | 86/128 kB | 94/114 kB | 74/114 kB
Progress (4): 131/191 kB | 90/128 kB | 94/114 kB | 74/114 kB
Progress (4): 131/191 kB | 94/128 kB | 94/114 kB | 74/114 kB
Progress (4): 131/191 kB | 98/128 kB | 94/114 kB | 74/114 kB
Progress (4): 131/191 kB | 102/128 kB | 94/114 kB | 74/114 kB
Progress (4): 131/191 kB | 106/128 kB | 94/114 kB | 74/114 kB
Progress (4): 131/191 kB | 111/128 kB | 94/114 kB | 74/114 kB
Progress (4): 131/191 kB | 115/128 kB | 94/114 kB | 74/114 kB
Progress (5): 131/191 kB | 115/128 kB | 94/114 kB | 74/114 kB | 4.1/80 kB
Progress (5): 131/191 kB | 115/128 kB | 94/114 kB | 74/114 kB | 8.2/80 kB
Progress (5): 131/191 kB | 115/128 kB | 94/114 kB | 74/114 kB | 12/80 kB 
Progress (5): 131/191 kB | 115/128 kB | 94/114 kB | 74/114 kB | 16/80 kB
Progress (5): 131/191 kB | 115/128 kB | 94/114 kB | 74/114 kB | 20/80 kB
Progress (5): 131/191 kB | 115/128 kB | 94/114 kB | 74/114 kB | 25/80 kB
Progress (5): 131/191 kB | 115/128 kB | 94/114 kB | 74/114 kB | 29/80 kB
Progress (5): 131/191 kB | 115/128 kB | 94/114 kB | 74/114 kB | 33/80 kB
Progress (5): 131/191 kB | 115/128 kB | 94/114 kB | 74/114 kB | 37/80 kB
Progress (5): 131/191 kB | 115/128 kB | 94/114 kB | 74/114 kB | 41/80 kB
Progress (5): 131/191 kB | 115/128 kB | 94/114 kB | 74/114 kB | 45/80 kB
Progress (5): 131/191 kB | 115/128 kB | 94/114 kB | 74/114 kB | 49/80 kB
Progress (5): 131/191 kB | 115/128 kB | 94/114 kB | 74/114 kB | 53/80 kB
Progress (5): 131/191 kB | 115/128 kB | 94/114 kB | 74/114 kB | 57/80 kB
Progress (5): 131/191 kB | 115/128 kB | 94/114 kB | 74/114 kB | 61/80 kB
Progress (5): 131/191 kB | 115/128 kB | 94/114 kB | 74/114 kB | 66/80 kB
Progress (5): 135/191 kB | 115/128 kB | 94/114 kB | 74/114 kB | 66/80 kB
Progress (5): 139/191 kB | 115/128 kB | 94/114 kB | 74/114 kB | 66/80 kB
Progress (5): 143/191 kB | 115/128 kB | 94/114 kB | 74/114 kB | 66/80 kB
Progress (5): 147/191 kB | 115/128 kB | 94/114 kB | 74/114 kB | 66/80 kB
Progress (5): 152/191 kB | 115/128 kB | 94/114 kB | 74/114 kB | 66/80 kB
Progress (5): 156/191 kB | 115/128 kB | 94/114 kB | 74/114 kB | 66/80 kB
Progress (5): 160/191 kB | 115/128 kB | 94/114 kB | 74/114 kB | 66/80 kB
Progress (5): 160/191 kB | 115/128 kB | 94/114 kB | 78/114 kB | 66/80 kB
Progress (5): 160/191 kB | 115/128 kB | 94/114 kB | 82/114 kB | 66/80 kB
Progress (5): 160/191 kB | 115/128 kB | 94/114 kB | 86/114 kB | 66/80 kB
Progress (5): 160/191 kB | 115/128 kB | 94/114 kB | 90/114 kB | 66/80 kB
Progress (5): 160/191 kB | 115/128 kB | 94/114 kB | 94/114 kB | 66/80 kB
Progress (5): 160/191 kB | 115/128 kB | 94/114 kB | 98/114 kB | 66/80 kB
Progress (5): 160/191 kB | 115/128 kB | 94/114 kB | 102/114 kB | 66/80 kB
Progress (5): 160/191 kB | 115/128 kB | 94/114 kB | 106/114 kB | 66/80 kB
Progress (5): 160/191 kB | 115/128 kB | 94/114 kB | 111/114 kB | 66/80 kB
Progress (5): 160/191 kB | 115/128 kB | 94/114 kB | 114 kB | 66/80 kB    
Progress (5): 160/191 kB | 115/128 kB | 98/114 kB | 114 kB | 66/80 kB
Progress (5): 160/191 kB | 115/128 kB | 102/114 kB | 114 kB | 66/80 kB
Progress (5): 160/191 kB | 115/128 kB | 106/114 kB | 114 kB | 66/80 kB
Progress (5): 160/191 kB | 115/128 kB | 111/114 kB | 114 kB | 66/80 kB
Progress (5): 160/191 kB | 115/128 kB | 114 kB | 114 kB | 66/80 kB    
Progress (5): 164/191 kB | 115/128 kB | 114 kB | 114 kB | 66/80 kB
Progress (5): 168/191 kB | 115/128 kB | 114 kB | 114 kB | 66/80 kB
Progress (5): 172/191 kB | 115/128 kB | 114 kB | 114 kB | 66/80 kB
Progress (5): 172/191 kB | 119/128 kB | 114 kB | 114 kB | 66/80 kB
Progress (5): 172/191 kB | 123/128 kB | 114 kB | 114 kB | 66/80 kB
Progress (5): 172/191 kB | 127/128 kB | 114 kB | 114 kB | 66/80 kB
Progress (5): 172/191 kB | 128 kB | 114 kB | 114 kB | 66/80 kB    
                                                              
Downloaded from central: https://repo.maven.apache.org/maven2/org/apache/maven/plugins/maven-shade-plugin/3.2.1/maven-shade-plugin-3.2.1.jar (114 kB at 162 kB/s)
Progress (4): 172/191 kB | 128 kB | 114 kB | 70/80 kB
Progress (4): 172/191 kB | 128 kB | 114 kB | 74/80 kB
Progress (4): 172/191 kB | 128 kB | 114 kB | 78/80 kB
Progress (4): 172/191 kB | 128 kB | 114 kB | 80 kB   
Progress (4): 176/191 kB | 128 kB | 114 kB | 80 kB
Progress (4): 180/191 kB | 128 kB | 114 kB | 80 kB
                                                  
Downloading from central: https://repo.maven.apache.org/maven2/org/ow2/asm/asm-tree/7.0/asm-tree-7.0.jar
Downloaded from central: https://repo.maven.apache.org/maven2/org/ow2/asm/asm/7.0/asm-7.0.jar (114 kB at 161 kB/s)
Downloading from central: https://repo.maven.apache.org/maven2/org/ow2/asm/asm-analysis/7.0/asm-analysis-7.0.jar
Progress (4): 180/191 kB | 128 kB | 80 kB | 4.1/50 kB
Progress (4): 184/191 kB | 128 kB | 80 kB | 4.1/50 kB
Progress (4): 188/191 kB | 128 kB | 80 kB | 4.1/50 kB
Progress (4): 191 kB | 128 kB | 80 kB | 4.1/50 kB    
                                                 
Downloaded from central: https://repo.maven.apache.org/maven2/org/apache/maven/shared/maven-artifact-transfer/0.10.0/maven-artifact-transfer-0.10.0.jar (128 kB at 180 kB/s)
Downloading from central: https://repo.maven.apache.org/maven2/org/jdom/jdom2/2.0.6/jdom2-2.0.6.jar
Downloaded from central: https://repo.maven.apache.org/maven2/org/ow2/asm/asm-commons/7.0/asm-commons-7.0.jar (80 kB at 112 kB/s)
Downloading from central: https://repo.maven.apache.org/maven2/org/apache/maven/shared/maven-dependency-tree/3.0.1/maven-dependency-tree-3.0.1.jar
Downloaded from central: https://repo.maven.apache.org/maven2/org/codehaus/plexus/plexus-archiver/3.6.0/plexus-archiver-3.6.0.jar (191 kB at 268 kB/s)
Downloading from central: https://repo.maven.apache.org/maven2/org/vafer/jdependency/2.1.1/jdependency-2.1.1.jar
Progress (2): 4.1/50 kB | 4.1/37 kB
Progress (2): 4.1/50 kB | 8.2/37 kB
Progress (2): 4.1/50 kB | 12/37 kB 
Progress (2): 4.1/50 kB | 16/37 kB
Progress (2): 8.2/50 kB | 16/37 kB
Progress (2): 12/50 kB | 16/37 kB 
Progress (2): 16/50 kB | 16/37 kB
Progress (2): 20/50 kB | 16/37 kB
Progress (2): 25/50 kB | 16/37 kB
Progress (2): 29/50 kB | 16/37 kB
Progress (2): 33/50 kB | 16/37 kB
Progress (2): 37/50 kB | 16/37 kB
Progress (2): 41/50 kB | 16/37 kB
Progress (2): 45/50 kB | 16/37 kB
Progress (2): 49/50 kB | 16/37 kB
Progress (2): 50 kB | 16/37 kB   
Progress (3): 50 kB | 16/37 kB | 4.1/33 kB
Progress (3): 50 kB | 16/37 kB | 8.2/33 kB
Progress (3): 50 kB | 16/37 kB | 12/33 kB 
Progress (3): 50 kB | 16/37 kB | 16/33 kB
Progress (3): 50 kB | 16/37 kB | 20/33 kB
Progress (3): 50 kB | 16/37 kB | 25/33 kB
Progress (3): 50 kB | 16/37 kB | 29/33 kB
Progress (3): 50 kB | 16/37 kB | 33/33 kB
Progress (4): 50 kB | 16/37 kB | 33/33 kB | 4.1/305 kB
Progress (4): 50 kB | 16/37 kB | 33/33 kB | 8.2/305 kB
Progress (4): 50 kB | 16/37 kB | 33/33 kB | 12/305 kB 
Progress (4): 50 kB | 16/37 kB | 33/33 kB | 16/305 kB
Progress (4): 50 kB | 16/37 kB | 33 kB | 16/305 kB   
Progress (4): 50 kB | 20/37 kB | 33 kB | 16/305 kB
Progress (4): 50 kB | 25/37 kB | 33 kB | 16/305 kB
Progress (4): 50 kB | 29/37 kB | 33 kB | 16/305 kB
Progress (4): 50 kB | 33/37 kB | 33 kB | 16/305 kB
Progress (4): 50 kB | 37 kB | 33 kB | 16/305 kB   
Progress (5): 50 kB | 37 kB | 33 kB | 16/305 kB | 4.1/186 kB
Progress (5): 50 kB | 37 kB | 33 kB | 16/305 kB | 8.2/186 kB
Progress (5): 50 kB | 37 kB | 33 kB | 16/305 kB | 12/186 kB 
Progress (5): 50 kB | 37 kB | 33 kB | 16/305 kB | 16/186 kB
Progress (5): 50 kB | 37 kB | 33 kB | 16/305 kB | 20/186 kB
Progress (5): 50 kB | 37 kB | 33 kB | 16/305 kB | 25/186 kB
Progress (5): 50 kB | 37 kB | 33 kB | 16/305 kB | 29/186 kB
Progress (5): 50 kB | 37 kB | 33 kB | 16/305 kB | 33/186 kB
Progress (5): 50 kB | 37 kB | 33 kB | 16/305 kB | 37/186 kB
Progress (5): 50 kB | 37 kB | 33 kB | 16/305 kB | 41/186 kB
Progress (5): 50 kB | 37 kB | 33 kB | 16/305 kB | 45/186 kB
Progress (5): 50 kB | 37 kB | 33 kB | 16/305 kB | 49/186 kB
Progress (5): 50 kB | 37 kB | 33 kB | 16/305 kB | 53/186 kB
Progress (5): 50 kB | 37 kB | 33 kB | 16/305 kB | 57/186 kB
Progress (5): 50 kB | 37 kB | 33 kB | 16/305 kB | 61/186 kB
Progress (5): 50 kB | 37 kB | 33 kB | 16/305 kB | 66/186 kB
Progress (5): 50 kB | 37 kB | 33 kB | 16/305 kB | 70/186 kB
Progress (5): 50 kB | 37 kB | 33 kB | 16/305 kB | 74/186 kB
                                                           
Downloaded from central: https://repo.maven.apache.org/maven2/org/apache/maven/shared/maven-dependency-tree/3.0.1/maven-dependency-tree-3.0.1.jar (37 kB at 49 kB/s)
Downloading from central: https://repo.maven.apache.org/maven2/org/ow2/asm/asm-util/7.0-beta/asm-util-7.0-beta.jar
Downloaded from central: https://repo.maven.apache.org/maven2/org/ow2/asm/asm-tree/7.0/asm-tree-7.0.jar (50 kB at 67 kB/s)
Downloading from central: https://repo.maven.apache.org/maven2/com/google/guava/guava/19.0/guava-19.0.jar
Progress (3): 33 kB | 20/305 kB | 74/186 kB
Progress (3): 33 kB | 25/305 kB | 74/186 kB
Progress (3): 33 kB | 29/305 kB | 74/186 kB
Progress (3): 33 kB | 33/305 kB | 74/186 kB
Progress (3): 33 kB | 37/305 kB | 74/186 kB
Progress (3): 33 kB | 41/305 kB | 74/186 kB
Progress (3): 33 kB | 45/305 kB | 74/186 kB
Progress (3): 33 kB | 49/305 kB | 74/186 kB
Progress (3): 33 kB | 53/305 kB | 74/186 kB
Progress (3): 33 kB | 57/305 kB | 74/186 kB
Progress (3): 33 kB | 61/305 kB | 74/186 kB
Progress (3): 33 kB | 66/305 kB | 74/186 kB
Progress (4): 33 kB | 66/305 kB | 74/186 kB | 0/2.3 MB
Progress (4): 33 kB | 66/305 kB | 74/186 kB | 0/2.3 MB
Progress (4): 33 kB | 66/305 kB | 74/186 kB | 0/2.3 MB
Progress (4): 33 kB | 66/305 kB | 74/186 kB | 0.1/2.3 MB
Progress (4): 33 kB | 66/305 kB | 74/186 kB | 0.1/2.3 MB
Progress (5): 33 kB | 66/305 kB | 74/186 kB | 0.1/2.3 MB | 4.1/81 kB
                                                                    
Downloaded from central: https://repo.maven.apache.org/maven2/org/ow2/asm/asm-analysis/7.0/asm-analysis-7.0.jar (33 kB at 44 kB/s)
Progress (4): 66/305 kB | 74/186 kB | 0.1/2.3 MB | 8.2/81 kB
Progress (4): 66/305 kB | 74/186 kB | 0.1/2.3 MB | 12/81 kB 
Progress (4): 66/305 kB | 74/186 kB | 0.1/2.3 MB | 16/81 kB
Progress (4): 66/305 kB | 74/186 kB | 0.1/2.3 MB | 20/81 kB
Progress (4): 66/305 kB | 74/186 kB | 0.1/2.3 MB | 25/81 kB
Progress (4): 66/305 kB | 74/186 kB | 0.1/2.3 MB | 29/81 kB
Progress (4): 66/305 kB | 74/186 kB | 0.1/2.3 MB | 33/81 kB
Progress (4): 66/305 kB | 74/186 kB | 0.1/2.3 MB | 37/81 kB
Progress (4): 66/305 kB | 74/186 kB | 0.1/2.3 MB | 41/81 kB
Progress (4): 66/305 kB | 74/186 kB | 0.1/2.3 MB | 45/81 kB
Progress (4): 66/305 kB | 78/186 kB | 0.1/2.3 MB | 45/81 kB
Progress (4): 66/305 kB | 82/186 kB | 0.1/2.3 MB | 45/81 kB
Progress (4): 66/305 kB | 86/186 kB | 0.1/2.3 MB | 45/81 kB
Progress (4): 66/305 kB | 90/186 kB | 0.1/2.3 MB | 45/81 kB
Progress (4): 70/305 kB | 90/186 kB | 0.1/2.3 MB | 45/81 kB
Progress (4): 74/305 kB | 90/186 kB | 0.1/2.3 MB | 45/81 kB
Progress (4): 78/305 kB | 90/186 kB | 0.1/2.3 MB | 45/81 kB
Progress (4): 82/305 kB | 90/186 kB | 0.1/2.3 MB | 45/81 kB
Progress (4): 86/305 kB | 90/186 kB | 0.1/2.3 MB | 45/81 kB
Progress (4): 90/305 kB | 90/186 kB | 0.1/2.3 MB | 45/81 kB
Progress (4): 94/305 kB | 90/186 kB | 0.1/2.3 MB | 45/81 kB
Progress (4): 98/305 kB | 90/186 kB | 0.1/2.3 MB | 45/81 kB
Progress (4): 102/305 kB | 90/186 kB | 0.1/2.3 MB | 45/81 kB
Progress (4): 106/305 kB | 90/186 kB | 0.1/2.3 MB | 45/81 kB
Progress (4): 111/305 kB | 90/186 kB | 0.1/2.3 MB | 45/81 kB
Progress (4): 115/305 kB | 90/186 kB | 0.1/2.3 MB | 45/81 kB
Progress (4): 115/305 kB | 94/186 kB | 0.1/2.3 MB | 45/81 kB
Progress (4): 115/305 kB | 98/186 kB | 0.1/2.3 MB | 45/81 kB
Progress (4): 115/305 kB | 102/186 kB | 0.1/2.3 MB | 45/81 kB
Progress (4): 115/305 kB | 106/186 kB | 0.1/2.3 MB | 45/81 kB
Progress (4): 115/305 kB | 106/186 kB | 0.1/2.3 MB | 49/81 kB
Progress (4): 115/305 kB | 106/186 kB | 0.1/2.3 MB | 53/81 kB
Progress (4): 115/305 kB | 106/186 kB | 0.1/2.3 MB | 57/81 kB
Progress (4): 115/305 kB | 106/186 kB | 0.1/2.3 MB | 61/81 kB
Progress (4): 115/305 kB | 106/186 kB | 0.1/2.3 MB | 66/81 kB
Progress (4): 115/305 kB | 106/186 kB | 0.1/2.3 MB | 70/81 kB
Progress (4): 115/305 kB | 106/186 kB | 0.1/2.3 MB | 74/81 kB
Progress (4): 115/305 kB | 106/186 kB | 0.1/2.3 MB | 78/81 kB
Progress (4): 115/305 kB | 106/186 kB | 0.1/2.3 MB | 78/81 kB
Progress (4): 115/305 kB | 106/186 kB | 0.1/2.3 MB | 78/81 kB
Progress (4): 115/305 kB | 106/186 kB | 0.1/2.3 MB | 78/81 kB
Progress (4): 115/305 kB | 106/186 kB | 0.1/2.3 MB | 78/81 kB
Progress (4): 115/305 kB | 106/186 kB | 0.2/2.3 MB | 78/81 kB
Progress (4): 119/305 kB | 106/186 kB | 0.2/2.3 MB | 78/81 kB
Progress (4): 123/305 kB | 106/186 kB | 0.2/2.3 MB | 78/81 kB
Progress (4): 127/305 kB | 106/186 kB | 0.2/2.3 MB | 78/81 kB
Progress (4): 131/305 kB | 106/186 kB | 0.2/2.3 MB | 78/81 kB
Progress (4): 135/305 kB | 106/186 kB | 0.2/2.3 MB | 78/81 kB
Progress (4): 139/305 kB | 106/186 kB | 0.2/2.3 MB | 78/81 kB
Progress (4): 143/305 kB | 106/186 kB | 0.2/2.3 MB | 78/81 kB
Progress (4): 147/305 kB | 106/186 kB | 0.2/2.3 MB | 78/81 kB
Progress (4): 147/305 kB | 111/186 kB | 0.2/2.3 MB | 78/81 kB
Progress (4): 147/305 kB | 115/186 kB | 0.2/2.3 MB | 78/81 kB
Progress (4): 147/305 kB | 119/186 kB | 0.2/2.3 MB | 78/81 kB
Progress (4): 147/305 kB | 123/186 kB | 0.2/2.3 MB | 78/81 kB
Progress (4): 147/305 kB | 127/186 kB | 0.2/2.3 MB | 78/81 kB
Progress (4): 147/305 kB | 131/186 kB | 0.2/2.3 MB | 78/81 kB
Progress (4): 147/305 kB | 135/186 kB | 0.2/2.3 MB | 78/81 kB
Progress (4): 147/305 kB | 139/186 kB | 0.2/2.3 MB | 78/81 kB
Progress (4): 147/305 kB | 143/186 kB | 0.2/2.3 MB | 78/81 kB
Progress (4): 147/305 kB | 147/186 kB | 0.2/2.3 MB | 78/81 kB
Progress (4): 147/305 kB | 147/186 kB | 0.2/2.3 MB | 81 kB   
Progress (4): 152/305 kB | 147/186 kB | 0.2/2.3 MB | 81 kB
Progress (4): 156/305 kB | 147/186 kB | 0.2/2.3 MB | 81 kB
Progress (4): 160/305 kB | 147/186 kB | 0.2/2.3 MB | 81 kB
Progress (4): 164/305 kB | 147/186 kB | 0.2/2.3 MB | 81 kB
Progress (4): 168/305 kB | 147/186 kB | 0.2/2.3 MB | 81 kB
Progress (4): 168/305 kB | 152/186 kB | 0.2/2.3 MB | 81 kB
Progress (4): 168/305 kB | 156/186 kB | 0.2/2.3 MB | 81 kB
                                                          
Downloaded from central: https://repo.maven.apache.org/maven2/org/ow2/asm/asm-util/7.0-beta/asm-util-7.0-beta.jar (81 kB at 101 kB/s)
Progress (3): 168/305 kB | 160/186 kB | 0.2/2.3 MB
Progress (3): 168/305 kB | 164/186 kB | 0.2/2.3 MB
Progress (3): 168/305 kB | 164/186 kB | 0.2/2.3 MB
Progress (3): 168/305 kB | 168/186 kB | 0.2/2.3 MB
Progress (3): 168/305 kB | 172/186 kB | 0.2/2.3 MB
Progress (3): 168/305 kB | 176/186 kB | 0.2/2.3 MB
Progress (3): 168/305 kB | 180/186 kB | 0.2/2.3 MB
Progress (3): 168/305 kB | 184/186 kB | 0.2/2.3 MB
Progress (3): 168/305 kB | 186 kB | 0.2/2.3 MB    
Progress (3): 168/305 kB | 186 kB | 0.2/2.3 MB
Progress (3): 168/305 kB | 186 kB | 0.2/2.3 MB
Progress (3): 168/305 kB | 186 kB | 0.2/2.3 MB
Progress (3): 168/305 kB | 186 kB | 0.2/2.3 MB
Progress (3): 172/305 kB | 186 kB | 0.2/2.3 MB
Progress (3): 176/305 kB | 186 kB | 0.2/2.3 MB
Progress (3): 180/305 kB | 186 kB | 0.2/2.3 MB
Progress (3): 184/305 kB | 186 kB | 0.2/2.3 MB
Progress (3): 188/305 kB | 186 kB | 0.2/2.3 MB
Progress (3): 193/305 kB | 186 kB | 0.2/2.3 MB
Progress (3): 197/305 kB | 186 kB | 0.2/2.3 MB
Progress (3): 201/305 kB | 186 kB | 0.2/2.3 MB
Progress (3): 205/305 kB | 186 kB | 0.2/2.3 MB
Progress (3): 209/305 kB | 186 kB | 0.2/2.3 MB
Progress (3): 213/305 kB | 186 kB | 0.2/2.3 MB
Progress (3): 217/305 kB | 186 kB | 0.2/2.3 MB
                                              
Downloaded from central: https://repo.maven.apache.org/maven2/org/vafer/jdependency/2.1.1/jdependency-2.1.1.jar (186 kB at 227 kB/s)
Progress (2): 221/305 kB | 0.2/2.3 MB
Progress (2): 225/305 kB | 0.2/2.3 MB
Progress (2): 229/305 kB | 0.2/2.3 MB
Progress (2): 233/305 kB | 0.2/2.3 MB
Progress (2): 238/305 kB | 0.2/2.3 MB
Progress (2): 242/305 kB | 0.2/2.3 MB
Progress (2): 242/305 kB | 0.3/2.3 MB
Progress (2): 242/305 kB | 0.3/2.3 MB
Progress (2): 242/305 kB | 0.3/2.3 MB
Progress (2): 242/305 kB | 0.3/2.3 MB
Progress (2): 246/305 kB | 0.3/2.3 MB
Progress (2): 250/305 kB | 0.3/2.3 MB
Progress (2): 254/305 kB | 0.3/2.3 MB
Progress (2): 258/305 kB | 0.3/2.3 MB
Progress (2): 262/305 kB | 0.3/2.3 MB
Progress (2): 266/305 kB | 0.3/2.3 MB
Progress (2): 270/305 kB | 0.3/2.3 MB
Progress (2): 274/305 kB | 0.3/2.3 MB
Progress (2): 279/305 kB | 0.3/2.3 MB
Progress (2): 283/305 kB | 0.3/2.3 MB
Progress (2): 287/305 kB | 0.3/2.3 MB
Progress (2): 291/305 kB | 0.3/2.3 MB
Progress (2): 291/305 kB | 0.3/2.3 MB
Progress (2): 291/305 kB | 0.3/2.3 MB
Progress (2): 291/305 kB | 0.4/2.3 MB
Progress (2): 291/305 kB | 0.4/2.3 MB
Progress (2): 291/305 kB | 0.4/2.3 MB
Progress (2): 295/305 kB | 0.4/2.3 MB
Progress (2): 299/305 kB | 0.4/2.3 MB
Progress (2): 303/305 kB | 0.4/2.3 MB
Progress (2): 305 kB | 0.4/2.3 MB    
                                 
Downloaded from central: https://repo.maven.apache.org/maven2/org/jdom/jdom2/2.0.6/jdom2-2.0.6.jar (305 kB at 360 kB/s)
Progress (1): 0.4/2.3 MB
Progress (1): 0.4/2.3 MB
Progress (1): 0.4/2.3 MB
Progress (1): 0.5/2.3 MB
Progress (1): 0.5/2.3 MB
Progress (1): 0.5/2.3 MB
Progress (1): 0.5/2.3 MB
Progress (1): 0.5/2.3 MB
Progress (1): 0.5/2.3 MB
Progress (1): 0.6/2.3 MB
Progress (1): 0.6/2.3 MB
Progress (1): 0.6/2.3 MB
Progress (1): 0.6/2.3 MB
Progress (1): 0.6/2.3 MB
Progress (1): 0.6/2.3 MB
Progress (1): 0.7/2.3 MB
Progress (1): 0.7/2.3 MB
Progress (1): 0.7/2.3 MB
Progress (1): 0.7/2.3 MB
Progress (1): 0.7/2.3 MB
Progress (1): 0.7/2.3 MB
Progress (1): 0.8/2.3 MB
Progress (1): 0.8/2.3 MB
Progress (1): 0.8/2.3 MB
Progress (1): 0.8/2.3 MB
Progress (1): 0.8/2.3 MB
Progress (1): 0.8/2.3 MB
Progress (1): 0.8/2.3 MB
Progress (1): 0.9/2.3 MB
Progress (1): 0.9/2.3 MB
Progress (1): 0.9/2.3 MB
Progress (1): 0.9/2.3 MB
Progress (1): 0.9/2.3 MB
Progress (1): 0.9/2.3 MB
Progress (1): 1.0/2.3 MB
Progress (1): 1.0/2.3 MB
Progress (1): 1.0/2.3 MB
Progress (1): 1.0/2.3 MB
Progress (1): 1.0/2.3 MB
Progress (1): 1.0/2.3 MB
Progress (1): 1.1/2.3 MB
Progress (1): 1.1/2.3 MB
Progress (1): 1.1/2.3 MB
Progress (1): 1.1/2.3 MB
Progress (1): 1.1/2.3 MB
Progress (1): 1.1/2.3 MB
Progress (1): 1.2/2.3 MB
Progress (1): 1.2/2.3 MB
Progress (1): 1.2/2.3 MB
Progress (1): 1.2/2.3 MB
Progress (1): 1.2/2.3 MB
Progress (1): 1.2/2.3 MB
Progress (1): 1.3/2.3 MB
Progress (1): 1.3/2.3 MB
Progress (1): 1.3/2.3 MB
Progress (1): 1.3/2.3 MB
Progress (1): 1.3/2.3 MB
Progress (1): 1.3/2.3 MB
Progress (1): 1.4/2.3 MB
Progress (1): 1.4/2.3 MB
Progress (1): 1.4/2.3 MB
Progress (1): 1.4/2.3 MB
Progress (1): 1.4/2.3 MB
Progress (1): 1.4/2.3 MB
Progress (1): 1.4/2.3 MB
Progress (1): 1.5/2.3 MB
Progress (1): 1.5/2.3 MB
Progress (1): 1.5/2.3 MB
Progress (1): 1.5/2.3 MB
Progress (1): 1.5/2.3 MB
Progress (1): 1.5/2.3 MB
Progress (1): 1.6/2.3 MB
Progress (1): 1.6/2.3 MB
Progress (1): 1.6/2.3 MB
Progress (1): 1.6/2.3 MB
Progress (1): 1.6/2.3 MB
Progress (1): 1.6/2.3 MB
Progress (1): 1.7/2.3 MB
Progress (1): 1.7/2.3 MB
Progress (1): 1.7/2.3 MB
Progress (1): 1.7/2.3 MB
Progress (1): 1.7/2.3 MB
Progress (1): 1.7/2.3 MB
Progress (1): 1.8/2.3 MB
Progress (1): 1.8/2.3 MB
Progress (1): 1.8/2.3 MB
Progress (1): 1.8/2.3 MB
Progress (1): 1.8/2.3 MB
Progress (1): 1.8/2.3 MB
Progress (1): 1.9/2.3 MB
Progress (1): 1.9/2.3 MB
Progress (1): 1.9/2.3 MB
Progress (1): 1.9/2.3 MB
Progress (1): 1.9/2.3 MB
Progress (1): 1.9/2.3 MB
Progress (1): 2.0/2.3 MB
Progress (1): 2.0/2.3 MB
Progress (1): 2.0/2.3 MB
Progress (1): 2.0/2.3 MB
Progress (1): 2.0/2.3 MB
Progress (1): 2.0/2.3 MB
Progress (1): 2.1/2.3 MB
Progress (1): 2.1/2.3 MB
Progress (1): 2.1/2.3 MB
Progress (1): 2.1/2.3 MB
Progress (1): 2.1/2.3 MB
Progress (1): 2.1/2.3 MB
Progress (1): 2.1/2.3 MB
Progress (1): 2.2/2.3 MB
Progress (1): 2.2/2.3 MB
Progress (1): 2.2/2.3 MB
Progress (1): 2.2/2.3 MB
Progress (1): 2.2/2.3 MB
Progress (1): 2.2/2.3 MB
Progress (1): 2.3/2.3 MB
Progress (1): 2.3/2.3 MB
Progress (1): 2.3/2.3 MB
Progress (1): 2.3 MB    
                    
Downloaded from central: https://repo.maven.apache.org/maven2/com/google/guava/guava/19.0/guava-19.0.jar (2.3 MB at 2.3 MB/s)
[INFO] Replacing main artifact with repackaged archive
[INFO] ------------------------------------------------------------------------
[INFO] BUILD SUCCESS
[INFO] ------------------------------------------------------------------------
[INFO] Total time:  26.598 s
[INFO] Finished at: 2021-05-27T11:22:52Z
[INFO] ------------------------------------------------------------------------
Finished: SUCCESS